<?xml version="1.0" encoding="utf-8"?>
<CoverageSession xmlns:xsd="http://www.w3.org/2001/XMLSchema" xmlns:xsi="http://www.w3.org/2001/XMLSchema-instance" Version="0.0.0.0">
  <Summary numSequencePoints="88" visitedSequencePoints="76" numBranchPoints="0" visitedBranchPoints="0" sequenceCoverage="86.36" branchCoverage="0.0" maxCyclomaticComplexity="0" minCyclomaticComplexity="0" maxCrapScore="0" minCrapScore="0" visitedClasses="9" numClasses="9" visitedMethods="12" numMethods="12" />
  <Modules>
    <Module>
      <Summary numSequencePoints="55" visitedSequencePoints="43" numBranchPoints="0" visitedBranchPoints="0" sequenceCoverage="78.18" branchCoverage="0.0" maxCyclomaticComplexity="0" minCyclomaticComplexity="0" maxCrapScore="0" minCrapScore="0" visitedClasses="4" numClasses="4" visitedMethods="4" numMethods="4" />
      <ModuleTime>0001-01-01T00:00:00</ModuleTime>
      <ModuleName>API.Runtime</ModuleName>
      <Files>
        <File uid="37" fullPath="C:/Users/danny/OneDrive/Desktop/Tese/Shop-Floor-Digital-Twin-main/Assets/API/APIscript.cs" />
        <File uid="38" fullPath="C:/Users/danny/OneDrive/Desktop/Tese/Shop-Floor-Digital-Twin-main/Assets/API/CamundaAPIscript.cs" />
      </Files>
      <Classes>
        <Class>
          <Summary numSequencePoints="1" visitedSequencePoints="1" numBranchPoints="0" visitedBranchPoints="0" sequenceCoverage="100.0" branchCoverage="0.0" maxCyclomaticComplexity="0" minCyclomaticComplexity="0" maxCrapScore="0" minCrapScore="0" visitedClasses="1" numClasses="1" visitedMethods="1" numMethods="1" />
          <FullName>API.APIscript/&lt;&gt;c__DisplayClass26_0</FullName>
          <Methods>
            <Method visited="true" cyclomaticComplexity="0" nPathComplexity="0" sequenceCoverage="100.0" branchCoverage="0" crapScore="0" isConstructor="false" isStatic="false" isGetter="false" isSetter="false">
              <Summary numSequencePoints="1" visitedSequencePoints="1" numBranchPoints="0" visitedBranchPoints="0" sequenceCoverage="100.0" branchCoverage="0" maxCyclomaticComplexity="0" minCyclomaticComplexity="0" maxCrapScore="0" minCrapScore="0" visitedClasses="0" numClasses="0" visitedMethods="1" numMethods="1" />
              <MetadataToken>100663433</MetadataToken>
              <Name>System.Void API.APIscript/&lt;&gt;c__DisplayClass26_0::&lt;LoginRequestAsync&gt;b__0(UnityEngine.AsyncOperation)</Name>
              <FileRef uid="37" />
              <SequencePoints>
                <SequencePoint vc="1" uspid="6670" ordinal="0" offset="0" sl="71" sc="46" el="71" ec="46" bec="0" bev="0" fileid="37">
                  <TrackedMethodRefs>
                    <TrackedMethodRef uid="0" vc="1" />
                  </TrackedMethodRefs>
                </SequencePoint>
              </SequencePoints>
              <BranchPoints />
            </Method>
          </Methods>
        </Class>
        <Class>
          <Summary numSequencePoints="1" visitedSequencePoints="1" numBranchPoints="0" visitedBranchPoints="0" sequenceCoverage="100.0" branchCoverage="0.0" maxCyclomaticComplexity="0" minCyclomaticComplexity="0" maxCrapScore="0" minCrapScore="0" visitedClasses="1" numClasses="1" visitedMethods="1" numMethods="1" />
          <FullName>API.APIscript/&lt;&gt;c__DisplayClass76_0</FullName>
          <Methods>
            <Method visited="true" cyclomaticComplexity="0" nPathComplexity="0" sequenceCoverage="100.0" branchCoverage="0" crapScore="0" isConstructor="false" isStatic="false" isGetter="false" isSetter="false">
              <Summary numSequencePoints="1" visitedSequencePoints="1" numBranchPoints="0" visitedBranchPoints="0" sequenceCoverage="100.0" branchCoverage="0" maxCyclomaticComplexity="0" minCyclomaticComplexity="0" maxCrapScore="0" minCrapScore="0" visitedClasses="0" numClasses="0" visitedMethods="1" numMethods="1" />
              <MetadataToken>100663453</MetadataToken>
              <Name>System.Void API.APIscript/&lt;&gt;c__DisplayClass76_0::&lt;GetActivityAndLocationHistoryAsync&gt;b__0(UnityEngine.AsyncOperation)</Name>
              <FileRef uid="37" />
              <SequencePoints>
                <SequencePoint vc="1" uspid="6680" ordinal="0" offset="0" sl="658" sc="46" el="658" ec="46" bec="0" bev="0" fileid="37">
                  <TrackedMethodRefs>
                    <TrackedMethodRef uid="0" vc="1" />
                  </TrackedMethodRefs>
                </SequencePoint>
              </SequencePoints>
              <BranchPoints />
            </Method>
          </Methods>
        </Class>
        <Class>
          <Summary numSequencePoints="17" visitedSequencePoints="16" numBranchPoints="0" visitedBranchPoints="0" sequenceCoverage="94.12" branchCoverage="0.0" maxCyclomaticComplexity="0" minCyclomaticComplexity="0" maxCrapScore="0" minCrapScore="0" visitedClasses="1" numClasses="1" visitedMethods="1" numMethods="1" />
          <FullName>API.APIscript/&lt;GetActivityAndLocationHistoryAsync&gt;d__76</FullName>
          <Methods>
            <Method visited="true" cyclomaticComplexity="0" nPathComplexity="0" sequenceCoverage="94.12" branchCoverage="0" crapScore="0" isConstructor="false" isStatic="false" isGetter="false" isSetter="false">
              <Summary numSequencePoints="17" visitedSequencePoints="16" numBranchPoints="0" visitedBranchPoints="0" sequenceCoverage="94.12" branchCoverage="0" maxCyclomaticComplexity="0" minCyclomaticComplexity="0" maxCrapScore="0" minCrapScore="0" visitedClasses="0" numClasses="0" visitedMethods="1" numMethods="1" />
              <MetadataToken>100663466</MetadataToken>
              <Name>System.Void API.APIscript/&lt;GetActivityAndLocationHistoryAsync&gt;d__76::MoveNext()</Name>
              <FileRef uid="37" />
              <SequencePoints>
                <SequencePoint vc="1" uspid="6718" ordinal="0" offset="26" sl="645" sc="13" el="645" ec="13" bec="0" bev="0" fileid="37">
                  <TrackedMethodRefs>
                    <TrackedMethodRef uid="0" vc="1" />
                  </TrackedMethodRefs>
                </SequencePoint>
                <SequencePoint vc="1" uspid="6719" ordinal="0" offset="36" sl="646" sc="13" el="646" ec="13" bec="0" bev="0" fileid="37">
                  <TrackedMethodRefs>
                    <TrackedMethodRef uid="0" vc="1" />
                  </TrackedMethodRefs>
                </SequencePoint>
                <SequencePoint vc="1" uspid="6720" ordinal="0" offset="57" sl="648" sc="13" el="648" ec="13" bec="0" bev="0" fileid="37">
                  <TrackedMethodRefs>
                    <TrackedMethodRef uid="0" vc="1" />
                  </TrackedMethodRefs>
                </SequencePoint>
                <SequencePoint vc="1" uspid="6721" ordinal="0" offset="70" sl="650" sc="17" el="650" ec="17" bec="0" bev="0" fileid="37">
                  <TrackedMethodRefs>
                    <TrackedMethodRef uid="0" vc="1" />
                  </TrackedMethodRefs>
                </SequencePoint>
                <SequencePoint vc="1" uspid="6722" ordinal="0" offset="102" sl="653" sc="13" el="653" ec="13" bec="0" bev="0" fileid="37">
                  <TrackedMethodRefs>
                    <TrackedMethodRef uid="0" vc="1" />
                  </TrackedMethodRefs>
                </SequencePoint>
                <SequencePoint vc="1" uspid="6723" ordinal="0" offset="118" sl="655" sc="13" el="655" ec="13" bec="0" bev="0" fileid="37">
                  <TrackedMethodRefs>
                    <TrackedMethodRef uid="0" vc="1" />
                  </TrackedMethodRefs>
                </SequencePoint>
                <SequencePoint vc="1" uspid="6724" ordinal="0" offset="129" sl="656" sc="13" el="656" ec="13" bec="0" bev="0" fileid="37">
                  <TrackedMethodRefs>
                    <TrackedMethodRef uid="0" vc="1" />
                  </TrackedMethodRefs>
                </SequencePoint>
                <SequencePoint vc="1" uspid="6725" ordinal="0" offset="140" sl="658" sc="13" el="658" ec="13" bec="0" bev="0" fileid="37">
                  <TrackedMethodRefs>
                    <TrackedMethodRef uid="0" vc="1" />
                  </TrackedMethodRefs>
                </SequencePoint>
                <SequencePoint vc="1" uspid="6726" ordinal="0" offset="157" sl="659" sc="13" el="659" ec="13" bec="0" bev="0" fileid="37">
                  <TrackedMethodRefs>
                    <TrackedMethodRef uid="0" vc="1" />
                  </TrackedMethodRefs>
                </SequencePoint>
                <SequencePoint vc="1" uspid="6727" ordinal="0" offset="192" sl="659" sc="13" el="659" ec="13" bec="0" bev="0" fileid="37">
                  <TrackedMethodRefs>
                    <TrackedMethodRef uid="0" vc="1" />
                  </TrackedMethodRefs>
                </SequencePoint>
                <SequencePoint vc="1" uspid="6728" ordinal="0" offset="218" sl="659" sc="13" el="659" ec="13" bec="0" bev="0" fileid="37">
                  <TrackedMethodRefs>
                    <TrackedMethodRef uid="0" vc="1" />
                  </TrackedMethodRefs>
                </SequencePoint>
                <SequencePoint vc="1" uspid="6729" ordinal="0" offset="254" sl="661" sc="13" el="661" ec="13" bec="0" bev="0" fileid="37">
                  <TrackedMethodRefs>
                    <TrackedMethodRef uid="0" vc="1" />
                  </TrackedMethodRefs>
                </SequencePoint>
                <SequencePoint vc="1" uspid="6730" ordinal="0" offset="268" sl="663" sc="17" el="663" ec="17" bec="0" bev="0" fileid="37">
                  <TrackedMethodRefs>
                    <TrackedMethodRef uid="0" vc="1" />
                  </TrackedMethodRefs>
                </SequencePoint>
                <SequencePoint vc="1" uspid="6731" ordinal="0" offset="295" sl="664" sc="17" el="664" ec="17" bec="0" bev="0" fileid="37">
                  <TrackedMethodRefs>
                    <TrackedMethodRef uid="0" vc="1" />
                  </TrackedMethodRefs>
                </SequencePoint>
                <SequencePoint vc="1" uspid="6732" ordinal="0" offset="305" sl="665" sc="17" el="665" ec="17" bec="0" bev="0" fileid="37">
                  <TrackedMethodRefs>
                    <TrackedMethodRef uid="0" vc="1" />
                  </TrackedMethodRefs>
                </SequencePoint>
                <SequencePoint vc="0" uspid="6733" ordinal="0" offset="330" sl="669" sc="17" el="669" ec="17" bec="0" bev="0" fileid="37">
                  <TrackedMethodRefs>
                    <TrackedMethodRef uid="0" vc="0" />
                  </TrackedMethodRefs>
                </SequencePoint>
                <SequencePoint vc="1" uspid="6734" ordinal="0" offset="390" sl="671" sc="9" el="671" ec="9" bec="0" bev="0" fileid="37">
                  <TrackedMethodRefs>
                    <TrackedMethodRef uid="0" vc="1" />
                  </TrackedMethodRefs>
                </SequencePoint>
              </SequencePoints>
              <BranchPoints />
            </Method>
          </Methods>
        </Class>
        <Class>
          <Summary numSequencePoints="36" visitedSequencePoints="25" numBranchPoints="0" visitedBranchPoints="0" sequenceCoverage="69.44" branchCoverage="0.0" maxCyclomaticComplexity="0" minCyclomaticComplexity="0" maxCrapScore="0" minCrapScore="0" visitedClasses="1" numClasses="1" visitedMethods="1" numMethods="1" />
          <FullName>API.APIscript/&lt;LoginRequestAsync&gt;d__26</FullName>
          <Methods>
            <Method visited="true" cyclomaticComplexity="0" nPathComplexity="0" sequenceCoverage="69.44" branchCoverage="0" crapScore="0" isConstructor="false" isStatic="false" isGetter="false" isSetter="false">
              <Summary numSequencePoints="36" visitedSequencePoints="25" numBranchPoints="0" visitedBranchPoints="0" sequenceCoverage="69.44" branchCoverage="0" maxCyclomaticComplexity="0" minCyclomaticComplexity="0" maxCrapScore="0" minCrapScore="0" visitedClasses="0" numClasses="0" visitedMethods="1" numMethods="1" />
              <MetadataToken>100663484</MetadataToken>
              <Name>System.Void API.APIscript/&lt;LoginRequestAsync&gt;d__26::MoveNext()</Name>
              <FileRef uid="37" />
              <SequencePoints>
                <SequencePoint vc="1" uspid="6878" ordinal="0" offset="42" sl="60" sc="13" el="60" ec="13" bec="0" bev="0" fileid="37">
                  <TrackedMethodRefs>
                    <TrackedMethodRef uid="0" vc="1" />
                  </TrackedMethodRefs>
                </SequencePoint>
                <SequencePoint vc="1" uspid="6879" ordinal="0" offset="63" sl="61" sc="13" el="61" ec="13" bec="0" bev="0" fileid="37">
                  <TrackedMethodRefs>
                    <TrackedMethodRef uid="0" vc="1" />
                  </TrackedMethodRefs>
                </SequencePoint>
                <SequencePoint vc="1" uspid="6880" ordinal="0" offset="84" sl="62" sc="13" el="62" ec="13" bec="0" bev="0" fileid="37">
                  <TrackedMethodRefs>
                    <TrackedMethodRef uid="0" vc="1" />
                  </TrackedMethodRefs>
                </SequencePoint>
                <SequencePoint vc="1" uspid="6881" ordinal="0" offset="138" sl="63" sc="13" el="63" ec="13" bec="0" bev="0" fileid="37">
                  <TrackedMethodRefs>
                    <TrackedMethodRef uid="0" vc="1" />
                  </TrackedMethodRefs>
                </SequencePoint>
                <SequencePoint vc="1" uspid="6882" ordinal="0" offset="151" sl="64" sc="13" el="64" ec="13" bec="0" bev="0" fileid="37">
                  <TrackedMethodRefs>
                    <TrackedMethodRef uid="0" vc="1" />
                  </TrackedMethodRefs>
                </SequencePoint>
                <SequencePoint vc="1" uspid="6883" ordinal="0" offset="169" sl="65" sc="13" el="65" ec="13" bec="0" bev="0" fileid="37">
                  <TrackedMethodRefs>
                    <TrackedMethodRef uid="0" vc="1" />
                  </TrackedMethodRefs>
                </SequencePoint>
                <SequencePoint vc="1" uspid="6884" ordinal="0" offset="190" sl="66" sc="13" el="66" ec="13" bec="0" bev="0" fileid="37">
                  <TrackedMethodRefs>
                    <TrackedMethodRef uid="0" vc="1" />
                  </TrackedMethodRefs>
                </SequencePoint>
                <SequencePoint vc="1" uspid="6885" ordinal="0" offset="206" sl="68" sc="13" el="68" ec="13" bec="0" bev="0" fileid="37">
                  <TrackedMethodRefs>
                    <TrackedMethodRef uid="0" vc="1" />
                  </TrackedMethodRefs>
                </SequencePoint>
                <SequencePoint vc="1" uspid="6886" ordinal="0" offset="217" sl="69" sc="13" el="69" ec="13" bec="0" bev="0" fileid="37">
                  <TrackedMethodRefs>
                    <TrackedMethodRef uid="0" vc="1" />
                  </TrackedMethodRefs>
                </SequencePoint>
                <SequencePoint vc="1" uspid="6887" ordinal="0" offset="228" sl="71" sc="13" el="71" ec="13" bec="0" bev="0" fileid="37">
                  <TrackedMethodRefs>
                    <TrackedMethodRef uid="0" vc="1" />
                  </TrackedMethodRefs>
                </SequencePoint>
                <SequencePoint vc="1" uspid="6888" ordinal="0" offset="245" sl="73" sc="13" el="73" ec="13" bec="0" bev="0" fileid="37">
                  <TrackedMethodRefs>
                    <TrackedMethodRef uid="0" vc="1" />
                  </TrackedMethodRefs>
                </SequencePoint>
                <SequencePoint vc="1" uspid="6889" ordinal="0" offset="281" sl="73" sc="13" el="73" ec="13" bec="0" bev="0" fileid="37">
                  <TrackedMethodRefs>
                    <TrackedMethodRef uid="0" vc="1" />
                  </TrackedMethodRefs>
                </SequencePoint>
                <SequencePoint vc="1" uspid="6890" ordinal="0" offset="308" sl="73" sc="13" el="73" ec="13" bec="0" bev="0" fileid="37">
                  <TrackedMethodRefs>
                    <TrackedMethodRef uid="0" vc="1" />
                  </TrackedMethodRefs>
                </SequencePoint>
                <SequencePoint vc="1" uspid="6891" ordinal="0" offset="345" sl="75" sc="13" el="75" ec="13" bec="0" bev="0" fileid="37">
                  <TrackedMethodRefs>
                    <TrackedMethodRef uid="0" vc="1" />
                  </TrackedMethodRefs>
                </SequencePoint>
                <SequencePoint vc="1" uspid="6892" ordinal="0" offset="362" sl="77" sc="13" el="77" ec="13" bec="0" bev="0" fileid="37">
                  <TrackedMethodRefs>
                    <TrackedMethodRef uid="0" vc="1" />
                  </TrackedMethodRefs>
                </SequencePoint>
                <SequencePoint vc="0" uspid="6893" ordinal="0" offset="379" sl="79" sc="17" el="79" ec="17" bec="0" bev="0" fileid="37">
                  <TrackedMethodRefs>
                    <TrackedMethodRef uid="0" vc="0" />
                  </TrackedMethodRefs>
                </SequencePoint>
                <SequencePoint vc="0" uspid="6894" ordinal="0" offset="405" sl="80" sc="17" el="80" ec="17" bec="0" bev="0" fileid="37">
                  <TrackedMethodRefs>
                    <TrackedMethodRef uid="0" vc="0" />
                  </TrackedMethodRefs>
                </SequencePoint>
                <SequencePoint vc="0" uspid="6895" ordinal="0" offset="416" sl="80" sc="45" el="80" ec="45" bec="0" bev="0" fileid="37">
                  <TrackedMethodRefs>
                    <TrackedMethodRef uid="0" vc="0" />
                  </TrackedMethodRefs>
                </SequencePoint>
                <SequencePoint vc="0" uspid="6896" ordinal="0" offset="468" sl="80" sc="45" el="80" ec="45" bec="0" bev="0" fileid="37">
                  <TrackedMethodRefs>
                    <TrackedMethodRef uid="0" vc="0" />
                  </TrackedMethodRefs>
                </SequencePoint>
                <SequencePoint vc="0" uspid="6897" ordinal="0" offset="495" sl="80" sc="45" el="80" ec="45" bec="0" bev="0" fileid="37">
                  <TrackedMethodRefs>
                    <TrackedMethodRef uid="0" vc="0" />
                  </TrackedMethodRefs>
                </SequencePoint>
                <SequencePoint vc="1" uspid="6898" ordinal="0" offset="536" sl="84" sc="17" el="84" ec="17" bec="0" bev="0" fileid="37">
                  <TrackedMethodRefs>
                    <TrackedMethodRef uid="0" vc="1" />
                  </TrackedMethodRefs>
                </SequencePoint>
                <SequencePoint vc="1" uspid="6899" ordinal="0" offset="577" sl="85" sc="17" el="85" ec="17" bec="0" bev="0" fileid="37">
                  <TrackedMethodRefs>
                    <TrackedMethodRef uid="0" vc="1" />
                  </TrackedMethodRefs>
                </SequencePoint>
                <SequencePoint vc="1" uspid="6900" ordinal="0" offset="608" sl="86" sc="17" el="86" ec="17" bec="0" bev="0" fileid="37">
                  <TrackedMethodRefs>
                    <TrackedMethodRef uid="0" vc="1" />
                  </TrackedMethodRefs>
                </SequencePoint>
                <SequencePoint vc="1" uspid="6901" ordinal="0" offset="631" sl="88" sc="17" el="88" ec="17" bec="0" bev="0" fileid="37">
                  <TrackedMethodRefs>
                    <TrackedMethodRef uid="0" vc="1" />
                  </TrackedMethodRefs>
                </SequencePoint>
                <SequencePoint vc="1" uspid="6902" ordinal="0" offset="655" sl="90" sc="21" el="90" ec="21" bec="0" bev="0" fileid="37">
                  <TrackedMethodRefs>
                    <TrackedMethodRef uid="0" vc="1" />
                  </TrackedMethodRefs>
                </SequencePoint>
                <SequencePoint vc="1" uspid="6903" ordinal="0" offset="668" sl="91" sc="21" el="91" ec="21" bec="0" bev="0" fileid="37">
                  <TrackedMethodRefs>
                    <TrackedMethodRef uid="0" vc="1" />
                  </TrackedMethodRefs>
                </SequencePoint>
                <SequencePoint vc="1" uspid="6904" ordinal="0" offset="681" sl="92" sc="21" el="92" ec="21" bec="0" bev="0" fileid="37">
                  <TrackedMethodRefs>
                    <TrackedMethodRef uid="0" vc="1" />
                  </TrackedMethodRefs>
                </SequencePoint>
                <SequencePoint vc="1" uspid="6905" ordinal="0" offset="692" sl="92" sc="49" el="92" ec="49" bec="0" bev="0" fileid="37">
                  <TrackedMethodRefs>
                    <TrackedMethodRef uid="0" vc="1" />
                  </TrackedMethodRefs>
                </SequencePoint>
                <SequencePoint vc="0" uspid="6906" ordinal="0" offset="739" sl="92" sc="49" el="92" ec="49" bec="0" bev="0" fileid="37">
                  <TrackedMethodRefs>
                    <TrackedMethodRef uid="0" vc="0" />
                  </TrackedMethodRefs>
                </SequencePoint>
                <SequencePoint vc="0" uspid="6907" ordinal="0" offset="766" sl="92" sc="49" el="92" ec="49" bec="0" bev="0" fileid="37">
                  <TrackedMethodRefs>
                    <TrackedMethodRef uid="0" vc="0" />
                  </TrackedMethodRefs>
                </SequencePoint>
                <SequencePoint vc="0" uspid="6908" ordinal="0" offset="804" sl="96" sc="21" el="96" ec="21" bec="0" bev="0" fileid="37">
                  <TrackedMethodRefs>
                    <TrackedMethodRef uid="0" vc="0" />
                  </TrackedMethodRefs>
                </SequencePoint>
                <SequencePoint vc="0" uspid="6909" ordinal="0" offset="812" sl="96" sc="49" el="96" ec="49" bec="0" bev="0" fileid="37">
                  <TrackedMethodRefs>
                    <TrackedMethodRef uid="0" vc="0" />
                  </TrackedMethodRefs>
                </SequencePoint>
                <SequencePoint vc="0" uspid="6910" ordinal="0" offset="858" sl="96" sc="49" el="96" ec="49" bec="0" bev="0" fileid="37">
                  <TrackedMethodRefs>
                    <TrackedMethodRef uid="0" vc="0" />
                  </TrackedMethodRefs>
                </SequencePoint>
                <SequencePoint vc="0" uspid="6911" ordinal="0" offset="882" sl="96" sc="49" el="96" ec="49" bec="0" bev="0" fileid="37">
                  <TrackedMethodRefs>
                    <TrackedMethodRef uid="0" vc="0" />
                  </TrackedMethodRefs>
                </SequencePoint>
                <SequencePoint vc="1" uspid="6912" ordinal="0" offset="918" sl="98" sc="17" el="98" ec="17" bec="0" bev="0" fileid="37">
                  <TrackedMethodRefs>
                    <TrackedMethodRef uid="0" vc="1" />
                  </TrackedMethodRefs>
                </SequencePoint>
                <SequencePoint vc="1" uspid="6913" ordinal="0" offset="963" sl="100" sc="9" el="100" ec="9" bec="0" bev="0" fileid="37">
                  <TrackedMethodRefs>
                    <TrackedMethodRef uid="0" vc="1" />
                  </TrackedMethodRefs>
                </SequencePoint>
              </SequencePoints>
              <BranchPoints />
            </Method>
          </Methods>
        </Class>
      </Classes>
      <TrackedMethods>
        <TrackedMethod uid="0" token="100663308" name="System.Collections.IEnumerator Tests.APITestPM::GetActivityAndLocationHistoryAsync_AfterLogin_ReturnsValidData()" strategy="Test" />
      </TrackedMethods>
    </Module>
    <Module>
      <Summary numSequencePoints="33" visitedSequencePoints="33" numBranchPoints="0" visitedBranchPoints="0" sequenceCoverage="100.0" branchCoverage="0.0" maxCyclomaticComplexity="0" minCyclomaticComplexity="0" maxCrapScore="0" minCrapScore="0" visitedClasses="5" numClasses="5" visitedMethods="8" numMethods="8" />
      <ModuleTime>0001-01-01T00:00:00</ModuleTime>
      <ModuleName>PlayMode</ModuleName>
      <Files>
        <File uid="39" fullPath="C:/Users/danny/OneDrive/Desktop/Tese/Shop-Floor-Digital-Twin-main/Assets/Tests/PlayMode/APITestsPM.cs" />
      </Files>
      <Classes>
        <Class>
          <Summary numSequencePoints="5" visitedSequencePoints="5" numBranchPoints="0" visitedBranchPoints="0" sequenceCoverage="100.0" branchCoverage="0.0" maxCyclomaticComplexity="0" minCyclomaticComplexity="0" maxCrapScore="0" minCrapScore="0" visitedClasses="1" numClasses="1" visitedMethods="2" numMethods="2" />
          <FullName>Tests.APITestPM</FullName>
          <Methods>
            <Method visited="true" cyclomaticComplexity="0" nPathComplexity="0" sequenceCoverage="100.0" branchCoverage="0" crapScore="0" isConstructor="false" isStatic="false" isGetter="false" isSetter="false">
              <Summary numSequencePoints="3" visitedSequencePoints="3" numBranchPoints="0" visitedBranchPoints="0" sequenceCoverage="100.0" branchCoverage="0" maxCyclomaticComplexity="0" minCyclomaticComplexity="0" maxCrapScore="0" minCrapScore="0" visitedClasses="0" numClasses="0" visitedMethods="1" numMethods="1" />
              <MetadataToken>100663299</MetadataToken>
              <Name>System.Void Tests.APITestPM::Setup()</Name>
              <FileRef uid="39" />
              <SequencePoints>
                <SequencePoint vc="1" uspid="7007" ordinal="0" offset="0" sl="21" sc="13" el="21" ec="13" bec="0" bev="0" fileid="39">
                  <TrackedMethodRefs>
                    <TrackedMethodRef uid="1" vc="1" />
                  </TrackedMethodRefs>
                </SequencePoint>
                <SequencePoint vc="1" uspid="7008" ordinal="0" offset="16" sl="22" sc="13" el="22" ec="13" bec="0" bev="0" fileid="39">
                  <TrackedMethodRefs>
                    <TrackedMethodRef uid="1" vc="1" />
                  </TrackedMethodRefs>
                </SequencePoint>
                <SequencePoint vc="1" uspid="7009" ordinal="0" offset="33" sl="23" sc="9" el="23" ec="9" bec="0" bev="0" fileid="39">
                  <TrackedMethodRefs>
                    <TrackedMethodRef uid="1" vc="1" />
                  </TrackedMethodRefs>
                </SequencePoint>
              </SequencePoints>
              <BranchPoints />
            </Method>
            <Method visited="true" cyclomaticComplexity="0" nPathComplexity="0" sequenceCoverage="100.0" branchCoverage="0" crapScore="0" isConstructor="false" isStatic="false" isGetter="false" isSetter="false">
              <Summary numSequencePoints="2" visitedSequencePoints="2" numBranchPoints="0" visitedBranchPoints="0" sequenceCoverage="100.0" branchCoverage="0" maxCyclomaticComplexity="0" minCyclomaticComplexity="0" maxCrapScore="0" minCrapScore="0" visitedClasses="0" numClasses="0" visitedMethods="1" numMethods="1" />
              <MetadataToken>100663300</MetadataToken>
              <Name>System.Void Tests.APITestPM::TearDown()</Name>
              <FileRef uid="39" />
              <SequencePoints>
                <SequencePoint vc="1" uspid="7010" ordinal="0" offset="0" sl="28" sc="13" el="28" ec="13" bec="0" bev="0" fileid="39">
                  <TrackedMethodRefs>
                    <TrackedMethodRef uid="1" vc="1" />
                  </TrackedMethodRefs>
                </SequencePoint>
                <SequencePoint vc="1" uspid="7011" ordinal="0" offset="11" sl="29" sc="9" el="29" ec="9" bec="0" bev="0" fileid="39">
                  <TrackedMethodRefs>
                    <TrackedMethodRef uid="1" vc="1" />
                  </TrackedMethodRefs>
                </SequencePoint>
              </SequencePoints>
              <BranchPoints />
            </Method>
          </Methods>
        </Class>
        <Class>
          <Summary numSequencePoints="4" visitedSequencePoints="4" numBranchPoints="0" visitedBranchPoints="0" sequenceCoverage="100.0" branchCoverage="0.0" maxCyclomaticComplexity="0" minCyclomaticComplexity="0" maxCrapScore="0" minCrapScore="0" visitedClasses="1" numClasses="1" visitedMethods="2" numMethods="2" />
          <FullName>Tests.APITestPM/&lt;&gt;c__DisplayClass11_0</FullName>
          <Methods>
            <Method visited="true" cyclomaticComplexity="0" nPathComplexity="0" sequenceCoverage="100.0" branchCoverage="0" crapScore="0" isConstructor="false" isStatic="false" isGetter="false" isSetter="false">
              <Summary numSequencePoints="3" visitedSequencePoints="3" numBranchPoints="0" visitedBranchPoints="0" sequenceCoverage="100.0" branchCoverage="0" maxCyclomaticComplexity="0" minCyclomaticComplexity="0" maxCrapScore="0" minCrapScore="0" visitedClasses="0" numClasses="0" visitedMethods="1" numMethods="1" />
              <MetadataToken>100663315</MetadataToken>
              <Name>System.Void Tests.APITestPM/&lt;&gt;c__DisplayClass11_0::&lt;GetActivityAndLocationHistoryAsync_AfterLogin_ReturnsValidData&gt;g__OnEvent|0(System.Collections.Generic.List[ActivityAndLocationHistory])</Name>
              <FileRef uid="39" />
              <SequencePoints>
                <SequencePoint vc="1" uspid="7016" ordinal="0" offset="0" sl="281" sc="17" el="281" ec="17" bec="0" bev="0" fileid="39">
                  <TrackedMethodRefs>
                    <TrackedMethodRef uid="1" vc="1" />
                  </TrackedMethodRefs>
                </SequencePoint>
                <SequencePoint vc="1" uspid="7017" ordinal="0" offset="7" sl="282" sc="17" el="282" ec="17" bec="0" bev="0" fileid="39">
                  <TrackedMethodRefs>
                    <TrackedMethodRef uid="1" vc="1" />
                  </TrackedMethodRefs>
                </SequencePoint>
                <SequencePoint vc="1" uspid="7018" ordinal="0" offset="14" sl="283" sc="13" el="283" ec="13" bec="0" bev="0" fileid="39">
                  <TrackedMethodRefs>
                    <TrackedMethodRef uid="1" vc="1" />
                  </TrackedMethodRefs>
                </SequencePoint>
              </SequencePoints>
              <BranchPoints />
            </Method>
            <Method visited="true" cyclomaticComplexity="0" nPathComplexity="0" sequenceCoverage="100.0" branchCoverage="0" crapScore="0" isConstructor="false" isStatic="false" isGetter="false" isSetter="false">
              <Summary numSequencePoints="1" visitedSequencePoints="1" numBranchPoints="0" visitedBranchPoints="0" sequenceCoverage="100.0" branchCoverage="0" maxCyclomaticComplexity="0" minCyclomaticComplexity="0" maxCrapScore="0" minCrapScore="0" visitedClasses="0" numClasses="0" visitedMethods="1" numMethods="1" />
              <MetadataToken>100663316</MetadataToken>
              <Name>System.Boolean Tests.APITestPM/&lt;&gt;c__DisplayClass11_0::&lt;GetActivityAndLocationHistoryAsync_AfterLogin_ReturnsValidData&gt;b__1()</Name>
              <FileRef uid="39" />
              <SequencePoints>
                <SequencePoint vc="5" uspid="7019" ordinal="0" offset="0" sl="287" sc="46" el="287" ec="46" bec="0" bev="0" fileid="39">
                  <TrackedMethodRefs>
                    <TrackedMethodRef uid="1" vc="5" />
                  </TrackedMethodRefs>
                </SequencePoint>
              </SequencePoints>
              <BranchPoints />
            </Method>
          </Methods>
        </Class>
        <Class>
          <Summary numSequencePoints="3" visitedSequencePoints="3" numBranchPoints="0" visitedBranchPoints="0" sequenceCoverage="100.0" branchCoverage="0.0" maxCyclomaticComplexity="0" minCyclomaticComplexity="0" maxCrapScore="0" minCrapScore="0" visitedClasses="1" numClasses="1" visitedMethods="2" numMethods="2" />
          <FullName>Tests.APITestPM/&lt;&gt;c__DisplayClass4_0</FullName>
          <Methods>
            <Method visited="true" cyclomaticComplexity="0" nPathComplexity="0" sequenceCoverage="100.0" branchCoverage="0" crapScore="0" isConstructor="false" isStatic="false" isGetter="false" isSetter="false">
              <Summary numSequencePoints="2" visitedSequencePoints="2" numBranchPoints="0" visitedBranchPoints="0" sequenceCoverage="100.0" branchCoverage="0" maxCyclomaticComplexity="0" minCyclomaticComplexity="0" maxCrapScore="0" minCrapScore="0" visitedClasses="0" numClasses="0" visitedMethods="1" numMethods="1" />
              <MetadataToken>100663321</MetadataToken>
              <Name>System.Threading.Tasks.Task Tests.APITestPM/&lt;&gt;c__DisplayClass4_0::&lt;Login&gt;g__OnSuccess|0(System.Threading.Tasks.Task[String])</Name>
              <FileRef uid="39" />
              <SequencePoints>
                <SequencePoint vc="1" uspid="7024" ordinal="0" offset="0" sl="38" sc="17" el="38" ec="17" bec="0" bev="0" fileid="39">
                  <TrackedMethodRefs>
                    <TrackedMethodRef uid="1" vc="1" />
                  </TrackedMethodRefs>
                </SequencePoint>
                <SequencePoint vc="1" uspid="7025" ordinal="0" offset="7" sl="39" sc="17" el="39" ec="17" bec="0" bev="0" fileid="39">
                  <TrackedMethodRefs>
                    <TrackedMethodRef uid="1" vc="1" />
                  </TrackedMethodRefs>
                </SequencePoint>
              </SequencePoints>
              <BranchPoints />
            </Method>
            <Method visited="true" cyclomaticComplexity="0" nPathComplexity="0" sequenceCoverage="100.0" branchCoverage="0" crapScore="0" isConstructor="false" isStatic="false" isGetter="false" isSetter="false">
              <Summary numSequencePoints="1" visitedSequencePoints="1" numBranchPoints="0" visitedBranchPoints="0" sequenceCoverage="100.0" branchCoverage="0" maxCyclomaticComplexity="0" minCyclomaticComplexity="0" maxCrapScore="0" minCrapScore="0" visitedClasses="0" numClasses="0" visitedMethods="1" numMethods="1" />
              <MetadataToken>100663323</MetadataToken>
              <Name>System.Boolean Tests.APITestPM/&lt;&gt;c__DisplayClass4_0::&lt;Login&gt;b__2()</Name>
              <FileRef uid="39" />
              <SequencePoints>
                <SequencePoint vc="11" uspid="7028" ordinal="0" offset="0" sl="49" sc="46" el="49" ec="46" bec="0" bev="0" fileid="39">
                  <TrackedMethodRefs>
                    <TrackedMethodRef uid="1" vc="11" />
                  </TrackedMethodRefs>
                </SequencePoint>
              </SequencePoints>
              <BranchPoints />
            </Method>
          </Methods>
        </Class>
        <Class>
          <Summary numSequencePoints="10" visitedSequencePoints="10" numBranchPoints="0" visitedBranchPoints="0" sequenceCoverage="100.0" branchCoverage="0.0" maxCyclomaticComplexity="0" minCyclomaticComplexity="0" maxCrapScore="0" minCrapScore="0" visitedClasses="1" numClasses="1" visitedMethods="1" numMethods="1" />
          <FullName>Tests.APITestPM/&lt;GetActivityAndLocationHistoryAsync_AfterLogin_ReturnsValidData&gt;d__11</FullName>
          <Methods>
            <Method visited="true" cyclomaticComplexity="0" nPathComplexity="0" sequenceCoverage="100.0" branchCoverage="0" crapScore="0" isConstructor="false" isStatic="false" isGetter="false" isSetter="false">
              <Summary numSequencePoints="10" visitedSequencePoints="10" numBranchPoints="0" visitedBranchPoints="0" sequenceCoverage="100.0" branchCoverage="0" maxCyclomaticComplexity="0" minCyclomaticComplexity="0" maxCrapScore="0" minCrapScore="0" visitedClasses="0" numClasses="0" visitedMethods="1" numMethods="1" />
              <MetadataToken>100663348</MetadataToken>
              <Name>System.Boolean Tests.APITestPM/&lt;GetActivityAndLocationHistoryAsync_AfterLogin_ReturnsValidData&gt;d__11::MoveNext()</Name>
              <FileRef uid="39" />
              <SequencePoints>
                <SequencePoint vc="1" uspid="7056" ordinal="0" offset="52" sl="274" sc="13" el="274" ec="13" bec="0" bev="0" fileid="39">
                  <TrackedMethodRefs>
                    <TrackedMethodRef uid="1" vc="1" />
                  </TrackedMethodRefs>
                </SequencePoint>
                <SequencePoint vc="1" uspid="7057" ordinal="0" offset="80" sl="276" sc="13" el="276" ec="13" bec="0" bev="0" fileid="39">
                  <TrackedMethodRefs>
                    <TrackedMethodRef uid="1" vc="1" />
                  </TrackedMethodRefs>
                </SequencePoint>
                <SequencePoint vc="1" uspid="7058" ordinal="0" offset="92" sl="277" sc="13" el="277" ec="13" bec="0" bev="0" fileid="39">
                  <TrackedMethodRefs>
                    <TrackedMethodRef uid="1" vc="1" />
                  </TrackedMethodRefs>
                </SequencePoint>
                <SequencePoint vc="1" uspid="7059" ordinal="0" offset="104" sl="285" sc="13" el="285" ec="13" bec="0" bev="0" fileid="39">
                  <TrackedMethodRefs>
                    <TrackedMethodRef uid="1" vc="1" />
                  </TrackedMethodRefs>
                </SequencePoint>
                <SequencePoint vc="1" uspid="7060" ordinal="0" offset="132" sl="286" sc="13" el="286" ec="13" bec="0" bev="0" fileid="39">
                  <TrackedMethodRefs>
                    <TrackedMethodRef uid="1" vc="1" />
                  </TrackedMethodRefs>
                </SequencePoint>
                <SequencePoint vc="1" uspid="7061" ordinal="0" offset="144" sl="287" sc="13" el="287" ec="13" bec="0" bev="0" fileid="39">
                  <TrackedMethodRefs>
                    <TrackedMethodRef uid="1" vc="1" />
                  </TrackedMethodRefs>
                </SequencePoint>
                <SequencePoint vc="1" uspid="7062" ordinal="0" offset="188" sl="288" sc="13" el="288" ec="13" bec="0" bev="0" fileid="39">
                  <TrackedMethodRefs>
                    <TrackedMethodRef uid="1" vc="1" />
                  </TrackedMethodRefs>
                </SequencePoint>
                <SequencePoint vc="1" uspid="7063" ordinal="0" offset="216" sl="290" sc="13" el="290" ec="13" bec="0" bev="0" fileid="39">
                  <TrackedMethodRefs>
                    <TrackedMethodRef uid="1" vc="1" />
                  </TrackedMethodRefs>
                </SequencePoint>
                <SequencePoint vc="1" uspid="7064" ordinal="0" offset="232" sl="291" sc="13" el="291" ec="13" bec="0" bev="0" fileid="39">
                  <TrackedMethodRefs>
                    <TrackedMethodRef uid="1" vc="1" />
                  </TrackedMethodRefs>
                </SequencePoint>
                <SequencePoint vc="1" uspid="7065" ordinal="0" offset="248" sl="292" sc="9" el="292" ec="9" bec="0" bev="0" fileid="39">
                  <TrackedMethodRefs>
                    <TrackedMethodRef uid="1" vc="1" />
                  </TrackedMethodRefs>
                </SequencePoint>
              </SequencePoints>
              <BranchPoints />
            </Method>
          </Methods>
        </Class>
        <Class>
          <Summary numSequencePoints="11" visitedSequencePoints="11" numBranchPoints="0" visitedBranchPoints="0" sequenceCoverage="100.0" branchCoverage="0.0" maxCyclomaticComplexity="0" minCyclomaticComplexity="0" maxCrapScore="0" minCrapScore="0" visitedClasses="1" numClasses="1" visitedMethods="1" numMethods="1" />
          <FullName>Tests.APITestPM/&lt;Login&gt;d__4</FullName>
          <Methods>
            <Method visited="true" cyclomaticComplexity="0" nPathComplexity="0" sequenceCoverage="100.0" branchCoverage="0" crapScore="0" isConstructor="false" isStatic="false" isGetter="false" isSetter="false">
              <Summary numSequencePoints="11" visitedSequencePoints="11" numBranchPoints="0" visitedBranchPoints="0" sequenceCoverage="100.0" branchCoverage="0" maxCyclomaticComplexity="0" minCyclomaticComplexity="0" maxCrapScore="0" minCrapScore="0" visitedClasses="0" numClasses="0" visitedMethods="1" numMethods="1" />
              <MetadataToken>100663390</MetadataToken>
              <Name>System.Boolean Tests.APITestPM/&lt;Login&gt;d__4::MoveNext()</Name>
              <FileRef uid="39" />
              <SequencePoints>
                <SequencePoint vc="1" uspid="7151" ordinal="0" offset="44" sl="33" sc="13" el="33" ec="13" bec="0" bev="0" fileid="39">
                  <TrackedMethodRefs>
                    <TrackedMethodRef uid="1" vc="1" />
                  </TrackedMethodRefs>
                </SequencePoint>
                <SequencePoint vc="1" uspid="7152" ordinal="0" offset="50" sl="34" sc="13" el="34" ec="13" bec="0" bev="0" fileid="39">
                  <TrackedMethodRefs>
                    <TrackedMethodRef uid="1" vc="1" />
                  </TrackedMethodRefs>
                </SequencePoint>
                <SequencePoint vc="1" uspid="7153" ordinal="0" offset="56" sl="35" sc="13" el="35" ec="13" bec="0" bev="0" fileid="39">
                  <TrackedMethodRefs>
                    <TrackedMethodRef uid="1" vc="1" />
                  </TrackedMethodRefs>
                </SequencePoint>
                <SequencePoint vc="1" uspid="7154" ordinal="0" offset="68" sl="46" sc="13" el="46" ec="13" bec="0" bev="0" fileid="39">
                  <TrackedMethodRefs>
                    <TrackedMethodRef uid="1" vc="1" />
                  </TrackedMethodRefs>
                </SequencePoint>
                <SequencePoint vc="1" uspid="7155" ordinal="0" offset="96" sl="47" sc="13" el="47" ec="13" bec="0" bev="0" fileid="39">
                  <TrackedMethodRefs>
                    <TrackedMethodRef uid="1" vc="1" />
                  </TrackedMethodRefs>
                </SequencePoint>
                <SequencePoint vc="1" uspid="7156" ordinal="0" offset="124" sl="48" sc="13" el="48" ec="13" bec="0" bev="0" fileid="39">
                  <TrackedMethodRefs>
                    <TrackedMethodRef uid="1" vc="1" />
                  </TrackedMethodRefs>
                </SequencePoint>
                <SequencePoint vc="1" uspid="7157" ordinal="0" offset="138" sl="49" sc="13" el="49" ec="13" bec="0" bev="0" fileid="39">
                  <TrackedMethodRefs>
                    <TrackedMethodRef uid="1" vc="1" />
                  </TrackedMethodRefs>
                </SequencePoint>
                <SequencePoint vc="1" uspid="7158" ordinal="0" offset="182" sl="50" sc="13" el="50" ec="13" bec="0" bev="0" fileid="39">
                  <TrackedMethodRefs>
                    <TrackedMethodRef uid="1" vc="1" />
                  </TrackedMethodRefs>
                </SequencePoint>
                <SequencePoint vc="1" uspid="7159" ordinal="0" offset="210" sl="51" sc="13" el="51" ec="13" bec="0" bev="0" fileid="39">
                  <TrackedMethodRefs>
                    <TrackedMethodRef uid="1" vc="1" />
                  </TrackedMethodRefs>
                </SequencePoint>
                <SequencePoint vc="1" uspid="7160" ordinal="0" offset="238" sl="52" sc="13" el="52" ec="13" bec="0" bev="0" fileid="39">
                  <TrackedMethodRefs>
                    <TrackedMethodRef uid="1" vc="1" />
                  </TrackedMethodRefs>
                </SequencePoint>
                <SequencePoint vc="1" uspid="7161" ordinal="0" offset="254" sl="53" sc="9" el="53" ec="9" bec="0" bev="0" fileid="39">
                  <TrackedMethodRefs>
                    <TrackedMethodRef uid="1" vc="1" />
                  </TrackedMethodRefs>
                </SequencePoint>
              </SequencePoints>
              <BranchPoints />
            </Method>
          </Methods>
        </Class>
      </Classes>
      <TrackedMethods>
        <TrackedMethod uid="1" token="100663308" name="System.Collections.IEnumerator Tests.APITestPM::GetActivityAndLocationHistoryAsync_AfterLogin_ReturnsValidData()" strategy="Test" />
      </TrackedMethods>
    </Module>
  </Modules>
</CoverageSession>