<?xml version="1.0" encoding="utf-8"?>
<CoverageSession xmlns:xsd="http://www.w3.org/2001/XMLSchema" xmlns:xsi="http://www.w3.org/2001/XMLSchema-instance" Version="0.0.0.0">
  <Summary numSequencePoints="92" visitedSequencePoints="80" numBranchPoints="0" visitedBranchPoints="0" sequenceCoverage="86.96" branchCoverage="0.0" maxCyclomaticComplexity="0" minCyclomaticComplexity="0" maxCrapScore="0" minCrapScore="0" visitedClasses="7" numClasses="7" visitedMethods="11" numMethods="11" />
  <Modules>
    <Module>
      <Summary numSequencePoints="58" visitedSequencePoints="46" numBranchPoints="0" visitedBranchPoints="0" sequenceCoverage="79.31" branchCoverage="0.0" maxCyclomaticComplexity="0" minCyclomaticComplexity="0" maxCrapScore="0" minCrapScore="0" visitedClasses="4" numClasses="4" visitedMethods="4" numMethods="4" />
      <ModuleTime>0001-01-01T00:00:00</ModuleTime>
      <ModuleName>API.Runtime</ModuleName>
      <Files>
        <File uid="37" fullPath="C:/Users/danny/OneDrive/Desktop/Tese/Shop-Floor-Digital-Twin-main/Assets/API/APIscript.cs" />
        <File uid="38" fullPath="C:/Users/danny/OneDrive/Desktop/Tese/Shop-Floor-Digital-Twin-main/Assets/API/CamundaAPIscript.cs" />
      </Files>
      <Classes>
        <Class>
          <Summary numSequencePoints="1" visitedSequencePoints="1" numBranchPoints="0" visitedBranchPoints="0" sequenceCoverage="100.0" branchCoverage="0.0" maxCyclomaticComplexity="0" minCyclomaticComplexity="0" maxCrapScore="0" minCrapScore="0" visitedClasses="1" numClasses="1" visitedMethods="1" numMethods="1" />
          <FullName>API.APIscript/&lt;&gt;c__DisplayClass26_0</FullName>
          <Methods>
            <Method visited="true" cyclomaticComplexity="0" nPathComplexity="0" sequenceCoverage="100.0" branchCoverage="0" crapScore="0" isConstructor="false" isStatic="false" isGetter="false" isSetter="false">
              <Summary numSequencePoints="1" visitedSequencePoints="1" numBranchPoints="0" visitedBranchPoints="0" sequenceCoverage="100.0" branchCoverage="0" maxCyclomaticComplexity="0" minCyclomaticComplexity="0" maxCrapScore="0" minCrapScore="0" visitedClasses="0" numClasses="0" visitedMethods="1" numMethods="1" />
              <MetadataToken>100663433</MetadataToken>
              <Name>System.Void API.APIscript/&lt;&gt;c__DisplayClass26_0::&lt;LoginRequestAsync&gt;b__0(UnityEngine.AsyncOperation)</Name>
              <FileRef uid="37" />
              <SequencePoints>
                <SequencePoint vc="1" uspid="13864" ordinal="0" offset="0" sl="71" sc="46" el="71" ec="46" bec="0" bev="0" fileid="37">
                  <TrackedMethodRefs>
                    <TrackedMethodRef uid="0" vc="1" />
                  </TrackedMethodRefs>
                </SequencePoint>
              </SequencePoints>
              <BranchPoints />
            </Method>
          </Methods>
        </Class>
        <Class>
          <Summary numSequencePoints="1" visitedSequencePoints="1" numBranchPoints="0" visitedBranchPoints="0" sequenceCoverage="100.0" branchCoverage="0.0" maxCyclomaticComplexity="0" minCyclomaticComplexity="0" maxCrapScore="0" minCrapScore="0" visitedClasses="1" numClasses="1" visitedMethods="1" numMethods="1" />
          <FullName>API.APIscript/&lt;&gt;c__DisplayClass31_0</FullName>
          <Methods>
            <Method visited="true" cyclomaticComplexity="0" nPathComplexity="0" sequenceCoverage="100.0" branchCoverage="0" crapScore="0" isConstructor="false" isStatic="false" isGetter="false" isSetter="false">
              <Summary numSequencePoints="1" visitedSequencePoints="1" numBranchPoints="0" visitedBranchPoints="0" sequenceCoverage="100.0" branchCoverage="0" maxCyclomaticComplexity="0" minCyclomaticComplexity="0" maxCrapScore="0" minCrapScore="0" visitedClasses="0" numClasses="0" visitedMethods="1" numMethods="1" />
              <MetadataToken>100663435</MetadataToken>
              <Name>System.Void API.APIscript/&lt;&gt;c__DisplayClass31_0::&lt;GetCarsAsync&gt;b__0(UnityEngine.AsyncOperation)</Name>
              <FileRef uid="37" />
              <SequencePoints>
                <SequencePoint vc="1" uspid="13865" ordinal="0" offset="0" sl="134" sc="46" el="134" ec="46" bec="0" bev="0" fileid="37">
                  <TrackedMethodRefs>
                    <TrackedMethodRef uid="0" vc="1" />
                  </TrackedMethodRefs>
                </SequencePoint>
              </SequencePoints>
              <BranchPoints />
            </Method>
          </Methods>
        </Class>
        <Class>
          <Summary numSequencePoints="20" visitedSequencePoints="19" numBranchPoints="0" visitedBranchPoints="0" sequenceCoverage="95.00" branchCoverage="0.0" maxCyclomaticComplexity="0" minCyclomaticComplexity="0" maxCrapScore="0" minCrapScore="0" visitedClasses="1" numClasses="1" visitedMethods="1" numMethods="1" />
          <FullName>API.APIscript/&lt;GetCarsAsync&gt;d__31</FullName>
          <Methods>
            <Method visited="true" cyclomaticComplexity="0" nPathComplexity="0" sequenceCoverage="95.00" branchCoverage="0" crapScore="0" isConstructor="false" isStatic="false" isGetter="false" isSetter="false">
              <Summary numSequencePoints="20" visitedSequencePoints="19" numBranchPoints="0" visitedBranchPoints="0" sequenceCoverage="95.00" branchCoverage="0" maxCyclomaticComplexity="0" minCyclomaticComplexity="0" maxCrapScore="0" minCrapScore="0" visitedClasses="0" numClasses="0" visitedMethods="1" numMethods="1" />
              <MetadataToken>100663472</MetadataToken>
              <Name>System.Void API.APIscript/&lt;GetCarsAsync&gt;d__31::MoveNext()</Name>
              <FileRef uid="37" />
              <SequencePoints>
                <SequencePoint vc="1" uspid="13963" ordinal="0" offset="26" sl="122" sc="13" el="122" ec="13" bec="0" bev="0" fileid="37">
                  <TrackedMethodRefs>
                    <TrackedMethodRef uid="0" vc="1" />
                  </TrackedMethodRefs>
                </SequencePoint>
                <SequencePoint vc="1" uspid="13964" ordinal="0" offset="36" sl="123" sc="13" el="123" ec="13" bec="0" bev="0" fileid="37">
                  <TrackedMethodRefs>
                    <TrackedMethodRef uid="0" vc="1" />
                  </TrackedMethodRefs>
                </SequencePoint>
                <SequencePoint vc="1" uspid="13965" ordinal="0" offset="42" sl="125" sc="13" el="125" ec="13" bec="0" bev="0" fileid="37">
                  <TrackedMethodRefs>
                    <TrackedMethodRef uid="0" vc="1" />
                  </TrackedMethodRefs>
                </SequencePoint>
                <SequencePoint vc="1" uspid="13966" ordinal="0" offset="54" sl="127" sc="13" el="127" ec="13" bec="0" bev="0" fileid="37">
                  <TrackedMethodRefs>
                    <TrackedMethodRef uid="0" vc="1" />
                  </TrackedMethodRefs>
                </SequencePoint>
                <SequencePoint vc="1" uspid="13967" ordinal="0" offset="67" sl="129" sc="17" el="129" ec="17" bec="0" bev="0" fileid="37">
                  <TrackedMethodRefs>
                    <TrackedMethodRef uid="0" vc="1" />
                  </TrackedMethodRefs>
                </SequencePoint>
                <SequencePoint vc="1" uspid="13968" ordinal="0" offset="99" sl="132" sc="13" el="132" ec="13" bec="0" bev="0" fileid="37">
                  <TrackedMethodRefs>
                    <TrackedMethodRef uid="0" vc="1" />
                  </TrackedMethodRefs>
                </SequencePoint>
                <SequencePoint vc="1" uspid="13969" ordinal="0" offset="110" sl="133" sc="13" el="133" ec="13" bec="0" bev="0" fileid="37">
                  <TrackedMethodRefs>
                    <TrackedMethodRef uid="0" vc="1" />
                  </TrackedMethodRefs>
                </SequencePoint>
                <SequencePoint vc="1" uspid="13970" ordinal="0" offset="121" sl="134" sc="13" el="134" ec="13" bec="0" bev="0" fileid="37">
                  <TrackedMethodRefs>
                    <TrackedMethodRef uid="0" vc="1" />
                  </TrackedMethodRefs>
                </SequencePoint>
                <SequencePoint vc="1" uspid="13971" ordinal="0" offset="138" sl="136" sc="13" el="136" ec="13" bec="0" bev="0" fileid="37">
                  <TrackedMethodRefs>
                    <TrackedMethodRef uid="0" vc="1" />
                  </TrackedMethodRefs>
                </SequencePoint>
                <SequencePoint vc="1" uspid="13972" ordinal="0" offset="174" sl="136" sc="13" el="136" ec="13" bec="0" bev="0" fileid="37">
                  <TrackedMethodRefs>
                    <TrackedMethodRef uid="0" vc="1" />
                  </TrackedMethodRefs>
                </SequencePoint>
                <SequencePoint vc="1" uspid="13973" ordinal="0" offset="201" sl="136" sc="13" el="136" ec="13" bec="0" bev="0" fileid="37">
                  <TrackedMethodRefs>
                    <TrackedMethodRef uid="0" vc="1" />
                  </TrackedMethodRefs>
                </SequencePoint>
                <SequencePoint vc="1" uspid="13974" ordinal="0" offset="238" sl="138" sc="13" el="138" ec="13" bec="0" bev="0" fileid="37">
                  <TrackedMethodRefs>
                    <TrackedMethodRef uid="0" vc="1" />
                  </TrackedMethodRefs>
                </SequencePoint>
                <SequencePoint vc="1" uspid="13975" ordinal="0" offset="255" sl="140" sc="17" el="140" ec="17" bec="0" bev="0" fileid="37">
                  <TrackedMethodRefs>
                    <TrackedMethodRef uid="0" vc="1" />
                  </TrackedMethodRefs>
                </SequencePoint>
                <SequencePoint vc="1" uspid="13976" ordinal="0" offset="282" sl="141" sc="17" el="141" ec="17" bec="0" bev="0" fileid="37">
                  <TrackedMethodRefs>
                    <TrackedMethodRef uid="0" vc="1" />
                  </TrackedMethodRefs>
                </SequencePoint>
                <SequencePoint vc="1" uspid="13977" ordinal="0" offset="305" sl="143" sc="37" el="143" ec="37" bec="0" bev="0" fileid="37">
                  <TrackedMethodRefs>
                    <TrackedMethodRef uid="0" vc="1" />
                  </TrackedMethodRefs>
                </SequencePoint>
                <SequencePoint vc="2" uspid="13978" ordinal="0" offset="320" sl="143" sc="26" el="143" ec="26" bec="0" bev="0" fileid="37">
                  <TrackedMethodRefs>
                    <TrackedMethodRef uid="0" vc="2" />
                  </TrackedMethodRefs>
                </SequencePoint>
                <SequencePoint vc="2" uspid="13979" ordinal="0" offset="329" sl="145" sc="21" el="145" ec="21" bec="0" bev="0" fileid="37">
                  <TrackedMethodRefs>
                    <TrackedMethodRef uid="0" vc="2" />
                  </TrackedMethodRefs>
                </SequencePoint>
                <SequencePoint vc="3" uspid="13980" ordinal="0" offset="370" sl="143" sc="34" el="143" ec="34" bec="0" bev="0" fileid="37">
                  <TrackedMethodRefs>
                    <TrackedMethodRef uid="0" vc="3" />
                  </TrackedMethodRefs>
                </SequencePoint>
                <SequencePoint vc="0" uspid="13981" ordinal="0" offset="399" sl="150" sc="17" el="150" ec="17" bec="0" bev="0" fileid="37">
                  <TrackedMethodRefs>
                    <TrackedMethodRef uid="0" vc="0" />
                  </TrackedMethodRefs>
                </SequencePoint>
                <SequencePoint vc="1" uspid="13982" ordinal="0" offset="459" sl="152" sc="9" el="152" ec="9" bec="0" bev="0" fileid="37">
                  <TrackedMethodRefs>
                    <TrackedMethodRef uid="0" vc="1" />
                  </TrackedMethodRefs>
                </SequencePoint>
              </SequencePoints>
              <BranchPoints />
            </Method>
          </Methods>
        </Class>
        <Class>
          <Summary numSequencePoints="36" visitedSequencePoints="25" numBranchPoints="0" visitedBranchPoints="0" sequenceCoverage="69.44" branchCoverage="0.0" maxCyclomaticComplexity="0" minCyclomaticComplexity="0" maxCrapScore="0" minCrapScore="0" visitedClasses="1" numClasses="1" visitedMethods="1" numMethods="1" />
          <FullName>API.APIscript/&lt;LoginRequestAsync&gt;d__26</FullName>
          <Methods>
            <Method visited="true" cyclomaticComplexity="0" nPathComplexity="0" sequenceCoverage="69.44" branchCoverage="0" crapScore="0" isConstructor="false" isStatic="false" isGetter="false" isSetter="false">
              <Summary numSequencePoints="36" visitedSequencePoints="25" numBranchPoints="0" visitedBranchPoints="0" sequenceCoverage="69.44" branchCoverage="0" maxCyclomaticComplexity="0" minCyclomaticComplexity="0" maxCrapScore="0" minCrapScore="0" visitedClasses="0" numClasses="0" visitedMethods="1" numMethods="1" />
              <MetadataToken>100663484</MetadataToken>
              <Name>System.Void API.APIscript/&lt;LoginRequestAsync&gt;d__26::MoveNext()</Name>
              <FileRef uid="37" />
              <SequencePoints>
                <SequencePoint vc="1" uspid="14076" ordinal="0" offset="42" sl="60" sc="13" el="60" ec="13" bec="0" bev="0" fileid="37">
                  <TrackedMethodRefs>
                    <TrackedMethodRef uid="0" vc="1" />
                  </TrackedMethodRefs>
                </SequencePoint>
                <SequencePoint vc="1" uspid="14077" ordinal="0" offset="63" sl="61" sc="13" el="61" ec="13" bec="0" bev="0" fileid="37">
                  <TrackedMethodRefs>
                    <TrackedMethodRef uid="0" vc="1" />
                  </TrackedMethodRefs>
                </SequencePoint>
                <SequencePoint vc="1" uspid="14078" ordinal="0" offset="84" sl="62" sc="13" el="62" ec="13" bec="0" bev="0" fileid="37">
                  <TrackedMethodRefs>
                    <TrackedMethodRef uid="0" vc="1" />
                  </TrackedMethodRefs>
                </SequencePoint>
                <SequencePoint vc="1" uspid="14079" ordinal="0" offset="138" sl="63" sc="13" el="63" ec="13" bec="0" bev="0" fileid="37">
                  <TrackedMethodRefs>
                    <TrackedMethodRef uid="0" vc="1" />
                  </TrackedMethodRefs>
                </SequencePoint>
                <SequencePoint vc="1" uspid="14080" ordinal="0" offset="151" sl="64" sc="13" el="64" ec="13" bec="0" bev="0" fileid="37">
                  <TrackedMethodRefs>
                    <TrackedMethodRef uid="0" vc="1" />
                  </TrackedMethodRefs>
                </SequencePoint>
                <SequencePoint vc="1" uspid="14081" ordinal="0" offset="169" sl="65" sc="13" el="65" ec="13" bec="0" bev="0" fileid="37">
                  <TrackedMethodRefs>
                    <TrackedMethodRef uid="0" vc="1" />
                  </TrackedMethodRefs>
                </SequencePoint>
                <SequencePoint vc="1" uspid="14082" ordinal="0" offset="190" sl="66" sc="13" el="66" ec="13" bec="0" bev="0" fileid="37">
                  <TrackedMethodRefs>
                    <TrackedMethodRef uid="0" vc="1" />
                  </TrackedMethodRefs>
                </SequencePoint>
                <SequencePoint vc="1" uspid="14083" ordinal="0" offset="206" sl="68" sc="13" el="68" ec="13" bec="0" bev="0" fileid="37">
                  <TrackedMethodRefs>
                    <TrackedMethodRef uid="0" vc="1" />
                  </TrackedMethodRefs>
                </SequencePoint>
                <SequencePoint vc="1" uspid="14084" ordinal="0" offset="217" sl="69" sc="13" el="69" ec="13" bec="0" bev="0" fileid="37">
                  <TrackedMethodRefs>
                    <TrackedMethodRef uid="0" vc="1" />
                  </TrackedMethodRefs>
                </SequencePoint>
                <SequencePoint vc="1" uspid="14085" ordinal="0" offset="228" sl="71" sc="13" el="71" ec="13" bec="0" bev="0" fileid="37">
                  <TrackedMethodRefs>
                    <TrackedMethodRef uid="0" vc="1" />
                  </TrackedMethodRefs>
                </SequencePoint>
                <SequencePoint vc="1" uspid="14086" ordinal="0" offset="245" sl="73" sc="13" el="73" ec="13" bec="0" bev="0" fileid="37">
                  <TrackedMethodRefs>
                    <TrackedMethodRef uid="0" vc="1" />
                  </TrackedMethodRefs>
                </SequencePoint>
                <SequencePoint vc="1" uspid="14087" ordinal="0" offset="281" sl="73" sc="13" el="73" ec="13" bec="0" bev="0" fileid="37">
                  <TrackedMethodRefs>
                    <TrackedMethodRef uid="0" vc="1" />
                  </TrackedMethodRefs>
                </SequencePoint>
                <SequencePoint vc="1" uspid="14088" ordinal="0" offset="308" sl="73" sc="13" el="73" ec="13" bec="0" bev="0" fileid="37">
                  <TrackedMethodRefs>
                    <TrackedMethodRef uid="0" vc="1" />
                  </TrackedMethodRefs>
                </SequencePoint>
                <SequencePoint vc="1" uspid="14089" ordinal="0" offset="345" sl="75" sc="13" el="75" ec="13" bec="0" bev="0" fileid="37">
                  <TrackedMethodRefs>
                    <TrackedMethodRef uid="0" vc="1" />
                  </TrackedMethodRefs>
                </SequencePoint>
                <SequencePoint vc="1" uspid="14090" ordinal="0" offset="362" sl="77" sc="13" el="77" ec="13" bec="0" bev="0" fileid="37">
                  <TrackedMethodRefs>
                    <TrackedMethodRef uid="0" vc="1" />
                  </TrackedMethodRefs>
                </SequencePoint>
                <SequencePoint vc="0" uspid="14091" ordinal="0" offset="379" sl="79" sc="17" el="79" ec="17" bec="0" bev="0" fileid="37">
                  <TrackedMethodRefs>
                    <TrackedMethodRef uid="0" vc="0" />
                  </TrackedMethodRefs>
                </SequencePoint>
                <SequencePoint vc="0" uspid="14092" ordinal="0" offset="405" sl="80" sc="17" el="80" ec="17" bec="0" bev="0" fileid="37">
                  <TrackedMethodRefs>
                    <TrackedMethodRef uid="0" vc="0" />
                  </TrackedMethodRefs>
                </SequencePoint>
                <SequencePoint vc="0" uspid="14093" ordinal="0" offset="416" sl="80" sc="45" el="80" ec="45" bec="0" bev="0" fileid="37">
                  <TrackedMethodRefs>
                    <TrackedMethodRef uid="0" vc="0" />
                  </TrackedMethodRefs>
                </SequencePoint>
                <SequencePoint vc="0" uspid="14094" ordinal="0" offset="468" sl="80" sc="45" el="80" ec="45" bec="0" bev="0" fileid="37">
                  <TrackedMethodRefs>
                    <TrackedMethodRef uid="0" vc="0" />
                  </TrackedMethodRefs>
                </SequencePoint>
                <SequencePoint vc="0" uspid="14095" ordinal="0" offset="495" sl="80" sc="45" el="80" ec="45" bec="0" bev="0" fileid="37">
                  <TrackedMethodRefs>
                    <TrackedMethodRef uid="0" vc="0" />
                  </TrackedMethodRefs>
                </SequencePoint>
                <SequencePoint vc="1" uspid="14096" ordinal="0" offset="536" sl="84" sc="17" el="84" ec="17" bec="0" bev="0" fileid="37">
                  <TrackedMethodRefs>
                    <TrackedMethodRef uid="0" vc="1" />
                  </TrackedMethodRefs>
                </SequencePoint>
                <SequencePoint vc="1" uspid="14097" ordinal="0" offset="577" sl="85" sc="17" el="85" ec="17" bec="0" bev="0" fileid="37">
                  <TrackedMethodRefs>
                    <TrackedMethodRef uid="0" vc="1" />
                  </TrackedMethodRefs>
                </SequencePoint>
                <SequencePoint vc="1" uspid="14098" ordinal="0" offset="608" sl="86" sc="17" el="86" ec="17" bec="0" bev="0" fileid="37">
                  <TrackedMethodRefs>
                    <TrackedMethodRef uid="0" vc="1" />
                  </TrackedMethodRefs>
                </SequencePoint>
                <SequencePoint vc="1" uspid="14099" ordinal="0" offset="631" sl="88" sc="17" el="88" ec="17" bec="0" bev="0" fileid="37">
                  <TrackedMethodRefs>
                    <TrackedMethodRef uid="0" vc="1" />
                  </TrackedMethodRefs>
                </SequencePoint>
                <SequencePoint vc="1" uspid="14100" ordinal="0" offset="655" sl="90" sc="21" el="90" ec="21" bec="0" bev="0" fileid="37">
                  <TrackedMethodRefs>
                    <TrackedMethodRef uid="0" vc="1" />
                  </TrackedMethodRefs>
                </SequencePoint>
                <SequencePoint vc="1" uspid="14101" ordinal="0" offset="668" sl="91" sc="21" el="91" ec="21" bec="0" bev="0" fileid="37">
                  <TrackedMethodRefs>
                    <TrackedMethodRef uid="0" vc="1" />
                  </TrackedMethodRefs>
                </SequencePoint>
                <SequencePoint vc="1" uspid="14102" ordinal="0" offset="681" sl="92" sc="21" el="92" ec="21" bec="0" bev="0" fileid="37">
                  <TrackedMethodRefs>
                    <TrackedMethodRef uid="0" vc="1" />
                  </TrackedMethodRefs>
                </SequencePoint>
                <SequencePoint vc="1" uspid="14103" ordinal="0" offset="692" sl="92" sc="49" el="92" ec="49" bec="0" bev="0" fileid="37">
                  <TrackedMethodRefs>
                    <TrackedMethodRef uid="0" vc="1" />
                  </TrackedMethodRefs>
                </SequencePoint>
                <SequencePoint vc="0" uspid="14104" ordinal="0" offset="739" sl="92" sc="49" el="92" ec="49" bec="0" bev="0" fileid="37">
                  <TrackedMethodRefs>
                    <TrackedMethodRef uid="0" vc="0" />
                  </TrackedMethodRefs>
                </SequencePoint>
                <SequencePoint vc="0" uspid="14105" ordinal="0" offset="766" sl="92" sc="49" el="92" ec="49" bec="0" bev="0" fileid="37">
                  <TrackedMethodRefs>
                    <TrackedMethodRef uid="0" vc="0" />
                  </TrackedMethodRefs>
                </SequencePoint>
                <SequencePoint vc="0" uspid="14106" ordinal="0" offset="804" sl="96" sc="21" el="96" ec="21" bec="0" bev="0" fileid="37">
                  <TrackedMethodRefs>
                    <TrackedMethodRef uid="0" vc="0" />
                  </TrackedMethodRefs>
                </SequencePoint>
                <SequencePoint vc="0" uspid="14107" ordinal="0" offset="812" sl="96" sc="49" el="96" ec="49" bec="0" bev="0" fileid="37">
                  <TrackedMethodRefs>
                    <TrackedMethodRef uid="0" vc="0" />
                  </TrackedMethodRefs>
                </SequencePoint>
                <SequencePoint vc="0" uspid="14108" ordinal="0" offset="858" sl="96" sc="49" el="96" ec="49" bec="0" bev="0" fileid="37">
                  <TrackedMethodRefs>
                    <TrackedMethodRef uid="0" vc="0" />
                  </TrackedMethodRefs>
                </SequencePoint>
                <SequencePoint vc="0" uspid="14109" ordinal="0" offset="882" sl="96" sc="49" el="96" ec="49" bec="0" bev="0" fileid="37">
                  <TrackedMethodRefs>
                    <TrackedMethodRef uid="0" vc="0" />
                  </TrackedMethodRefs>
                </SequencePoint>
                <SequencePoint vc="1" uspid="14110" ordinal="0" offset="918" sl="98" sc="17" el="98" ec="17" bec="0" bev="0" fileid="37">
                  <TrackedMethodRefs>
                    <TrackedMethodRef uid="0" vc="1" />
                  </TrackedMethodRefs>
                </SequencePoint>
                <SequencePoint vc="1" uspid="14111" ordinal="0" offset="963" sl="100" sc="9" el="100" ec="9" bec="0" bev="0" fileid="37">
                  <TrackedMethodRefs>
                    <TrackedMethodRef uid="0" vc="1" />
                  </TrackedMethodRefs>
                </SequencePoint>
              </SequencePoints>
              <BranchPoints />
            </Method>
          </Methods>
        </Class>
      </Classes>
      <TrackedMethods>
        <TrackedMethod uid="0" token="100663303" name="System.Collections.IEnumerator Tests.APITestPM::GetCars_WithValidToken_ShouldReturnCarList()" strategy="Test" />
      </TrackedMethods>
    </Module>
    <Module>
      <Summary numSequencePoints="34" visitedSequencePoints="34" numBranchPoints="0" visitedBranchPoints="0" sequenceCoverage="100.0" branchCoverage="0.0" maxCyclomaticComplexity="0" minCyclomaticComplexity="0" maxCrapScore="0" minCrapScore="0" visitedClasses="3" numClasses="3" visitedMethods="7" numMethods="7" />
      <ModuleTime>0001-01-01T00:00:00</ModuleTime>
      <ModuleName>PlayMode</ModuleName>
      <Files>
        <File uid="39" fullPath="C:/Users/danny/OneDrive/Desktop/Tese/Shop-Floor-Digital-Twin-main/Assets/Tests/PlayMode/APITestsPM.cs" />
      </Files>
      <Classes>
        <Class>
          <Summary numSequencePoints="5" visitedSequencePoints="5" numBranchPoints="0" visitedBranchPoints="0" sequenceCoverage="100.0" branchCoverage="0.0" maxCyclomaticComplexity="0" minCyclomaticComplexity="0" maxCrapScore="0" minCrapScore="0" visitedClasses="1" numClasses="1" visitedMethods="2" numMethods="2" />
          <FullName>Tests.APITestPM</FullName>
          <Methods>
            <Method visited="true" cyclomaticComplexity="0" nPathComplexity="0" sequenceCoverage="100.0" branchCoverage="0" crapScore="0" isConstructor="false" isStatic="false" isGetter="false" isSetter="false">
              <Summary numSequencePoints="3" visitedSequencePoints="3" numBranchPoints="0" visitedBranchPoints="0" sequenceCoverage="100.0" branchCoverage="0" maxCyclomaticComplexity="0" minCyclomaticComplexity="0" maxCrapScore="0" minCrapScore="0" visitedClasses="0" numClasses="0" visitedMethods="1" numMethods="1" />
              <MetadataToken>100663299</MetadataToken>
              <Name>System.Void Tests.APITestPM::Setup()</Name>
              <FileRef uid="39" />
              <SequencePoints>
                <SequencePoint vc="1" uspid="14205" ordinal="0" offset="0" sl="21" sc="13" el="21" ec="13" bec="0" bev="0" fileid="39">
                  <TrackedMethodRefs>
                    <TrackedMethodRef uid="1" vc="1" />
                  </TrackedMethodRefs>
                </SequencePoint>
                <SequencePoint vc="1" uspid="14206" ordinal="0" offset="16" sl="22" sc="13" el="22" ec="13" bec="0" bev="0" fileid="39">
                  <TrackedMethodRefs>
                    <TrackedMethodRef uid="1" vc="1" />
                  </TrackedMethodRefs>
                </SequencePoint>
                <SequencePoint vc="1" uspid="14207" ordinal="0" offset="33" sl="23" sc="9" el="23" ec="9" bec="0" bev="0" fileid="39">
                  <TrackedMethodRefs>
                    <TrackedMethodRef uid="1" vc="1" />
                  </TrackedMethodRefs>
                </SequencePoint>
              </SequencePoints>
              <BranchPoints />
            </Method>
            <Method visited="true" cyclomaticComplexity="0" nPathComplexity="0" sequenceCoverage="100.0" branchCoverage="0" crapScore="0" isConstructor="false" isStatic="false" isGetter="false" isSetter="false">
              <Summary numSequencePoints="2" visitedSequencePoints="2" numBranchPoints="0" visitedBranchPoints="0" sequenceCoverage="100.0" branchCoverage="0" maxCyclomaticComplexity="0" minCyclomaticComplexity="0" maxCrapScore="0" minCrapScore="0" visitedClasses="0" numClasses="0" visitedMethods="1" numMethods="1" />
              <MetadataToken>100663300</MetadataToken>
              <Name>System.Void Tests.APITestPM::TearDown()</Name>
              <FileRef uid="39" />
              <SequencePoints>
                <SequencePoint vc="1" uspid="14208" ordinal="0" offset="0" sl="28" sc="13" el="28" ec="13" bec="0" bev="0" fileid="39">
                  <TrackedMethodRefs>
                    <TrackedMethodRef uid="1" vc="1" />
                  </TrackedMethodRefs>
                </SequencePoint>
                <SequencePoint vc="1" uspid="14209" ordinal="0" offset="11" sl="29" sc="9" el="29" ec="9" bec="0" bev="0" fileid="39">
                  <TrackedMethodRefs>
                    <TrackedMethodRef uid="1" vc="1" />
                  </TrackedMethodRefs>
                </SequencePoint>
              </SequencePoints>
              <BranchPoints />
            </Method>
          </Methods>
        </Class>
        <Class>
          <Summary numSequencePoints="7" visitedSequencePoints="7" numBranchPoints="0" visitedBranchPoints="0" sequenceCoverage="100.0" branchCoverage="0.0" maxCyclomaticComplexity="0" minCyclomaticComplexity="0" maxCrapScore="0" minCrapScore="0" visitedClasses="1" numClasses="1" visitedMethods="4" numMethods="4" />
          <FullName>Tests.APITestPM/&lt;&gt;c__DisplayClass6_0</FullName>
          <Methods>
            <Method visited="true" cyclomaticComplexity="0" nPathComplexity="0" sequenceCoverage="100.0" branchCoverage="0" crapScore="0" isConstructor="false" isStatic="false" isGetter="false" isSetter="false">
              <Summary numSequencePoints="2" visitedSequencePoints="2" numBranchPoints="0" visitedBranchPoints="0" sequenceCoverage="100.0" branchCoverage="0" maxCyclomaticComplexity="0" minCyclomaticComplexity="0" maxCrapScore="0" minCrapScore="0" visitedClasses="0" numClasses="0" visitedMethods="1" numMethods="1" />
              <MetadataToken>100663329</MetadataToken>
              <Name>System.Threading.Tasks.Task Tests.APITestPM/&lt;&gt;c__DisplayClass6_0::&lt;GetCars_WithValidToken_ShouldReturnCarList&gt;g__OnLoginSuccess|0(System.Threading.Tasks.Task[String])</Name>
              <FileRef uid="39" />
              <SequencePoints>
                <SequencePoint vc="1" uspid="14228" ordinal="0" offset="0" sl="107" sc="17" el="107" ec="17" bec="0" bev="0" fileid="39">
                  <TrackedMethodRefs>
                    <TrackedMethodRef uid="1" vc="1" />
                  </TrackedMethodRefs>
                </SequencePoint>
                <SequencePoint vc="1" uspid="14229" ordinal="0" offset="7" sl="108" sc="17" el="108" ec="17" bec="0" bev="0" fileid="39">
                  <TrackedMethodRefs>
                    <TrackedMethodRef uid="1" vc="1" />
                  </TrackedMethodRefs>
                </SequencePoint>
              </SequencePoints>
              <BranchPoints />
            </Method>
            <Method visited="true" cyclomaticComplexity="0" nPathComplexity="0" sequenceCoverage="100.0" branchCoverage="0" crapScore="0" isConstructor="false" isStatic="false" isGetter="false" isSetter="false">
              <Summary numSequencePoints="1" visitedSequencePoints="1" numBranchPoints="0" visitedBranchPoints="0" sequenceCoverage="100.0" branchCoverage="0" maxCyclomaticComplexity="0" minCyclomaticComplexity="0" maxCrapScore="0" minCrapScore="0" visitedClasses="0" numClasses="0" visitedMethods="1" numMethods="1" />
              <MetadataToken>100663331</MetadataToken>
              <Name>System.Boolean Tests.APITestPM/&lt;&gt;c__DisplayClass6_0::&lt;GetCars_WithValidToken_ShouldReturnCarList&gt;b__2()</Name>
              <FileRef uid="39" />
              <SequencePoints>
                <SequencePoint vc="17" uspid="14232" ordinal="0" offset="0" sl="122" sc="46" el="122" ec="46" bec="0" bev="0" fileid="39">
                  <TrackedMethodRefs>
                    <TrackedMethodRef uid="1" vc="17" />
                  </TrackedMethodRefs>
                </SequencePoint>
              </SequencePoints>
              <BranchPoints />
            </Method>
            <Method visited="true" cyclomaticComplexity="0" nPathComplexity="0" sequenceCoverage="100.0" branchCoverage="0" crapScore="0" isConstructor="false" isStatic="false" isGetter="false" isSetter="false">
              <Summary numSequencePoints="3" visitedSequencePoints="3" numBranchPoints="0" visitedBranchPoints="0" sequenceCoverage="100.0" branchCoverage="0" maxCyclomaticComplexity="0" minCyclomaticComplexity="0" maxCrapScore="0" minCrapScore="0" visitedClasses="0" numClasses="0" visitedMethods="1" numMethods="1" />
              <MetadataToken>100663332</MetadataToken>
              <Name>System.Void Tests.APITestPM/&lt;&gt;c__DisplayClass6_0::&lt;GetCars_WithValidToken_ShouldReturnCarList&gt;g__OnCarsReceived|3(System.Collections.Generic.List[Car])</Name>
              <FileRef uid="39" />
              <SequencePoints>
                <SequencePoint vc="1" uspid="14233" ordinal="0" offset="0" sl="132" sc="17" el="132" ec="17" bec="0" bev="0" fileid="39">
                  <TrackedMethodRefs>
                    <TrackedMethodRef uid="1" vc="1" />
                  </TrackedMethodRefs>
                </SequencePoint>
                <SequencePoint vc="1" uspid="14234" ordinal="0" offset="7" sl="133" sc="17" el="133" ec="17" bec="0" bev="0" fileid="39">
                  <TrackedMethodRefs>
                    <TrackedMethodRef uid="1" vc="1" />
                  </TrackedMethodRefs>
                </SequencePoint>
                <SequencePoint vc="1" uspid="14235" ordinal="0" offset="14" sl="134" sc="13" el="134" ec="13" bec="0" bev="0" fileid="39">
                  <TrackedMethodRefs>
                    <TrackedMethodRef uid="1" vc="1" />
                  </TrackedMethodRefs>
                </SequencePoint>
              </SequencePoints>
              <BranchPoints />
            </Method>
            <Method visited="true" cyclomaticComplexity="0" nPathComplexity="0" sequenceCoverage="100.0" branchCoverage="0" crapScore="0" isConstructor="false" isStatic="false" isGetter="false" isSetter="false">
              <Summary numSequencePoints="1" visitedSequencePoints="1" numBranchPoints="0" visitedBranchPoints="0" sequenceCoverage="100.0" branchCoverage="0" maxCyclomaticComplexity="0" minCyclomaticComplexity="0" maxCrapScore="0" minCrapScore="0" visitedClasses="0" numClasses="0" visitedMethods="1" numMethods="1" />
              <MetadataToken>100663333</MetadataToken>
              <Name>System.Boolean Tests.APITestPM/&lt;&gt;c__DisplayClass6_0::&lt;GetCars_WithValidToken_ShouldReturnCarList&gt;b__4()</Name>
              <FileRef uid="39" />
              <SequencePoints>
                <SequencePoint vc="6" uspid="14236" ordinal="0" offset="0" sl="139" sc="46" el="139" ec="46" bec="0" bev="0" fileid="39">
                  <TrackedMethodRefs>
                    <TrackedMethodRef uid="1" vc="6" />
                  </TrackedMethodRefs>
                </SequencePoint>
              </SequencePoints>
              <BranchPoints />
            </Method>
          </Methods>
        </Class>
        <Class>
          <Summary numSequencePoints="22" visitedSequencePoints="22" numBranchPoints="0" visitedBranchPoints="0" sequenceCoverage="100.0" branchCoverage="0.0" maxCyclomaticComplexity="0" minCyclomaticComplexity="0" maxCrapScore="0" minCrapScore="0" visitedClasses="1" numClasses="1" visitedMethods="1" numMethods="1" />
          <FullName>Tests.APITestPM/&lt;GetCars_WithValidToken_ShouldReturnCarList&gt;d__6</FullName>
          <Methods>
            <Method visited="true" cyclomaticComplexity="0" nPathComplexity="0" sequenceCoverage="100.0" branchCoverage="0" crapScore="0" isConstructor="false" isStatic="false" isGetter="false" isSetter="false">
              <Summary numSequencePoints="22" visitedSequencePoints="22" numBranchPoints="0" visitedBranchPoints="0" sequenceCoverage="100.0" branchCoverage="0" maxCyclomaticComplexity="0" minCyclomaticComplexity="0" maxCrapScore="0" minCrapScore="0" visitedClasses="0" numClasses="0" visitedMethods="1" numMethods="1" />
              <MetadataToken>100663360</MetadataToken>
              <Name>System.Boolean Tests.APITestPM/&lt;GetCars_WithValidToken_ShouldReturnCarList&gt;d__6::MoveNext()</Name>
              <FileRef uid="39" />
              <SequencePoints>
                <SequencePoint vc="1" uspid="14274" ordinal="0" offset="52" sl="95" sc="13" el="95" ec="13" bec="0" bev="0" fileid="39">
                  <TrackedMethodRefs>
                    <TrackedMethodRef uid="1" vc="1" />
                  </TrackedMethodRefs>
                </SequencePoint>
                <SequencePoint vc="1" uspid="14275" ordinal="0" offset="58" sl="96" sc="13" el="96" ec="13" bec="0" bev="0" fileid="39">
                  <TrackedMethodRefs>
                    <TrackedMethodRef uid="1" vc="1" />
                  </TrackedMethodRefs>
                </SequencePoint>
                <SequencePoint vc="1" uspid="14276" ordinal="0" offset="64" sl="98" sc="13" el="98" ec="13" bec="0" bev="0" fileid="39">
                  <TrackedMethodRefs>
                    <TrackedMethodRef uid="1" vc="1" />
                  </TrackedMethodRefs>
                </SequencePoint>
                <SequencePoint vc="1" uspid="14277" ordinal="0" offset="76" sl="99" sc="13" el="99" ec="13" bec="0" bev="0" fileid="39">
                  <TrackedMethodRefs>
                    <TrackedMethodRef uid="1" vc="1" />
                  </TrackedMethodRefs>
                </SequencePoint>
                <SequencePoint vc="1" uspid="14278" ordinal="0" offset="88" sl="100" sc="13" el="100" ec="13" bec="0" bev="0" fileid="39">
                  <TrackedMethodRefs>
                    <TrackedMethodRef uid="1" vc="1" />
                  </TrackedMethodRefs>
                </SequencePoint>
                <SequencePoint vc="1" uspid="14279" ordinal="0" offset="100" sl="101" sc="13" el="101" ec="13" bec="0" bev="0" fileid="39">
                  <TrackedMethodRefs>
                    <TrackedMethodRef uid="1" vc="1" />
                  </TrackedMethodRefs>
                </SequencePoint>
                <SequencePoint vc="1" uspid="14280" ordinal="0" offset="116" sl="102" sc="13" el="102" ec="13" bec="0" bev="0" fileid="39">
                  <TrackedMethodRefs>
                    <TrackedMethodRef uid="1" vc="1" />
                  </TrackedMethodRefs>
                </SequencePoint>
                <SequencePoint vc="1" uspid="14281" ordinal="0" offset="132" sl="117" sc="13" el="117" ec="13" bec="0" bev="0" fileid="39">
                  <TrackedMethodRefs>
                    <TrackedMethodRef uid="1" vc="1" />
                  </TrackedMethodRefs>
                </SequencePoint>
                <SequencePoint vc="1" uspid="14282" ordinal="0" offset="160" sl="118" sc="13" el="118" ec="13" bec="0" bev="0" fileid="39">
                  <TrackedMethodRefs>
                    <TrackedMethodRef uid="1" vc="1" />
                  </TrackedMethodRefs>
                </SequencePoint>
                <SequencePoint vc="1" uspid="14283" ordinal="0" offset="188" sl="120" sc="13" el="120" ec="13" bec="0" bev="0" fileid="39">
                  <TrackedMethodRefs>
                    <TrackedMethodRef uid="1" vc="1" />
                  </TrackedMethodRefs>
                </SequencePoint>
                <SequencePoint vc="1" uspid="14284" ordinal="0" offset="202" sl="122" sc="13" el="122" ec="13" bec="0" bev="0" fileid="39">
                  <TrackedMethodRefs>
                    <TrackedMethodRef uid="1" vc="1" />
                  </TrackedMethodRefs>
                </SequencePoint>
                <SequencePoint vc="1" uspid="14285" ordinal="0" offset="246" sl="123" sc="13" el="123" ec="13" bec="0" bev="0" fileid="39">
                  <TrackedMethodRefs>
                    <TrackedMethodRef uid="1" vc="1" />
                  </TrackedMethodRefs>
                </SequencePoint>
                <SequencePoint vc="1" uspid="14286" ordinal="0" offset="274" sl="124" sc="13" el="124" ec="13" bec="0" bev="0" fileid="39">
                  <TrackedMethodRefs>
                    <TrackedMethodRef uid="1" vc="1" />
                  </TrackedMethodRefs>
                </SequencePoint>
                <SequencePoint vc="1" uspid="14287" ordinal="0" offset="302" sl="126" sc="13" el="126" ec="13" bec="0" bev="0" fileid="39">
                  <TrackedMethodRefs>
                    <TrackedMethodRef uid="1" vc="1" />
                  </TrackedMethodRefs>
                </SequencePoint>
                <SequencePoint vc="1" uspid="14288" ordinal="0" offset="328" sl="129" sc="13" el="129" ec="13" bec="0" bev="0" fileid="39">
                  <TrackedMethodRefs>
                    <TrackedMethodRef uid="1" vc="1" />
                  </TrackedMethodRefs>
                </SequencePoint>
                <SequencePoint vc="1" uspid="14289" ordinal="0" offset="344" sl="136" sc="13" el="136" ec="13" bec="0" bev="0" fileid="39">
                  <TrackedMethodRefs>
                    <TrackedMethodRef uid="1" vc="1" />
                  </TrackedMethodRefs>
                </SequencePoint>
                <SequencePoint vc="1" uspid="14290" ordinal="0" offset="372" sl="137" sc="13" el="137" ec="13" bec="0" bev="0" fileid="39">
                  <TrackedMethodRefs>
                    <TrackedMethodRef uid="1" vc="1" />
                  </TrackedMethodRefs>
                </SequencePoint>
                <SequencePoint vc="1" uspid="14291" ordinal="0" offset="384" sl="139" sc="13" el="139" ec="13" bec="0" bev="0" fileid="39">
                  <TrackedMethodRefs>
                    <TrackedMethodRef uid="1" vc="1" />
                  </TrackedMethodRefs>
                </SequencePoint>
                <SequencePoint vc="1" uspid="14292" ordinal="0" offset="428" sl="140" sc="13" el="140" ec="13" bec="0" bev="0" fileid="39">
                  <TrackedMethodRefs>
                    <TrackedMethodRef uid="1" vc="1" />
                  </TrackedMethodRefs>
                </SequencePoint>
                <SequencePoint vc="1" uspid="14293" ordinal="0" offset="456" sl="142" sc="13" el="142" ec="13" bec="0" bev="0" fileid="39">
                  <TrackedMethodRefs>
                    <TrackedMethodRef uid="1" vc="1" />
                  </TrackedMethodRefs>
                </SequencePoint>
                <SequencePoint vc="1" uspid="14294" ordinal="0" offset="482" sl="143" sc="13" el="143" ec="13" bec="0" bev="0" fileid="39">
                  <TrackedMethodRefs>
                    <TrackedMethodRef uid="1" vc="1" />
                  </TrackedMethodRefs>
                </SequencePoint>
                <SequencePoint vc="1" uspid="14295" ordinal="0" offset="508" sl="144" sc="9" el="144" ec="9" bec="0" bev="0" fileid="39">
                  <TrackedMethodRefs>
                    <TrackedMethodRef uid="1" vc="1" />
                  </TrackedMethodRefs>
                </SequencePoint>
              </SequencePoints>
              <BranchPoints />
            </Method>
          </Methods>
        </Class>
      </Classes>
      <TrackedMethods>
        <TrackedMethod uid="1" token="100663303" name="System.Collections.IEnumerator Tests.APITestPM::GetCars_WithValidToken_ShouldReturnCarList()" strategy="Test" />
      </TrackedMethods>
    </Module>
  </Modules>
</CoverageSession>