<?xml version="1.0" encoding="utf-8"?>
<CoverageSession xmlns:xsd="http://www.w3.org/2001/XMLSchema" xmlns:xsi="http://www.w3.org/2001/XMLSchema-instance" Version="0.0.0.0">
  <Summary numSequencePoints="3586" visitedSequencePoints="0" numBranchPoints="0" visitedBranchPoints="0" sequenceCoverage="0.0" branchCoverage="0.0" maxCyclomaticComplexity="0" minCyclomaticComplexity="0" maxCrapScore="0" minCrapScore="0" visitedClasses="0" numClasses="151" visitedMethods="0" numMethods="463" />
  <Modules>
    <Module>
      <Summary numSequencePoints="2937" visitedSequencePoints="0" numBranchPoints="0" visitedBranchPoints="0" sequenceCoverage="0.0" branchCoverage="0.0" maxCyclomaticComplexity="0" minCyclomaticComplexity="0" maxCrapScore="0" minCrapScore="0" visitedClasses="0" numClasses="93" visitedMethods="0" numMethods="377" />
      <ModuleTime>0001-01-01T00:00:00</ModuleTime>
      <ModuleName>Assembly-CSharp</ModuleName>
      <Files>
        <File uid="1" fullPath="C:/Users/danny/OneDrive/Desktop/Tese/Shop-Floor-Digital-Twin-main/Assets/Objects/HighlightAndSelection.cs" />
        <File uid="2" fullPath="C:/Users/danny/OneDrive/Desktop/Tese/Shop-Floor-Digital-Twin-main/Assets/QuickOutline/Scripts/Outline.cs" />
        <File uid="3" fullPath="C:/Users/danny/OneDrive/Desktop/Tese/Shop-Floor-Digital-Twin-main/Assets/UI/ProjectsList.cs" />
        <File uid="4" fullPath="C:/Users/danny/OneDrive/Desktop/Tese/Shop-Floor-Digital-Twin-main/Assets/UI/AddCar.cs" />
        <File uid="5" fullPath="C:/Users/danny/OneDrive/Desktop/Tese/Shop-Floor-Digital-Twin-main/Assets/UI/CarInfoDetailPanel.cs" />
        <File uid="6" fullPath="C:/Users/danny/OneDrive/Desktop/Tese/Shop-Floor-Digital-Twin-main/Assets/UI/CarSlotCreator.cs" />
        <File uid="7" fullPath="C:/Users/danny/OneDrive/Desktop/Tese/Shop-Floor-Digital-Twin-main/Assets/UI/CarTimelineController.cs" />
        <File uid="8" fullPath="C:/Users/danny/OneDrive/Desktop/Tese/Shop-Floor-Digital-Twin-main/Assets/UI/Login.cs" />
        <File uid="9" fullPath="C:/Users/danny/OneDrive/Desktop/Tese/Shop-Floor-Digital-Twin-main/Assets/UI/Logout.cs" />
        <File uid="10" fullPath="C:/Users/danny/OneDrive/Desktop/Tese/Shop-Floor-Digital-Twin-main/Assets/UI/ProcessesAndActivitiesList.cs" />
        <File uid="11" fullPath="C:/Users/danny/OneDrive/Desktop/Tese/Shop-Floor-Digital-Twin-main/Assets/UI/UIManager.cs" />
        <File uid="12" fullPath="C:/Users/danny/OneDrive/Desktop/Tese/Shop-Floor-Digital-Twin-main/Assets/UI/UpdateCarLocationInTask.cs" />
        <File uid="13" fullPath="C:/Users/danny/OneDrive/Desktop/Tese/Shop-Floor-Digital-Twin-main/Assets/UI/VirtualMapScrollView.cs" />
        <File uid="14" fullPath="C:/Users/danny/OneDrive/Desktop/Tese/Shop-Floor-Digital-Twin-main/Assets/Objects/AccordionItem.cs" />
        <File uid="15" fullPath="C:/Users/danny/OneDrive/Desktop/Tese/Shop-Floor-Digital-Twin-main/Assets/Objects/CameraSystem.cs" />
        <File uid="16" fullPath="C:/Users/danny/OneDrive/Desktop/Tese/Shop-Floor-Digital-Twin-main/Assets/Objects/CarHover.cs" />
        <File uid="17" fullPath="C:/Users/danny/OneDrive/Desktop/Tese/Shop-Floor-Digital-Twin-main/Assets/Objects/CarObject.cs" />
        <File uid="18" fullPath="C:/Users/danny/OneDrive/Desktop/Tese/Shop-Floor-Digital-Twin-main/Assets/Objects/CarSlotMeshCreator.cs" />
        <File uid="19" fullPath="C:/Users/danny/OneDrive/Desktop/Tese/Shop-Floor-Digital-Twin-main/Assets/Objects/CarSlotObject.cs" />
        <File uid="20" fullPath="C:/Users/danny/OneDrive/Desktop/Tese/Shop-Floor-Digital-Twin-main/Assets/Objects/ColorPickerCar.cs" />
        <File uid="21" fullPath="C:/Users/danny/OneDrive/Desktop/Tese/Shop-Floor-Digital-Twin-main/Assets/Objects/ColorPickerLocation.cs" />
        <File uid="22" fullPath="C:/Users/danny/OneDrive/Desktop/Tese/Shop-Floor-Digital-Twin-main/Assets/Objects/CreatePolygon.cs" />
        <File uid="23" fullPath="C:/Users/danny/OneDrive/Desktop/Tese/Shop-Floor-Digital-Twin-main/Assets/Objects/Roof.cs" />
        <File uid="24" fullPath="C:/Users/danny/OneDrive/Desktop/Tese/Shop-Floor-Digital-Twin-main/Assets/Objects/SliderScript.cs" />
        <File uid="25" fullPath="C:/Users/danny/OneDrive/Desktop/Tese/Shop-Floor-Digital-Twin-main/Assets/Objects/VertexDragger.cs" />
        <File uid="26" fullPath="C:/Users/danny/OneDrive/Desktop/Tese/Shop-Floor-Digital-Twin-main/Assets/ColorPicker/Scripts/ColorPicker.cs" />
        <File uid="27" fullPath="C:/Users/danny/OneDrive/Desktop/Tese/Shop-Floor-Digital-Twin-main/Assets/ColorPicker/Scripts/ColorSlider.cs" />
        <File uid="28" fullPath="C:/Users/danny/OneDrive/Desktop/Tese/Shop-Floor-Digital-Twin-main/Assets/ColorPicker/Scripts/HsbPicker.cs" />
        <File uid="29" fullPath="C:/Users/danny/OneDrive/Desktop/Tese/Shop-Floor-Digital-Twin-main/Assets/ColorPicker/Scripts/InputChannel.cs" />
        <File uid="30" fullPath="C:/Users/danny/OneDrive/Desktop/Tese/Shop-Floor-Digital-Twin-main/Assets/ColorPicker/Scripts/InputColorChannels.cs" />
        <File uid="31" fullPath="C:/Users/danny/OneDrive/Desktop/Tese/Shop-Floor-Digital-Twin-main/Assets/ColorPicker/Scripts/InputHex.cs" />
        <File uid="32" fullPath="C:/Users/danny/OneDrive/Desktop/Tese/Shop-Floor-Digital-Twin-main/Assets/ColorPicker/Scripts/PointerTrackerArea.cs" />
        <File uid="33" fullPath="C:/Users/danny/OneDrive/Desktop/Tese/Shop-Floor-Digital-Twin-main/Assets/ColorPicker/Scripts/RectPicker.cs" />
      </Files>
      <Classes>
        <Class>
          <Summary numSequencePoints="65" visitedSequencePoints="0" numBranchPoints="0" visitedBranchPoints="0" sequenceCoverage="0.0" branchCoverage="0.0" maxCyclomaticComplexity="0" minCyclomaticComplexity="0" maxCrapScore="0" minCrapScore="0" visitedClasses="0" numClasses="1" visitedMethods="0" numMethods="9" />
          <FullName>HighlightAndSelection</FullName>
          <Methods>
            <Method visited="false" cyclomaticComplexity="0" nPathComplexity="0" sequenceCoverage="0.0" branchCoverage="0" crapScore="0" isConstructor="false" isStatic="false" isGetter="false" isSetter="false">
              <Summary numSequencePoints="2" visitedSequencePoints="0" numBranchPoints="0" visitedBranchPoints="0" sequenceCoverage="0.0" branchCoverage="0" maxCyclomaticComplexity="0" minCyclomaticComplexity="0" maxCrapScore="0" minCrapScore="0" visitedClasses="0" numClasses="0" visitedMethods="0" numMethods="1" />
              <MetadataToken>100663297</MetadataToken>
              <Name>System.Void HighlightAndSelection::Start()</Name>
              <FileRef uid="1" />
              <SequencePoints>
                <SequencePoint vc="0" uspid="1" ordinal="0" offset="0" sl="28" sc="0" el="28" ec="0" bec="0" bev="0" fileid="1" />
                <SequencePoint vc="0" uspid="2" ordinal="0" offset="11" sl="29" sc="0" el="29" ec="0" bec="0" bev="0" fileid="1" />
              </SequencePoints>
              <BranchPoints />
            </Method>
            <Method visited="false" cyclomaticComplexity="0" nPathComplexity="0" sequenceCoverage="0.0" branchCoverage="0" crapScore="0" isConstructor="false" isStatic="false" isGetter="false" isSetter="false">
              <Summary numSequencePoints="36" visitedSequencePoints="0" numBranchPoints="0" visitedBranchPoints="0" sequenceCoverage="0.0" branchCoverage="0" maxCyclomaticComplexity="0" minCyclomaticComplexity="0" maxCrapScore="0" minCrapScore="0" visitedClasses="0" numClasses="0" visitedMethods="0" numMethods="1" />
              <MetadataToken>100663298</MetadataToken>
              <Name>System.Void HighlightAndSelection::Update()</Name>
              <FileRef uid="1" />
              <SequencePoints>
                <SequencePoint vc="0" uspid="3" ordinal="0" offset="0" sl="34" sc="0" el="34" ec="0" bec="0" bev="0" fileid="1" />
                <SequencePoint vc="0" uspid="4" ordinal="0" offset="14" sl="36" sc="0" el="36" ec="0" bec="0" bev="0" fileid="1" />
                <SequencePoint vc="0" uspid="5" ordinal="0" offset="36" sl="37" sc="0" el="37" ec="0" bec="0" bev="0" fileid="1" />
                <SequencePoint vc="0" uspid="6" ordinal="0" offset="43" sl="38" sc="0" el="38" ec="0" bec="0" bev="0" fileid="1" />
                <SequencePoint vc="0" uspid="7" ordinal="0" offset="49" sl="40" sc="0" el="40" ec="0" bec="0" bev="0" fileid="1" />
                <SequencePoint vc="0" uspid="8" ordinal="0" offset="65" sl="41" sc="0" el="41" ec="0" bec="0" bev="0" fileid="1" />
                <SequencePoint vc="0" uspid="9" ordinal="0" offset="97" sl="43" sc="0" el="43" ec="0" bec="0" bev="0" fileid="1" />
                <SequencePoint vc="0" uspid="10" ordinal="0" offset="114" sl="44" sc="0" el="44" ec="0" bec="0" bev="0" fileid="1" />
                <SequencePoint vc="0" uspid="11" ordinal="0" offset="157" sl="46" sc="0" el="46" ec="0" bec="0" bev="0" fileid="1" />
                <SequencePoint vc="0" uspid="12" ordinal="0" offset="181" sl="48" sc="0" el="48" ec="0" bec="0" bev="0" fileid="1" />
                <SequencePoint vc="0" uspid="13" ordinal="0" offset="205" sl="52" sc="0" el="52" ec="0" bec="0" bev="0" fileid="1" />
                <SequencePoint vc="0" uspid="14" ordinal="0" offset="221" sl="53" sc="0" el="53" ec="0" bec="0" bev="0" fileid="1" />
                <SequencePoint vc="0" uspid="15" ordinal="0" offset="227" sl="54" sc="0" el="54" ec="0" bec="0" bev="0" fileid="1" />
                <SequencePoint vc="0" uspid="16" ordinal="0" offset="253" sl="55" sc="0" el="55" ec="0" bec="0" bev="0" fileid="1" />
                <SequencePoint vc="0" uspid="17" ordinal="0" offset="279" sl="57" sc="0" el="57" ec="0" bec="0" bev="0" fileid="1" />
                <SequencePoint vc="0" uspid="18" ordinal="0" offset="287" sl="61" sc="0" el="61" ec="0" bec="0" bev="0" fileid="1" />
                <SequencePoint vc="0" uspid="19" ordinal="0" offset="294" sl="66" sc="0" el="66" ec="0" bec="0" bev="0" fileid="1" />
                <SequencePoint vc="0" uspid="20" ordinal="0" offset="316" sl="69" sc="0" el="69" ec="0" bec="0" bev="0" fileid="1" />
                <SequencePoint vc="0" uspid="21" ordinal="0" offset="328" sl="71" sc="0" el="71" ec="0" bec="0" bev="0" fileid="1" />
                <SequencePoint vc="0" uspid="22" ordinal="0" offset="329" sl="75" sc="0" el="75" ec="0" bec="0" bev="0" fileid="1" />
                <SequencePoint vc="0" uspid="23" ordinal="0" offset="342" sl="77" sc="0" el="77" ec="0" bec="0" bev="0" fileid="1" />
                <SequencePoint vc="0" uspid="24" ordinal="0" offset="352" sl="79" sc="0" el="79" ec="0" bec="0" bev="0" fileid="1" />
                <SequencePoint vc="0" uspid="25" ordinal="0" offset="366" sl="81" sc="0" el="81" ec="0" bec="0" bev="0" fileid="1" />
                <SequencePoint vc="0" uspid="26" ordinal="0" offset="388" sl="83" sc="0" el="83" ec="0" bec="0" bev="0" fileid="1" />
                <SequencePoint vc="0" uspid="27" ordinal="0" offset="405" sl="84" sc="0" el="84" ec="0" bec="0" bev="0" fileid="1" />
                <SequencePoint vc="0" uspid="28" ordinal="0" offset="427" sl="85" sc="0" el="85" ec="0" bec="0" bev="0" fileid="1" />
                <SequencePoint vc="0" uspid="29" ordinal="0" offset="433" sl="86" sc="0" el="86" ec="0" bec="0" bev="0" fileid="1" />
                <SequencePoint vc="0" uspid="30" ordinal="0" offset="439" sl="87" sc="0" el="87" ec="0" bec="0" bev="0" fileid="1" />
                <SequencePoint vc="0" uspid="31" ordinal="0" offset="448" sl="91" sc="0" el="91" ec="0" bec="0" bev="0" fileid="1" />
                <SequencePoint vc="0" uspid="32" ordinal="0" offset="458" sl="93" sc="0" el="93" ec="0" bec="0" bev="0" fileid="1" />
                <SequencePoint vc="0" uspid="33" ordinal="0" offset="471" sl="95" sc="0" el="95" ec="0" bec="0" bev="0" fileid="1" />
                <SequencePoint vc="0" uspid="34" ordinal="0" offset="493" sl="96" sc="0" el="96" ec="0" bec="0" bev="0" fileid="1" />
                <SequencePoint vc="0" uspid="35" ordinal="0" offset="500" sl="97" sc="0" el="97" ec="0" bec="0" bev="0" fileid="1" />
                <SequencePoint vc="0" uspid="36" ordinal="0" offset="506" sl="103" sc="0" el="103" ec="0" bec="0" bev="0" fileid="1" />
                <SequencePoint vc="0" uspid="37" ordinal="0" offset="556" sl="105" sc="0" el="105" ec="0" bec="0" bev="0" fileid="1" />
                <SequencePoint vc="0" uspid="38" ordinal="0" offset="592" sl="108" sc="0" el="108" ec="0" bec="0" bev="0" fileid="1" />
              </SequencePoints>
              <BranchPoints />
            </Method>
            <Method visited="false" cyclomaticComplexity="0" nPathComplexity="0" sequenceCoverage="0.0" branchCoverage="0" crapScore="0" isConstructor="false" isStatic="false" isGetter="false" isSetter="false">
              <Summary numSequencePoints="11" visitedSequencePoints="0" numBranchPoints="0" visitedBranchPoints="0" sequenceCoverage="0.0" branchCoverage="0" maxCyclomaticComplexity="0" minCyclomaticComplexity="0" maxCrapScore="0" minCrapScore="0" visitedClasses="0" numClasses="0" visitedMethods="0" numMethods="1" />
              <MetadataToken>100663299</MetadataToken>
              <Name>System.Void HighlightAndSelection::DisplayHover()</Name>
              <FileRef uid="1" />
              <SequencePoints>
                <SequencePoint vc="0" uspid="39" ordinal="0" offset="0" sl="112" sc="0" el="112" ec="0" bec="0" bev="0" fileid="1" />
                <SequencePoint vc="0" uspid="40" ordinal="0" offset="14" sl="114" sc="0" el="114" ec="0" bec="0" bev="0" fileid="1" />
                <SequencePoint vc="0" uspid="41" ordinal="0" offset="25" sl="116" sc="0" el="116" ec="0" bec="0" bev="0" fileid="1" />
                <SequencePoint vc="0" uspid="42" ordinal="0" offset="47" sl="118" sc="0" el="118" ec="0" bec="0" bev="0" fileid="1" />
                <SequencePoint vc="0" uspid="43" ordinal="0" offset="53" sl="120" sc="0" el="120" ec="0" bec="0" bev="0" fileid="1" />
                <SequencePoint vc="0" uspid="44" ordinal="0" offset="59" sl="121" sc="0" el="121" ec="0" bec="0" bev="0" fileid="1" />
                <SequencePoint vc="0" uspid="45" ordinal="0" offset="75" sl="122" sc="0" el="122" ec="0" bec="0" bev="0" fileid="1" />
                <SequencePoint vc="0" uspid="46" ordinal="0" offset="91" sl="124" sc="0" el="124" ec="0" bec="0" bev="0" fileid="1" />
                <SequencePoint vc="0" uspid="47" ordinal="0" offset="120" sl="125" sc="0" el="125" ec="0" bec="0" bev="0" fileid="1" />
                <SequencePoint vc="0" uspid="48" ordinal="0" offset="180" sl="126" sc="0" el="126" ec="0" bec="0" bev="0" fileid="1" />
                <SequencePoint vc="0" uspid="49" ordinal="0" offset="197" sl="128" sc="0" el="128" ec="0" bec="0" bev="0" fileid="1" />
              </SequencePoints>
              <BranchPoints />
            </Method>
            <Method visited="false" cyclomaticComplexity="0" nPathComplexity="0" sequenceCoverage="0.0" branchCoverage="0" crapScore="0" isConstructor="false" isStatic="false" isGetter="false" isSetter="false">
              <Summary numSequencePoints="3" visitedSequencePoints="0" numBranchPoints="0" visitedBranchPoints="0" sequenceCoverage="0.0" branchCoverage="0" maxCyclomaticComplexity="0" minCyclomaticComplexity="0" maxCrapScore="0" minCrapScore="0" visitedClasses="0" numClasses="0" visitedMethods="0" numMethods="1" />
              <MetadataToken>100663300</MetadataToken>
              <Name>System.Void HighlightAndSelection::DestroyHover()</Name>
              <FileRef uid="1" />
              <SequencePoints>
                <SequencePoint vc="0" uspid="50" ordinal="0" offset="0" sl="132" sc="0" el="132" ec="0" bec="0" bev="0" fileid="1" />
                <SequencePoint vc="0" uspid="51" ordinal="0" offset="14" sl="134" sc="0" el="134" ec="0" bec="0" bev="0" fileid="1" />
                <SequencePoint vc="0" uspid="52" ordinal="0" offset="25" sl="136" sc="0" el="136" ec="0" bec="0" bev="0" fileid="1" />
              </SequencePoints>
              <BranchPoints />
            </Method>
            <Method visited="false" cyclomaticComplexity="0" nPathComplexity="0" sequenceCoverage="0.0" branchCoverage="0" crapScore="0" isConstructor="false" isStatic="false" isGetter="false" isSetter="false">
              <Summary numSequencePoints="5" visitedSequencePoints="0" numBranchPoints="0" visitedBranchPoints="0" sequenceCoverage="0.0" branchCoverage="0" maxCyclomaticComplexity="0" minCyclomaticComplexity="0" maxCrapScore="0" minCrapScore="0" visitedClasses="0" numClasses="0" visitedMethods="0" numMethods="1" />
              <MetadataToken>100663301</MetadataToken>
              <Name>System.Void HighlightAndSelection::DisplayCarInfoPanel()</Name>
              <FileRef uid="1" />
              <SequencePoints>
                <SequencePoint vc="0" uspid="53" ordinal="0" offset="0" sl="141" sc="0" el="141" ec="0" bec="0" bev="0" fileid="1" />
                <SequencePoint vc="0" uspid="54" ordinal="0" offset="22" sl="142" sc="0" el="142" ec="0" bec="0" bev="0" fileid="1" />
                <SequencePoint vc="0" uspid="55" ordinal="0" offset="25" sl="144" sc="0" el="144" ec="0" bec="0" bev="0" fileid="1" />
                <SequencePoint vc="0" uspid="56" ordinal="0" offset="40" sl="145" sc="0" el="145" ec="0" bec="0" bev="0" fileid="1" />
                <SequencePoint vc="0" uspid="57" ordinal="0" offset="46" sl="148" sc="0" el="148" ec="0" bec="0" bev="0" fileid="1" />
              </SequencePoints>
              <BranchPoints />
            </Method>
            <Method visited="false" cyclomaticComplexity="0" nPathComplexity="0" sequenceCoverage="0.0" branchCoverage="0" crapScore="0" isConstructor="false" isStatic="false" isGetter="false" isSetter="false">
              <Summary numSequencePoints="3" visitedSequencePoints="0" numBranchPoints="0" visitedBranchPoints="0" sequenceCoverage="0.0" branchCoverage="0" maxCyclomaticComplexity="0" minCyclomaticComplexity="0" maxCrapScore="0" minCrapScore="0" visitedClasses="0" numClasses="0" visitedMethods="0" numMethods="1" />
              <MetadataToken>100663302</MetadataToken>
              <Name>System.Void HighlightAndSelection::DestroyCarInfoPanel()</Name>
              <FileRef uid="1" />
              <SequencePoints>
                <SequencePoint vc="0" uspid="58" ordinal="0" offset="0" sl="152" sc="0" el="152" ec="0" bec="0" bev="0" fileid="1" />
                <SequencePoint vc="0" uspid="59" ordinal="0" offset="14" sl="154" sc="0" el="154" ec="0" bec="0" bev="0" fileid="1" />
                <SequencePoint vc="0" uspid="60" ordinal="0" offset="25" sl="156" sc="0" el="156" ec="0" bec="0" bev="0" fileid="1" />
              </SequencePoints>
              <BranchPoints />
            </Method>
            <Method visited="false" cyclomaticComplexity="0" nPathComplexity="0" sequenceCoverage="0.0" branchCoverage="0" crapScore="0" isConstructor="false" isStatic="false" isGetter="false" isSetter="false">
              <Summary numSequencePoints="2" visitedSequencePoints="0" numBranchPoints="0" visitedBranchPoints="0" sequenceCoverage="0.0" branchCoverage="0" maxCyclomaticComplexity="0" minCyclomaticComplexity="0" maxCrapScore="0" minCrapScore="0" visitedClasses="0" numClasses="0" visitedMethods="0" numMethods="1" />
              <MetadataToken>100663303</MetadataToken>
              <Name>System.Void HighlightAndSelection::SelectionOn()</Name>
              <FileRef uid="1" />
              <SequencePoints>
                <SequencePoint vc="0" uspid="61" ordinal="0" offset="0" sl="160" sc="0" el="160" ec="0" bec="0" bev="0" fileid="1" />
                <SequencePoint vc="0" uspid="62" ordinal="0" offset="7" sl="161" sc="0" el="161" ec="0" bec="0" bev="0" fileid="1" />
              </SequencePoints>
              <BranchPoints />
            </Method>
            <Method visited="false" cyclomaticComplexity="0" nPathComplexity="0" sequenceCoverage="0.0" branchCoverage="0" crapScore="0" isConstructor="false" isStatic="false" isGetter="false" isSetter="false">
              <Summary numSequencePoints="2" visitedSequencePoints="0" numBranchPoints="0" visitedBranchPoints="0" sequenceCoverage="0.0" branchCoverage="0" maxCyclomaticComplexity="0" minCyclomaticComplexity="0" maxCrapScore="0" minCrapScore="0" visitedClasses="0" numClasses="0" visitedMethods="0" numMethods="1" />
              <MetadataToken>100663304</MetadataToken>
              <Name>System.Void HighlightAndSelection::SelectionOff()</Name>
              <FileRef uid="1" />
              <SequencePoints>
                <SequencePoint vc="0" uspid="63" ordinal="0" offset="0" sl="164" sc="0" el="164" ec="0" bec="0" bev="0" fileid="1" />
                <SequencePoint vc="0" uspid="64" ordinal="0" offset="7" sl="165" sc="0" el="165" ec="0" bec="0" bev="0" fileid="1" />
              </SequencePoints>
              <BranchPoints />
            </Method>
            <Method visited="false" cyclomaticComplexity="0" nPathComplexity="0" sequenceCoverage="0.0" branchCoverage="0" crapScore="0" isConstructor="true" isStatic="false" isGetter="false" isSetter="false">
              <Summary numSequencePoints="1" visitedSequencePoints="0" numBranchPoints="0" visitedBranchPoints="0" sequenceCoverage="0.0" branchCoverage="0" maxCyclomaticComplexity="0" minCyclomaticComplexity="0" maxCrapScore="0" minCrapScore="0" visitedClasses="0" numClasses="0" visitedMethods="0" numMethods="1" />
              <MetadataToken>100663305</MetadataToken>
              <Name>HighlightAndSelection::HighlightAndSelection()</Name>
              <FileRef uid="1" />
              <SequencePoints>
                <SequencePoint vc="0" uspid="65" ordinal="0" offset="0" sl="24" sc="0" el="24" ec="0" bec="0" bev="0" fileid="1" />
              </SequencePoints>
              <BranchPoints />
            </Method>
          </Methods>
        </Class>
        <Class>
          <Summary numSequencePoints="127" visitedSequencePoints="0" numBranchPoints="0" visitedBranchPoints="0" sequenceCoverage="0.0" branchCoverage="0.0" maxCyclomaticComplexity="0" minCyclomaticComplexity="0" maxCrapScore="0" minCrapScore="0" visitedClasses="0" numClasses="1" visitedMethods="0" numMethods="19" />
          <FullName>Outline</FullName>
          <Methods>
            <Method visited="false" cyclomaticComplexity="0" nPathComplexity="0" sequenceCoverage="0.0" branchCoverage="0" crapScore="0" isConstructor="false" isStatic="false" isGetter="true" isSetter="false">
              <Summary numSequencePoints="1" visitedSequencePoints="0" numBranchPoints="0" visitedBranchPoints="0" sequenceCoverage="0.0" branchCoverage="0" maxCyclomaticComplexity="0" minCyclomaticComplexity="0" maxCrapScore="0" minCrapScore="0" visitedClasses="0" numClasses="0" visitedMethods="0" numMethods="1" />
              <MetadataToken>100663306</MetadataToken>
              <Name>Outline/Mode Outline::get_OutlineMode()</Name>
              <FileRef uid="2" />
              <SequencePoints>
                <SequencePoint vc="0" uspid="66" ordinal="0" offset="0" sl="28" sc="0" el="28" ec="0" bec="0" bev="0" fileid="2" />
              </SequencePoints>
              <BranchPoints />
            </Method>
            <Method visited="false" cyclomaticComplexity="0" nPathComplexity="0" sequenceCoverage="0.0" branchCoverage="0" crapScore="0" isConstructor="false" isStatic="false" isGetter="false" isSetter="true">
              <Summary numSequencePoints="3" visitedSequencePoints="0" numBranchPoints="0" visitedBranchPoints="0" sequenceCoverage="0.0" branchCoverage="0" maxCyclomaticComplexity="0" minCyclomaticComplexity="0" maxCrapScore="0" minCrapScore="0" visitedClasses="0" numClasses="0" visitedMethods="0" numMethods="1" />
              <MetadataToken>100663307</MetadataToken>
              <Name>System.Void Outline::set_OutlineMode(Outline/Mode)</Name>
              <FileRef uid="2" />
              <SequencePoints>
                <SequencePoint vc="0" uspid="67" ordinal="0" offset="0" sl="30" sc="0" el="30" ec="0" bec="0" bev="0" fileid="2" />
                <SequencePoint vc="0" uspid="68" ordinal="0" offset="7" sl="31" sc="0" el="31" ec="0" bec="0" bev="0" fileid="2" />
                <SequencePoint vc="0" uspid="69" ordinal="0" offset="14" sl="32" sc="0" el="32" ec="0" bec="0" bev="0" fileid="2" />
              </SequencePoints>
              <BranchPoints />
            </Method>
            <Method visited="false" cyclomaticComplexity="0" nPathComplexity="0" sequenceCoverage="0.0" branchCoverage="0" crapScore="0" isConstructor="false" isStatic="false" isGetter="true" isSetter="false">
              <Summary numSequencePoints="1" visitedSequencePoints="0" numBranchPoints="0" visitedBranchPoints="0" sequenceCoverage="0.0" branchCoverage="0" maxCyclomaticComplexity="0" minCyclomaticComplexity="0" maxCrapScore="0" minCrapScore="0" visitedClasses="0" numClasses="0" visitedMethods="0" numMethods="1" />
              <MetadataToken>100663308</MetadataToken>
              <Name>UnityEngine.Color Outline::get_OutlineColor()</Name>
              <FileRef uid="2" />
              <SequencePoints>
                <SequencePoint vc="0" uspid="70" ordinal="0" offset="0" sl="36" sc="0" el="36" ec="0" bec="0" bev="0" fileid="2" />
              </SequencePoints>
              <BranchPoints />
            </Method>
            <Method visited="false" cyclomaticComplexity="0" nPathComplexity="0" sequenceCoverage="0.0" branchCoverage="0" crapScore="0" isConstructor="false" isStatic="false" isGetter="false" isSetter="true">
              <Summary numSequencePoints="3" visitedSequencePoints="0" numBranchPoints="0" visitedBranchPoints="0" sequenceCoverage="0.0" branchCoverage="0" maxCyclomaticComplexity="0" minCyclomaticComplexity="0" maxCrapScore="0" minCrapScore="0" visitedClasses="0" numClasses="0" visitedMethods="0" numMethods="1" />
              <MetadataToken>100663309</MetadataToken>
              <Name>System.Void Outline::set_OutlineColor(UnityEngine.Color)</Name>
              <FileRef uid="2" />
              <SequencePoints>
                <SequencePoint vc="0" uspid="71" ordinal="0" offset="0" sl="38" sc="0" el="38" ec="0" bec="0" bev="0" fileid="2" />
                <SequencePoint vc="0" uspid="72" ordinal="0" offset="7" sl="39" sc="0" el="39" ec="0" bec="0" bev="0" fileid="2" />
                <SequencePoint vc="0" uspid="73" ordinal="0" offset="14" sl="40" sc="0" el="40" ec="0" bec="0" bev="0" fileid="2" />
              </SequencePoints>
              <BranchPoints />
            </Method>
            <Method visited="false" cyclomaticComplexity="0" nPathComplexity="0" sequenceCoverage="0.0" branchCoverage="0" crapScore="0" isConstructor="false" isStatic="false" isGetter="true" isSetter="false">
              <Summary numSequencePoints="1" visitedSequencePoints="0" numBranchPoints="0" visitedBranchPoints="0" sequenceCoverage="0.0" branchCoverage="0" maxCyclomaticComplexity="0" minCyclomaticComplexity="0" maxCrapScore="0" minCrapScore="0" visitedClasses="0" numClasses="0" visitedMethods="0" numMethods="1" />
              <MetadataToken>100663310</MetadataToken>
              <Name>System.Single Outline::get_OutlineWidth()</Name>
              <FileRef uid="2" />
              <SequencePoints>
                <SequencePoint vc="0" uspid="74" ordinal="0" offset="0" sl="44" sc="0" el="44" ec="0" bec="0" bev="0" fileid="2" />
              </SequencePoints>
              <BranchPoints />
            </Method>
            <Method visited="false" cyclomaticComplexity="0" nPathComplexity="0" sequenceCoverage="0.0" branchCoverage="0" crapScore="0" isConstructor="false" isStatic="false" isGetter="false" isSetter="true">
              <Summary numSequencePoints="3" visitedSequencePoints="0" numBranchPoints="0" visitedBranchPoints="0" sequenceCoverage="0.0" branchCoverage="0" maxCyclomaticComplexity="0" minCyclomaticComplexity="0" maxCrapScore="0" minCrapScore="0" visitedClasses="0" numClasses="0" visitedMethods="0" numMethods="1" />
              <MetadataToken>100663311</MetadataToken>
              <Name>System.Void Outline::set_OutlineWidth(System.Single)</Name>
              <FileRef uid="2" />
              <SequencePoints>
                <SequencePoint vc="0" uspid="75" ordinal="0" offset="0" sl="46" sc="0" el="46" ec="0" bec="0" bev="0" fileid="2" />
                <SequencePoint vc="0" uspid="76" ordinal="0" offset="7" sl="47" sc="0" el="47" ec="0" bec="0" bev="0" fileid="2" />
                <SequencePoint vc="0" uspid="77" ordinal="0" offset="14" sl="48" sc="0" el="48" ec="0" bec="0" bev="0" fileid="2" />
              </SequencePoints>
              <BranchPoints />
            </Method>
            <Method visited="false" cyclomaticComplexity="0" nPathComplexity="0" sequenceCoverage="0.0" branchCoverage="0" crapScore="0" isConstructor="false" isStatic="false" isGetter="false" isSetter="false">
              <Summary numSequencePoints="8" visitedSequencePoints="0" numBranchPoints="0" visitedBranchPoints="0" sequenceCoverage="0.0" branchCoverage="0" maxCyclomaticComplexity="0" minCyclomaticComplexity="0" maxCrapScore="0" minCrapScore="0" visitedClasses="0" numClasses="0" visitedMethods="0" numMethods="1" />
              <MetadataToken>100663312</MetadataToken>
              <Name>System.Void Outline::Awake()</Name>
              <FileRef uid="2" />
              <SequencePoints>
                <SequencePoint vc="0" uspid="78" ordinal="0" offset="0" sl="86" sc="0" el="86" ec="0" bec="0" bev="0" fileid="2" />
                <SequencePoint vc="0" uspid="79" ordinal="0" offset="12" sl="89" sc="0" el="89" ec="0" bec="0" bev="0" fileid="2" />
                <SequencePoint vc="0" uspid="80" ordinal="0" offset="33" sl="90" sc="0" el="90" ec="0" bec="0" bev="0" fileid="2" />
                <SequencePoint vc="0" uspid="81" ordinal="0" offset="54" sl="92" sc="0" el="92" ec="0" bec="0" bev="0" fileid="2" />
                <SequencePoint vc="0" uspid="82" ordinal="0" offset="70" sl="93" sc="0" el="93" ec="0" bec="0" bev="0" fileid="2" />
                <SequencePoint vc="0" uspid="83" ordinal="0" offset="86" sl="96" sc="0" el="96" ec="0" bec="0" bev="0" fileid="2" />
                <SequencePoint vc="0" uspid="84" ordinal="0" offset="92" sl="99" sc="0" el="99" ec="0" bec="0" bev="0" fileid="2" />
                <SequencePoint vc="0" uspid="85" ordinal="0" offset="99" sl="100" sc="0" el="100" ec="0" bec="0" bev="0" fileid="2" />
              </SequencePoints>
              <BranchPoints />
            </Method>
            <Method visited="false" cyclomaticComplexity="0" nPathComplexity="0" sequenceCoverage="0.0" branchCoverage="0" crapScore="0" isConstructor="false" isStatic="false" isGetter="false" isSetter="false">
              <Summary numSequencePoints="8" visitedSequencePoints="0" numBranchPoints="0" visitedBranchPoints="0" sequenceCoverage="0.0" branchCoverage="0" maxCyclomaticComplexity="0" minCyclomaticComplexity="0" maxCrapScore="0" minCrapScore="0" visitedClasses="0" numClasses="0" visitedMethods="0" numMethods="1" />
              <MetadataToken>100663313</MetadataToken>
              <Name>System.Void Outline::OnEnable()</Name>
              <FileRef uid="2" />
              <SequencePoints>
                <SequencePoint vc="0" uspid="86" ordinal="0" offset="0" sl="103" sc="0" el="103" ec="0" bec="0" bev="0" fileid="2" />
                <SequencePoint vc="0" uspid="87" ordinal="0" offset="11" sl="103" sc="0" el="103" ec="0" bec="0" bev="0" fileid="2" />
                <SequencePoint vc="0" uspid="88" ordinal="0" offset="14" sl="106" sc="0" el="106" ec="0" bec="0" bev="0" fileid="2" />
                <SequencePoint vc="0" uspid="89" ordinal="0" offset="26" sl="108" sc="0" el="108" ec="0" bec="0" bev="0" fileid="2" />
                <SequencePoint vc="0" uspid="90" ordinal="0" offset="38" sl="109" sc="0" el="109" ec="0" bec="0" bev="0" fileid="2" />
                <SequencePoint vc="0" uspid="91" ordinal="0" offset="50" sl="111" sc="0" el="111" ec="0" bec="0" bev="0" fileid="2" />
                <SequencePoint vc="0" uspid="92" ordinal="0" offset="65" sl="103" sc="0" el="103" ec="0" bec="0" bev="0" fileid="2" />
                <SequencePoint vc="0" uspid="93" ordinal="0" offset="71" sl="113" sc="0" el="113" ec="0" bec="0" bev="0" fileid="2" />
              </SequencePoints>
              <BranchPoints />
            </Method>
            <Method visited="false" cyclomaticComplexity="0" nPathComplexity="0" sequenceCoverage="0.0" branchCoverage="0" crapScore="0" isConstructor="false" isStatic="false" isGetter="false" isSetter="false">
              <Summary numSequencePoints="7" visitedSequencePoints="0" numBranchPoints="0" visitedBranchPoints="0" sequenceCoverage="0.0" branchCoverage="0" maxCyclomaticComplexity="0" minCyclomaticComplexity="0" maxCrapScore="0" minCrapScore="0" visitedClasses="0" numClasses="0" visitedMethods="0" numMethods="1" />
              <MetadataToken>100663314</MetadataToken>
              <Name>System.Void Outline::OnValidate()</Name>
              <FileRef uid="2" />
              <SequencePoints>
                <SequencePoint vc="0" uspid="94" ordinal="0" offset="0" sl="118" sc="0" el="118" ec="0" bec="0" bev="0" fileid="2" />
                <SequencePoint vc="0" uspid="95" ordinal="0" offset="7" sl="121" sc="0" el="121" ec="0" bec="0" bev="0" fileid="2" />
                <SequencePoint vc="0" uspid="96" ordinal="0" offset="52" sl="122" sc="0" el="122" ec="0" bec="0" bev="0" fileid="2" />
                <SequencePoint vc="0" uspid="97" ordinal="0" offset="63" sl="123" sc="0" el="123" ec="0" bec="0" bev="0" fileid="2" />
                <SequencePoint vc="0" uspid="98" ordinal="0" offset="74" sl="127" sc="0" el="127" ec="0" bec="0" bev="0" fileid="2" />
                <SequencePoint vc="0" uspid="99" ordinal="0" offset="95" sl="128" sc="0" el="128" ec="0" bec="0" bev="0" fileid="2" />
                <SequencePoint vc="0" uspid="100" ordinal="0" offset="101" sl="130" sc="0" el="130" ec="0" bec="0" bev="0" fileid="2" />
              </SequencePoints>
              <BranchPoints />
            </Method>
            <Method visited="false" cyclomaticComplexity="0" nPathComplexity="0" sequenceCoverage="0.0" branchCoverage="0" crapScore="0" isConstructor="false" isStatic="false" isGetter="false" isSetter="false">
              <Summary numSequencePoints="4" visitedSequencePoints="0" numBranchPoints="0" visitedBranchPoints="0" sequenceCoverage="0.0" branchCoverage="0" maxCyclomaticComplexity="0" minCyclomaticComplexity="0" maxCrapScore="0" minCrapScore="0" visitedClasses="0" numClasses="0" visitedMethods="0" numMethods="1" />
              <MetadataToken>100663315</MetadataToken>
              <Name>System.Void Outline::Update()</Name>
              <FileRef uid="2" />
              <SequencePoints>
                <SequencePoint vc="0" uspid="101" ordinal="0" offset="0" sl="133" sc="0" el="133" ec="0" bec="0" bev="0" fileid="2" />
                <SequencePoint vc="0" uspid="102" ordinal="0" offset="8" sl="134" sc="0" el="134" ec="0" bec="0" bev="0" fileid="2" />
                <SequencePoint vc="0" uspid="103" ordinal="0" offset="15" sl="136" sc="0" el="136" ec="0" bec="0" bev="0" fileid="2" />
                <SequencePoint vc="0" uspid="104" ordinal="0" offset="21" sl="138" sc="0" el="138" ec="0" bec="0" bev="0" fileid="2" />
              </SequencePoints>
              <BranchPoints />
            </Method>
            <Method visited="false" cyclomaticComplexity="0" nPathComplexity="0" sequenceCoverage="0.0" branchCoverage="0" crapScore="0" isConstructor="false" isStatic="false" isGetter="false" isSetter="false">
              <Summary numSequencePoints="8" visitedSequencePoints="0" numBranchPoints="0" visitedBranchPoints="0" sequenceCoverage="0.0" branchCoverage="0" maxCyclomaticComplexity="0" minCyclomaticComplexity="0" maxCrapScore="0" minCrapScore="0" visitedClasses="0" numClasses="0" visitedMethods="0" numMethods="1" />
              <MetadataToken>100663316</MetadataToken>
              <Name>System.Void Outline::OnDisable()</Name>
              <FileRef uid="2" />
              <SequencePoints>
                <SequencePoint vc="0" uspid="105" ordinal="0" offset="0" sl="141" sc="0" el="141" ec="0" bec="0" bev="0" fileid="2" />
                <SequencePoint vc="0" uspid="106" ordinal="0" offset="11" sl="141" sc="0" el="141" ec="0" bec="0" bev="0" fileid="2" />
                <SequencePoint vc="0" uspid="107" ordinal="0" offset="14" sl="144" sc="0" el="144" ec="0" bec="0" bev="0" fileid="2" />
                <SequencePoint vc="0" uspid="108" ordinal="0" offset="26" sl="146" sc="0" el="146" ec="0" bec="0" bev="0" fileid="2" />
                <SequencePoint vc="0" uspid="109" ordinal="0" offset="39" sl="147" sc="0" el="147" ec="0" bec="0" bev="0" fileid="2" />
                <SequencePoint vc="0" uspid="110" ordinal="0" offset="52" sl="149" sc="0" el="149" ec="0" bec="0" bev="0" fileid="2" />
                <SequencePoint vc="0" uspid="111" ordinal="0" offset="67" sl="141" sc="0" el="141" ec="0" bec="0" bev="0" fileid="2" />
                <SequencePoint vc="0" uspid="112" ordinal="0" offset="73" sl="151" sc="0" el="151" ec="0" bec="0" bev="0" fileid="2" />
              </SequencePoints>
              <BranchPoints />
            </Method>
            <Method visited="false" cyclomaticComplexity="0" nPathComplexity="0" sequenceCoverage="0.0" branchCoverage="0" crapScore="0" isConstructor="false" isStatic="false" isGetter="false" isSetter="false">
              <Summary numSequencePoints="3" visitedSequencePoints="0" numBranchPoints="0" visitedBranchPoints="0" sequenceCoverage="0.0" branchCoverage="0" maxCyclomaticComplexity="0" minCyclomaticComplexity="0" maxCrapScore="0" minCrapScore="0" visitedClasses="0" numClasses="0" visitedMethods="0" numMethods="1" />
              <MetadataToken>100663317</MetadataToken>
              <Name>System.Void Outline::OnDestroy()</Name>
              <FileRef uid="2" />
              <SequencePoints>
                <SequencePoint vc="0" uspid="113" ordinal="0" offset="0" sl="156" sc="0" el="156" ec="0" bec="0" bev="0" fileid="2" />
                <SequencePoint vc="0" uspid="114" ordinal="0" offset="11" sl="157" sc="0" el="157" ec="0" bec="0" bev="0" fileid="2" />
                <SequencePoint vc="0" uspid="115" ordinal="0" offset="22" sl="158" sc="0" el="158" ec="0" bec="0" bev="0" fileid="2" />
              </SequencePoints>
              <BranchPoints />
            </Method>
            <Method visited="false" cyclomaticComplexity="0" nPathComplexity="0" sequenceCoverage="0.0" branchCoverage="0" crapScore="0" isConstructor="false" isStatic="false" isGetter="false" isSetter="false">
              <Summary numSequencePoints="9" visitedSequencePoints="0" numBranchPoints="0" visitedBranchPoints="0" sequenceCoverage="0.0" branchCoverage="0" maxCyclomaticComplexity="0" minCyclomaticComplexity="0" maxCrapScore="0" minCrapScore="0" visitedClasses="0" numClasses="0" visitedMethods="0" numMethods="1" />
              <MetadataToken>100663318</MetadataToken>
              <Name>System.Void Outline::Bake()</Name>
              <FileRef uid="2" />
              <SequencePoints>
                <SequencePoint vc="0" uspid="116" ordinal="0" offset="0" sl="163" sc="0" el="163" ec="0" bec="0" bev="0" fileid="2" />
                <SequencePoint vc="0" uspid="117" ordinal="0" offset="6" sl="165" sc="0" el="165" ec="0" bec="0" bev="0" fileid="2" />
                <SequencePoint vc="0" uspid="118" ordinal="0" offset="17" sl="165" sc="0" el="165" ec="0" bec="0" bev="0" fileid="2" />
                <SequencePoint vc="0" uspid="119" ordinal="0" offset="21" sl="168" sc="0" el="168" ec="0" bec="0" bev="0" fileid="2" />
                <SequencePoint vc="0" uspid="120" ordinal="0" offset="35" sl="173" sc="0" el="173" ec="0" bec="0" bev="0" fileid="2" />
                <SequencePoint vc="0" uspid="121" ordinal="0" offset="49" sl="175" sc="0" el="175" ec="0" bec="0" bev="0" fileid="2" />
                <SequencePoint vc="0" uspid="122" ordinal="0" offset="66" sl="176" sc="0" el="176" ec="0" bec="0" bev="0" fileid="2" />
                <SequencePoint vc="0" uspid="123" ordinal="0" offset="94" sl="165" sc="0" el="165" ec="0" bec="0" bev="0" fileid="2" />
                <SequencePoint vc="0" uspid="124" ordinal="0" offset="100" sl="178" sc="0" el="178" ec="0" bec="0" bev="0" fileid="2" />
              </SequencePoints>
              <BranchPoints />
            </Method>
            <Method visited="false" cyclomaticComplexity="0" nPathComplexity="0" sequenceCoverage="0.0" branchCoverage="0" crapScore="0" isConstructor="false" isStatic="false" isGetter="false" isSetter="false">
              <Summary numSequencePoints="17" visitedSequencePoints="0" numBranchPoints="0" visitedBranchPoints="0" sequenceCoverage="0.0" branchCoverage="0" maxCyclomaticComplexity="0" minCyclomaticComplexity="0" maxCrapScore="0" minCrapScore="0" visitedClasses="0" numClasses="0" visitedMethods="0" numMethods="1" />
              <MetadataToken>100663319</MetadataToken>
              <Name>System.Void Outline::LoadSmoothNormals()</Name>
              <FileRef uid="2" />
              <SequencePoints>
                <SequencePoint vc="0" uspid="125" ordinal="0" offset="0" sl="183" sc="0" el="183" ec="0" bec="0" bev="0" fileid="2" />
                <SequencePoint vc="0" uspid="126" ordinal="0" offset="14" sl="183" sc="0" el="183" ec="0" bec="0" bev="0" fileid="2" />
                <SequencePoint vc="0" uspid="127" ordinal="0" offset="18" sl="186" sc="0" el="186" ec="0" bec="0" bev="0" fileid="2" />
                <SequencePoint vc="0" uspid="128" ordinal="0" offset="36" sl="191" sc="0" el="191" ec="0" bec="0" bev="0" fileid="2" />
                <SequencePoint vc="0" uspid="129" ordinal="0" offset="54" sl="192" sc="0" el="192" ec="0" bec="0" bev="0" fileid="2" />
                <SequencePoint vc="0" uspid="130" ordinal="0" offset="91" sl="195" sc="0" el="195" ec="0" bec="0" bev="0" fileid="2" />
                <SequencePoint vc="0" uspid="131" ordinal="0" offset="105" sl="198" sc="0" el="198" ec="0" bec="0" bev="0" fileid="2" />
                <SequencePoint vc="0" uspid="132" ordinal="0" offset="113" sl="200" sc="0" el="200" ec="0" bec="0" bev="0" fileid="2" />
                <SequencePoint vc="0" uspid="133" ordinal="0" offset="123" sl="201" sc="0" el="201" ec="0" bec="0" bev="0" fileid="2" />
                <SequencePoint vc="0" uspid="134" ordinal="0" offset="146" sl="183" sc="0" el="183" ec="0" bec="0" bev="0" fileid="2" />
                <SequencePoint vc="0" uspid="135" ordinal="0" offset="155" sl="206" sc="0" el="206" ec="0" bec="0" bev="0" fileid="2" />
                <SequencePoint vc="0" uspid="136" ordinal="0" offset="167" sl="206" sc="0" el="206" ec="0" bec="0" bev="0" fileid="2" />
                <SequencePoint vc="0" uspid="137" ordinal="0" offset="173" sl="209" sc="0" el="209" ec="0" bec="0" bev="0" fileid="2" />
                <SequencePoint vc="0" uspid="138" ordinal="0" offset="192" sl="214" sc="0" el="214" ec="0" bec="0" bev="0" fileid="2" />
                <SequencePoint vc="0" uspid="139" ordinal="0" offset="221" sl="217" sc="0" el="217" ec="0" bec="0" bev="0" fileid="2" />
                <SequencePoint vc="0" uspid="140" ordinal="0" offset="245" sl="206" sc="0" el="206" ec="0" bec="0" bev="0" fileid="2" />
                <SequencePoint vc="0" uspid="141" ordinal="0" offset="252" sl="219" sc="0" el="219" ec="0" bec="0" bev="0" fileid="2" />
              </SequencePoints>
              <BranchPoints />
            </Method>
            <Method visited="false" cyclomaticComplexity="0" nPathComplexity="0" sequenceCoverage="0.0" branchCoverage="0" crapScore="0" isConstructor="false" isStatic="false" isGetter="false" isSetter="false">
              <Summary numSequencePoints="17" visitedSequencePoints="0" numBranchPoints="0" visitedBranchPoints="0" sequenceCoverage="0.0" branchCoverage="0" maxCyclomaticComplexity="0" minCyclomaticComplexity="0" maxCrapScore="0" minCrapScore="0" visitedClasses="0" numClasses="0" visitedMethods="0" numMethods="1" />
              <MetadataToken>100663320</MetadataToken>
              <Name>System.Collections.Generic.List[Vector3] Outline::SmoothNormals(UnityEngine.Mesh)</Name>
              <FileRef uid="2" />
              <SequencePoints>
                <SequencePoint vc="0" uspid="142" ordinal="0" offset="0" sl="224" sc="0" el="224" ec="0" bec="0" bev="0" fileid="2" />
                <SequencePoint vc="0" uspid="143" ordinal="0" offset="78" sl="227" sc="0" el="227" ec="0" bec="0" bev="0" fileid="2" />
                <SequencePoint vc="0" uspid="144" ordinal="0" offset="90" sl="230" sc="0" el="230" ec="0" bec="0" bev="0" fileid="2" />
                <SequencePoint vc="0" uspid="145" ordinal="0" offset="101" sl="230" sc="0" el="230" ec="0" bec="0" bev="0" fileid="2" />
                <SequencePoint vc="0" uspid="146" ordinal="0" offset="108" sl="233" sc="0" el="233" ec="0" bec="0" bev="0" fileid="2" />
                <SequencePoint vc="0" uspid="147" ordinal="0" offset="120" sl="238" sc="0" el="238" ec="0" bec="0" bev="0" fileid="2" />
                <SequencePoint vc="0" uspid="148" ordinal="0" offset="126" sl="240" sc="0" el="240" ec="0" bec="0" bev="0" fileid="2" />
                <SequencePoint vc="0" uspid="149" ordinal="0" offset="136" sl="240" sc="0" el="240" ec="0" bec="0" bev="0" fileid="2" />
                <SequencePoint vc="0" uspid="150" ordinal="0" offset="145" sl="241" sc="0" el="241" ec="0" bec="0" bev="0" fileid="2" />
                <SequencePoint vc="0" uspid="151" ordinal="0" offset="165" sl="240" sc="0" el="240" ec="0" bec="0" bev="0" fileid="2" />
                <SequencePoint vc="0" uspid="152" ordinal="0" offset="188" sl="244" sc="0" el="244" ec="0" bec="0" bev="0" fileid="2" />
                <SequencePoint vc="0" uspid="153" ordinal="0" offset="195" sl="247" sc="0" el="247" ec="0" bec="0" bev="0" fileid="2" />
                <SequencePoint vc="0" uspid="154" ordinal="0" offset="205" sl="247" sc="0" el="247" ec="0" bec="0" bev="0" fileid="2" />
                <SequencePoint vc="0" uspid="155" ordinal="0" offset="214" sl="248" sc="0" el="248" ec="0" bec="0" bev="0" fileid="2" />
                <SequencePoint vc="0" uspid="156" ordinal="0" offset="228" sl="247" sc="0" el="247" ec="0" bec="0" bev="0" fileid="2" />
                <SequencePoint vc="0" uspid="157" ordinal="0" offset="251" sl="230" sc="0" el="230" ec="0" bec="0" bev="0" fileid="2" />
                <SequencePoint vc="0" uspid="158" ordinal="0" offset="274" sl="252" sc="0" el="252" ec="0" bec="0" bev="0" fileid="2" />
              </SequencePoints>
              <BranchPoints />
            </Method>
            <Method visited="false" cyclomaticComplexity="0" nPathComplexity="0" sequenceCoverage="0.0" branchCoverage="0" crapScore="0" isConstructor="false" isStatic="false" isGetter="false" isSetter="false">
              <Summary numSequencePoints="7" visitedSequencePoints="0" numBranchPoints="0" visitedBranchPoints="0" sequenceCoverage="0.0" branchCoverage="0" maxCyclomaticComplexity="0" minCyclomaticComplexity="0" maxCrapScore="0" minCrapScore="0" visitedClasses="0" numClasses="0" visitedMethods="0" numMethods="1" />
              <MetadataToken>100663321</MetadataToken>
              <Name>System.Void Outline::CombineSubmeshes(UnityEngine.Mesh, UnityEngine.Material[])</Name>
              <FileRef uid="2" />
              <SequencePoints>
                <SequencePoint vc="0" uspid="159" ordinal="0" offset="0" sl="258" sc="0" el="258" ec="0" bec="0" bev="0" fileid="2" />
                <SequencePoint vc="0" uspid="160" ordinal="0" offset="9" sl="259" sc="0" el="259" ec="0" bec="0" bev="0" fileid="2" />
                <SequencePoint vc="0" uspid="161" ordinal="0" offset="10" sl="263" sc="0" el="263" ec="0" bec="0" bev="0" fileid="2" />
                <SequencePoint vc="0" uspid="162" ordinal="0" offset="21" sl="264" sc="0" el="264" ec="0" bec="0" bev="0" fileid="2" />
                <SequencePoint vc="0" uspid="163" ordinal="0" offset="22" sl="268" sc="0" el="268" ec="0" bec="0" bev="0" fileid="2" />
                <SequencePoint vc="0" uspid="164" ordinal="0" offset="38" sl="269" sc="0" el="269" ec="0" bec="0" bev="0" fileid="2" />
                <SequencePoint vc="0" uspid="165" ordinal="0" offset="58" sl="270" sc="0" el="270" ec="0" bec="0" bev="0" fileid="2" />
              </SequencePoints>
              <BranchPoints />
            </Method>
            <Method visited="false" cyclomaticComplexity="0" nPathComplexity="0" sequenceCoverage="0.0" branchCoverage="0" crapScore="0" isConstructor="false" isStatic="false" isGetter="false" isSetter="false">
              <Summary numSequencePoints="22" visitedSequencePoints="0" numBranchPoints="0" visitedBranchPoints="0" sequenceCoverage="0.0" branchCoverage="0" maxCyclomaticComplexity="0" minCyclomaticComplexity="0" maxCrapScore="0" minCrapScore="0" visitedClasses="0" numClasses="0" visitedMethods="0" numMethods="1" />
              <MetadataToken>100663322</MetadataToken>
              <Name>System.Void Outline::UpdateMaterialProperties()</Name>
              <FileRef uid="2" />
              <SequencePoints>
                <SequencePoint vc="0" uspid="166" ordinal="0" offset="0" sl="275" sc="0" el="275" ec="0" bec="0" bev="0" fileid="2" />
                <SequencePoint vc="0" uspid="167" ordinal="0" offset="22" sl="277" sc="0" el="277" ec="0" bec="0" bev="0" fileid="2" />
                <SequencePoint vc="0" uspid="168" ordinal="0" offset="56" sl="279" sc="0" el="279" ec="0" bec="0" bev="0" fileid="2" />
                <SequencePoint vc="0" uspid="169" ordinal="0" offset="77" sl="280" sc="0" el="280" ec="0" bec="0" bev="0" fileid="2" />
                <SequencePoint vc="0" uspid="170" ordinal="0" offset="98" sl="281" sc="0" el="281" ec="0" bec="0" bev="0" fileid="2" />
                <SequencePoint vc="0" uspid="171" ordinal="0" offset="120" sl="282" sc="0" el="282" ec="0" bec="0" bev="0" fileid="2" />
                <SequencePoint vc="0" uspid="172" ordinal="0" offset="121" sl="285" sc="0" el="285" ec="0" bec="0" bev="0" fileid="2" />
                <SequencePoint vc="0" uspid="173" ordinal="0" offset="142" sl="286" sc="0" el="286" ec="0" bec="0" bev="0" fileid="2" />
                <SequencePoint vc="0" uspid="174" ordinal="0" offset="163" sl="287" sc="0" el="287" ec="0" bec="0" bev="0" fileid="2" />
                <SequencePoint vc="0" uspid="175" ordinal="0" offset="185" sl="288" sc="0" el="288" ec="0" bec="0" bev="0" fileid="2" />
                <SequencePoint vc="0" uspid="176" ordinal="0" offset="186" sl="291" sc="0" el="291" ec="0" bec="0" bev="0" fileid="2" />
                <SequencePoint vc="0" uspid="177" ordinal="0" offset="207" sl="292" sc="0" el="292" ec="0" bec="0" bev="0" fileid="2" />
                <SequencePoint vc="0" uspid="178" ordinal="0" offset="228" sl="293" sc="0" el="293" ec="0" bec="0" bev="0" fileid="2" />
                <SequencePoint vc="0" uspid="179" ordinal="0" offset="250" sl="294" sc="0" el="294" ec="0" bec="0" bev="0" fileid="2" />
                <SequencePoint vc="0" uspid="180" ordinal="0" offset="251" sl="297" sc="0" el="297" ec="0" bec="0" bev="0" fileid="2" />
                <SequencePoint vc="0" uspid="181" ordinal="0" offset="272" sl="298" sc="0" el="298" ec="0" bec="0" bev="0" fileid="2" />
                <SequencePoint vc="0" uspid="182" ordinal="0" offset="293" sl="299" sc="0" el="299" ec="0" bec="0" bev="0" fileid="2" />
                <SequencePoint vc="0" uspid="183" ordinal="0" offset="315" sl="300" sc="0" el="300" ec="0" bec="0" bev="0" fileid="2" />
                <SequencePoint vc="0" uspid="184" ordinal="0" offset="316" sl="303" sc="0" el="303" ec="0" bec="0" bev="0" fileid="2" />
                <SequencePoint vc="0" uspid="185" ordinal="0" offset="337" sl="304" sc="0" el="304" ec="0" bec="0" bev="0" fileid="2" />
                <SequencePoint vc="0" uspid="186" ordinal="0" offset="358" sl="305" sc="0" el="305" ec="0" bec="0" bev="0" fileid="2" />
                <SequencePoint vc="0" uspid="187" ordinal="0" offset="379" sl="308" sc="0" el="308" ec="0" bec="0" bev="0" fileid="2" />
              </SequencePoints>
              <BranchPoints />
            </Method>
            <Method visited="false" cyclomaticComplexity="0" nPathComplexity="0" sequenceCoverage="0.0" branchCoverage="0" crapScore="0" isConstructor="true" isStatic="false" isGetter="false" isSetter="false">
              <Summary numSequencePoints="4" visitedSequencePoints="0" numBranchPoints="0" visitedBranchPoints="0" sequenceCoverage="0.0" branchCoverage="0" maxCyclomaticComplexity="0" minCyclomaticComplexity="0" maxCrapScore="0" minCrapScore="0" visitedClasses="0" numClasses="0" visitedMethods="0" numMethods="1" />
              <MetadataToken>100663323</MetadataToken>
              <Name>Outline::Outline()</Name>
              <FileRef uid="2" />
              <SequencePoints>
                <SequencePoint vc="0" uspid="188" ordinal="0" offset="0" sl="60" sc="0" el="60" ec="0" bec="0" bev="0" fileid="2" />
                <SequencePoint vc="0" uspid="189" ordinal="0" offset="11" sl="63" sc="0" el="63" ec="0" bec="0" bev="0" fileid="2" />
                <SequencePoint vc="0" uspid="190" ordinal="0" offset="22" sl="72" sc="0" el="72" ec="0" bec="0" bev="0" fileid="2" />
                <SequencePoint vc="0" uspid="191" ordinal="0" offset="33" sl="75" sc="0" el="75" ec="0" bec="0" bev="0" fileid="2" />
              </SequencePoints>
              <BranchPoints />
            </Method>
            <Method visited="false" cyclomaticComplexity="0" nPathComplexity="0" sequenceCoverage="0.0" branchCoverage="0" crapScore="0" isConstructor="true" isStatic="true" isGetter="false" isSetter="false">
              <Summary numSequencePoints="1" visitedSequencePoints="0" numBranchPoints="0" visitedBranchPoints="0" sequenceCoverage="0.0" branchCoverage="0" maxCyclomaticComplexity="0" minCyclomaticComplexity="0" maxCrapScore="0" minCrapScore="0" visitedClasses="0" numClasses="0" visitedMethods="0" numMethods="1" />
              <MetadataToken>100663324</MetadataToken>
              <Name>static Outline::Outline()</Name>
              <FileRef uid="2" />
              <SequencePoints>
                <SequencePoint vc="0" uspid="192" ordinal="0" offset="0" sl="17" sc="0" el="17" ec="0" bec="0" bev="0" fileid="2" />
              </SequencePoints>
              <BranchPoints />
            </Method>
          </Methods>
        </Class>
        <Class>
          <Summary numSequencePoints="154" visitedSequencePoints="0" numBranchPoints="0" visitedBranchPoints="0" sequenceCoverage="0.0" branchCoverage="0.0" maxCyclomaticComplexity="0" minCyclomaticComplexity="0" maxCrapScore="0" minCrapScore="0" visitedClasses="0" numClasses="1" visitedMethods="0" numMethods="15" />
          <FullName>ProjectsList</FullName>
          <Methods>
            <Method visited="false" cyclomaticComplexity="0" nPathComplexity="0" sequenceCoverage="0.0" branchCoverage="0" crapScore="0" isConstructor="false" isStatic="false" isGetter="false" isSetter="false">
              <Summary numSequencePoints="17" visitedSequencePoints="0" numBranchPoints="0" visitedBranchPoints="0" sequenceCoverage="0.0" branchCoverage="0" maxCyclomaticComplexity="0" minCyclomaticComplexity="0" maxCrapScore="0" minCrapScore="0" visitedClasses="0" numClasses="0" visitedMethods="0" numMethods="1" />
              <MetadataToken>100663325</MetadataToken>
              <Name>System.Void ProjectsList::Start()</Name>
              <FileRef uid="3" />
              <SequencePoints>
                <SequencePoint vc="0" uspid="193" ordinal="0" offset="0" sl="54" sc="0" el="54" ec="0" bec="0" bev="0" fileid="3" />
                <SequencePoint vc="0" uspid="194" ordinal="0" offset="11" sl="56" sc="0" el="56" ec="0" bec="0" bev="0" fileid="3" />
                <SequencePoint vc="0" uspid="195" ordinal="0" offset="25" sl="58" sc="0" el="58" ec="0" bec="0" bev="0" fileid="3" />
                <SequencePoint vc="0" uspid="196" ordinal="0" offset="35" sl="59" sc="0" el="59" ec="0" bec="0" bev="0" fileid="3" />
                <SequencePoint vc="0" uspid="197" ordinal="0" offset="36" sl="63" sc="0" el="63" ec="0" bec="0" bev="0" fileid="3" />
                <SequencePoint vc="0" uspid="198" ordinal="0" offset="53" sl="64" sc="0" el="64" ec="0" bec="0" bev="0" fileid="3" />
                <SequencePoint vc="0" uspid="199" ordinal="0" offset="70" sl="66" sc="0" el="66" ec="0" bec="0" bev="0" fileid="3" />
                <SequencePoint vc="0" uspid="200" ordinal="0" offset="98" sl="67" sc="0" el="67" ec="0" bec="0" bev="0" fileid="3" />
                <SequencePoint vc="0" uspid="201" ordinal="0" offset="110" sl="68" sc="0" el="68" ec="0" bec="0" bev="0" fileid="3" />
                <SequencePoint vc="0" uspid="202" ordinal="0" offset="117" sl="69" sc="0" el="69" ec="0" bec="0" bev="0" fileid="3" />
                <SequencePoint vc="0" uspid="203" ordinal="0" offset="145" sl="70" sc="0" el="70" ec="0" bec="0" bev="0" fileid="3" />
                <SequencePoint vc="0" uspid="204" ordinal="0" offset="173" sl="72" sc="0" el="72" ec="0" bec="0" bev="0" fileid="3" />
                <SequencePoint vc="0" uspid="205" ordinal="0" offset="201" sl="73" sc="0" el="73" ec="0" bec="0" bev="0" fileid="3" />
                <SequencePoint vc="0" uspid="206" ordinal="0" offset="229" sl="75" sc="0" el="75" ec="0" bec="0" bev="0" fileid="3" />
                <SequencePoint vc="0" uspid="207" ordinal="0" offset="253" sl="76" sc="0" el="76" ec="0" bec="0" bev="0" fileid="3" />
                <SequencePoint vc="0" uspid="208" ordinal="0" offset="277" sl="78" sc="0" el="78" ec="0" bec="0" bev="0" fileid="3" />
                <SequencePoint vc="0" uspid="209" ordinal="0" offset="422" sl="92" sc="0" el="92" ec="0" bec="0" bev="0" fileid="3" />
              </SequencePoints>
              <BranchPoints />
            </Method>
            <Method visited="false" cyclomaticComplexity="0" nPathComplexity="0" sequenceCoverage="0.0" branchCoverage="0" crapScore="0" isConstructor="false" isStatic="false" isGetter="false" isSetter="false">
              <Summary numSequencePoints="4" visitedSequencePoints="0" numBranchPoints="0" visitedBranchPoints="0" sequenceCoverage="0.0" branchCoverage="0" maxCyclomaticComplexity="0" minCyclomaticComplexity="0" maxCrapScore="0" minCrapScore="0" visitedClasses="0" numClasses="0" visitedMethods="0" numMethods="1" />
              <MetadataToken>100663326</MetadataToken>
              <Name>System.Void ProjectsList::OnButtonClicked(UnityEngine.UI.Button)</Name>
              <FileRef uid="3" />
              <SequencePoints>
                <SequencePoint vc="0" uspid="210" ordinal="0" offset="0" sl="97" sc="0" el="97" ec="0" bec="0" bev="0" fileid="3" />
                <SequencePoint vc="0" uspid="211" ordinal="0" offset="24" sl="98" sc="0" el="98" ec="0" bec="0" bev="0" fileid="3" />
                <SequencePoint vc="0" uspid="212" ordinal="0" offset="48" sl="101" sc="0" el="101" ec="0" bec="0" bev="0" fileid="3" />
                <SequencePoint vc="0" uspid="213" ordinal="0" offset="67" sl="102" sc="0" el="102" ec="0" bec="0" bev="0" fileid="3" />
              </SequencePoints>
              <BranchPoints />
            </Method>
            <Method visited="false" cyclomaticComplexity="0" nPathComplexity="0" sequenceCoverage="0.0" branchCoverage="0" crapScore="0" isConstructor="false" isStatic="false" isGetter="false" isSetter="false">
              <Summary numSequencePoints="10" visitedSequencePoints="0" numBranchPoints="0" visitedBranchPoints="0" sequenceCoverage="0.0" branchCoverage="0" maxCyclomaticComplexity="0" minCyclomaticComplexity="0" maxCrapScore="0" minCrapScore="0" visitedClasses="0" numClasses="0" visitedMethods="0" numMethods="1" />
              <MetadataToken>100663327</MetadataToken>
              <Name>System.Void ProjectsList::SetButtonColor(UnityEngine.UI.Button, UnityEngine.Color, UnityEngine.Color)</Name>
              <FileRef uid="3" />
              <SequencePoints>
                <SequencePoint vc="0" uspid="214" ordinal="0" offset="0" sl="106" sc="0" el="106" ec="0" bec="0" bev="0" fileid="3" />
                <SequencePoint vc="0" uspid="215" ordinal="0" offset="7" sl="107" sc="0" el="107" ec="0" bec="0" bev="0" fileid="3" />
                <SequencePoint vc="0" uspid="216" ordinal="0" offset="15" sl="108" sc="0" el="108" ec="0" bec="0" bev="0" fileid="3" />
                <SequencePoint vc="0" uspid="217" ordinal="0" offset="23" sl="109" sc="0" el="109" ec="0" bec="0" bev="0" fileid="3" />
                <SequencePoint vc="0" uspid="218" ordinal="0" offset="31" sl="110" sc="0" el="110" ec="0" bec="0" bev="0" fileid="3" />
                <SequencePoint vc="0" uspid="219" ordinal="0" offset="39" sl="111" sc="0" el="111" ec="0" bec="0" bev="0" fileid="3" />
                <SequencePoint vc="0" uspid="220" ordinal="0" offset="46" sl="113" sc="0" el="113" ec="0" bec="0" bev="0" fileid="3" />
                <SequencePoint vc="0" uspid="221" ordinal="0" offset="53" sl="114" sc="0" el="114" ec="0" bec="0" bev="0" fileid="3" />
                <SequencePoint vc="0" uspid="222" ordinal="0" offset="62" sl="116" sc="0" el="116" ec="0" bec="0" bev="0" fileid="3" />
                <SequencePoint vc="0" uspid="223" ordinal="0" offset="69" sl="118" sc="0" el="118" ec="0" bec="0" bev="0" fileid="3" />
              </SequencePoints>
              <BranchPoints />
            </Method>
            <Method visited="false" cyclomaticComplexity="0" nPathComplexity="0" sequenceCoverage="0.0" branchCoverage="0" crapScore="0" isConstructor="false" isStatic="false" isGetter="false" isSetter="false">
              <Summary numSequencePoints="5" visitedSequencePoints="0" numBranchPoints="0" visitedBranchPoints="0" sequenceCoverage="0.0" branchCoverage="0" maxCyclomaticComplexity="0" minCyclomaticComplexity="0" maxCrapScore="0" minCrapScore="0" visitedClasses="0" numClasses="0" visitedMethods="0" numMethods="1" />
              <MetadataToken>100663331</MetadataToken>
              <Name>System.Void ProjectsList::ClearButtons()</Name>
              <FileRef uid="3" />
              <SequencePoints>
                <SequencePoint vc="0" uspid="224" ordinal="0" offset="0" sl="190" sc="0" el="190" ec="0" bec="0" bev="0" fileid="3" />
                <SequencePoint vc="0" uspid="225" ordinal="0" offset="14" sl="190" sc="0" el="190" ec="0" bec="0" bev="0" fileid="3" />
                <SequencePoint vc="0" uspid="226" ordinal="0" offset="25" sl="192" sc="0" el="192" ec="0" bec="0" bev="0" fileid="3" />
                <SequencePoint vc="0" uspid="227" ordinal="0" offset="36" sl="190" sc="0" el="190" ec="0" bec="0" bev="0" fileid="3" />
                <SequencePoint vc="0" uspid="228" ordinal="0" offset="63" sl="194" sc="0" el="194" ec="0" bec="0" bev="0" fileid="3" />
              </SequencePoints>
              <BranchPoints />
            </Method>
            <Method visited="false" cyclomaticComplexity="0" nPathComplexity="0" sequenceCoverage="0.0" branchCoverage="0" crapScore="0" isConstructor="false" isStatic="false" isGetter="false" isSetter="false">
              <Summary numSequencePoints="7" visitedSequencePoints="0" numBranchPoints="0" visitedBranchPoints="0" sequenceCoverage="0.0" branchCoverage="0" maxCyclomaticComplexity="0" minCyclomaticComplexity="0" maxCrapScore="0" minCrapScore="0" visitedClasses="0" numClasses="0" visitedMethods="0" numMethods="1" />
              <MetadataToken>100663334</MetadataToken>
              <Name>System.Boolean ProjectsList::existGameObjectCar(System.String)</Name>
              <FileRef uid="3" />
              <SequencePoints>
                <SequencePoint vc="0" uspid="229" ordinal="0" offset="0" sl="280" sc="0" el="280" ec="0" bec="0" bev="0" fileid="3" />
                <SequencePoint vc="0" uspid="230" ordinal="0" offset="14" sl="280" sc="0" el="280" ec="0" bec="0" bev="0" fileid="3" />
                <SequencePoint vc="0" uspid="231" ordinal="0" offset="21" sl="282" sc="0" el="282" ec="0" bec="0" bev="0" fileid="3" />
                <SequencePoint vc="0" uspid="232" ordinal="0" offset="34" sl="284" sc="0" el="284" ec="0" bec="0" bev="0" fileid="3" />
                <SequencePoint vc="0" uspid="233" ordinal="0" offset="38" sl="280" sc="0" el="280" ec="0" bec="0" bev="0" fileid="3" />
                <SequencePoint vc="0" uspid="234" ordinal="0" offset="63" sl="287" sc="0" el="287" ec="0" bec="0" bev="0" fileid="3" />
                <SequencePoint vc="0" uspid="235" ordinal="0" offset="65" sl="288" sc="0" el="288" ec="0" bec="0" bev="0" fileid="3" />
              </SequencePoints>
              <BranchPoints />
            </Method>
            <Method visited="false" cyclomaticComplexity="0" nPathComplexity="0" sequenceCoverage="0.0" branchCoverage="0" crapScore="0" isConstructor="false" isStatic="false" isGetter="false" isSetter="false">
              <Summary numSequencePoints="10" visitedSequencePoints="0" numBranchPoints="0" visitedBranchPoints="0" sequenceCoverage="0.0" branchCoverage="0" maxCyclomaticComplexity="0" minCyclomaticComplexity="0" maxCrapScore="0" minCrapScore="0" visitedClasses="0" numClasses="0" visitedMethods="0" numMethods="1" />
              <MetadataToken>100663336</MetadataToken>
              <Name>System.Void ProjectsList::DestroyCars()</Name>
              <FileRef uid="3" />
              <SequencePoints>
                <SequencePoint vc="0" uspid="236" ordinal="0" offset="0" sl="307" sc="0" el="307" ec="0" bec="0" bev="0" fileid="3" />
                <SequencePoint vc="0" uspid="237" ordinal="0" offset="16" sl="309" sc="0" el="309" ec="0" bec="0" bev="0" fileid="3" />
                <SequencePoint vc="0" uspid="238" ordinal="0" offset="29" sl="310" sc="0" el="310" ec="0" bec="0" bev="0" fileid="3" />
                <SequencePoint vc="0" uspid="239" ordinal="0" offset="38" sl="312" sc="0" el="312" ec="0" bec="0" bev="0" fileid="3" />
                <SequencePoint vc="0" uspid="240" ordinal="0" offset="45" sl="313" sc="0" el="313" ec="0" bec="0" bev="0" fileid="3" />
                <SequencePoint vc="0" uspid="241" ordinal="0" offset="51" sl="315" sc="0" el="315" ec="0" bec="0" bev="0" fileid="3" />
                <SequencePoint vc="0" uspid="242" ordinal="0" offset="63" sl="307" sc="0" el="307" ec="0" bec="0" bev="0" fileid="3" />
                <SequencePoint vc="0" uspid="243" ordinal="0" offset="67" sl="307" sc="0" el="307" ec="0" bec="0" bev="0" fileid="3" />
                <SequencePoint vc="0" uspid="244" ordinal="0" offset="71" sl="317" sc="0" el="317" ec="0" bec="0" bev="0" fileid="3" />
                <SequencePoint vc="0" uspid="245" ordinal="0" offset="82" sl="318" sc="0" el="318" ec="0" bec="0" bev="0" fileid="3" />
              </SequencePoints>
              <BranchPoints />
            </Method>
            <Method visited="false" cyclomaticComplexity="0" nPathComplexity="0" sequenceCoverage="0.0" branchCoverage="0" crapScore="0" isConstructor="false" isStatic="false" isGetter="false" isSetter="false">
              <Summary numSequencePoints="21" visitedSequencePoints="0" numBranchPoints="0" visitedBranchPoints="0" sequenceCoverage="0.0" branchCoverage="0" maxCyclomaticComplexity="0" minCyclomaticComplexity="0" maxCrapScore="0" minCrapScore="0" visitedClasses="0" numClasses="0" visitedMethods="0" numMethods="1" />
              <MetadataToken>100663339</MetadataToken>
              <Name>System.Boolean ProjectsList::ShouldRotateCar(UnityEngine.Vector3, UnityEngine.Bounds, System.Collections.Generic.List[VerticesCoordinates])</Name>
              <FileRef uid="3" />
              <SequencePoints>
                <SequencePoint vc="0" uspid="246" ordinal="0" offset="0" sl="410" sc="0" el="410" ec="0" bec="0" bev="0" fileid="3" />
                <SequencePoint vc="0" uspid="247" ordinal="0" offset="22" sl="411" sc="0" el="411" ec="0" bec="0" bev="0" fileid="3" />
                <SequencePoint vc="0" uspid="248" ordinal="0" offset="44" sl="414" sc="0" el="414" ec="0" bec="0" bev="0" fileid="3" />
                <SequencePoint vc="0" uspid="249" ordinal="0" offset="57" sl="414" sc="0" el="414" ec="0" bec="0" bev="0" fileid="3" />
                <SequencePoint vc="0" uspid="250" ordinal="0" offset="66" sl="416" sc="0" el="416" ec="0" bec="0" bev="0" fileid="3" />
                <SequencePoint vc="0" uspid="251" ordinal="0" offset="98" sl="417" sc="0" el="417" ec="0" bec="0" bev="0" fileid="3" />
                <SequencePoint vc="0" uspid="252" ordinal="0" offset="123" sl="418" sc="0" el="418" ec="0" bec="0" bev="0" fileid="3" />
                <SequencePoint vc="0" uspid="253" ordinal="0" offset="148" sl="419" sc="0" el="419" ec="0" bec="0" bev="0" fileid="3" />
                <SequencePoint vc="0" uspid="254" ordinal="0" offset="173" sl="420" sc="0" el="420" ec="0" bec="0" bev="0" fileid="3" />
                <SequencePoint vc="0" uspid="255" ordinal="0" offset="198" sl="414" sc="0" el="414" ec="0" bec="0" bev="0" fileid="3" />
                <SequencePoint vc="0" uspid="256" ordinal="0" offset="226" sl="424" sc="0" el="424" ec="0" bec="0" bev="0" fileid="3" />
                <SequencePoint vc="0" uspid="257" ordinal="0" offset="240" sl="425" sc="0" el="425" ec="0" bec="0" bev="0" fileid="3" />
                <SequencePoint vc="0" uspid="258" ordinal="0" offset="254" sl="428" sc="0" el="428" ec="0" bec="0" bev="0" fileid="3" />
                <SequencePoint vc="0" uspid="259" ordinal="0" offset="268" sl="429" sc="0" el="429" ec="0" bec="0" bev="0" fileid="3" />
                <SequencePoint vc="0" uspid="260" ordinal="0" offset="282" sl="431" sc="0" el="431" ec="0" bec="0" bev="0" fileid="3" />
                <SequencePoint vc="0" uspid="261" ordinal="0" offset="304" sl="432" sc="0" el="432" ec="0" bec="0" bev="0" fileid="3" />
                <SequencePoint vc="0" uspid="262" ordinal="0" offset="326" sl="435" sc="0" el="435" ec="0" bec="0" bev="0" fileid="3" />
                <SequencePoint vc="0" uspid="263" ordinal="0" offset="328" sl="436" sc="0" el="436" ec="0" bec="0" bev="0" fileid="3" />
                <SequencePoint vc="0" uspid="264" ordinal="0" offset="332" sl="439" sc="0" el="439" ec="0" bec="0" bev="0" fileid="3" />
                <SequencePoint vc="0" uspid="265" ordinal="0" offset="350" sl="442" sc="0" el="442" ec="0" bec="0" bev="0" fileid="3" />
                <SequencePoint vc="0" uspid="266" ordinal="0" offset="364" sl="445" sc="0" el="445" ec="0" bec="0" bev="0" fileid="3" />
              </SequencePoints>
              <BranchPoints />
            </Method>
            <Method visited="false" cyclomaticComplexity="0" nPathComplexity="0" sequenceCoverage="0.0" branchCoverage="0" crapScore="0" isConstructor="false" isStatic="false" isGetter="false" isSetter="false">
              <Summary numSequencePoints="33" visitedSequencePoints="0" numBranchPoints="0" visitedBranchPoints="0" sequenceCoverage="0.0" branchCoverage="0" maxCyclomaticComplexity="0" minCyclomaticComplexity="0" maxCrapScore="0" minCrapScore="0" visitedClasses="0" numClasses="0" visitedMethods="0" numMethods="1" />
              <MetadataToken>100663340</MetadataToken>
              <Name>UnityEngine.GameObject ProjectsList::InstantiateRandomCarInSlot(UnityEngine.GameObject, UnityEngine.Vector3, System.Collections.Generic.List[VerticesCoordinates], System.Single, System.Single, System.String)</Name>
              <FileRef uid="3" />
              <SequencePoints>
                <SequencePoint vc="0" uspid="267" ordinal="0" offset="0" sl="452" sc="0" el="452" ec="0" bec="0" bev="0" fileid="3" />
                <SequencePoint vc="0" uspid="268" ordinal="0" offset="23" sl="454" sc="0" el="454" ec="0" bec="0" bev="0" fileid="3" />
                <SequencePoint vc="0" uspid="269" ordinal="0" offset="42" sl="458" sc="0" el="458" ec="0" bec="0" bev="0" fileid="3" />
                <SequencePoint vc="0" uspid="270" ordinal="0" offset="74" sl="462" sc="0" el="462" ec="0" bec="0" bev="0" fileid="3" />
                <SequencePoint vc="0" uspid="271" ordinal="0" offset="96" sl="463" sc="0" el="463" ec="0" bec="0" bev="0" fileid="3" />
                <SequencePoint vc="0" uspid="272" ordinal="0" offset="118" sl="465" sc="0" el="465" ec="0" bec="0" bev="0" fileid="3" />
                <SequencePoint vc="0" uspid="273" ordinal="0" offset="124" sl="468" sc="0" el="468" ec="0" bec="0" bev="0" fileid="3" />
                <SequencePoint vc="0" uspid="274" ordinal="0" offset="137" sl="468" sc="0" el="468" ec="0" bec="0" bev="0" fileid="3" />
                <SequencePoint vc="0" uspid="275" ordinal="0" offset="146" sl="470" sc="0" el="470" ec="0" bec="0" bev="0" fileid="3" />
                <SequencePoint vc="0" uspid="276" ordinal="0" offset="178" sl="471" sc="0" el="471" ec="0" bec="0" bev="0" fileid="3" />
                <SequencePoint vc="0" uspid="277" ordinal="0" offset="186" sl="473" sc="0" el="473" ec="0" bec="0" bev="0" fileid="3" />
                <SequencePoint vc="0" uspid="278" ordinal="0" offset="211" sl="474" sc="0" el="474" ec="0" bec="0" bev="0" fileid="3" />
                <SequencePoint vc="0" uspid="279" ordinal="0" offset="236" sl="475" sc="0" el="475" ec="0" bec="0" bev="0" fileid="3" />
                <SequencePoint vc="0" uspid="280" ordinal="0" offset="261" sl="476" sc="0" el="476" ec="0" bec="0" bev="0" fileid="3" />
                <SequencePoint vc="0" uspid="281" ordinal="0" offset="286" sl="468" sc="0" el="468" ec="0" bec="0" bev="0" fileid="3" />
                <SequencePoint vc="0" uspid="282" ordinal="0" offset="314" sl="480" sc="0" el="480" ec="0" bec="0" bev="0" fileid="3" />
                <SequencePoint vc="0" uspid="283" ordinal="0" offset="324" sl="481" sc="0" el="481" ec="0" bec="0" bev="0" fileid="3" />
                <SequencePoint vc="0" uspid="284" ordinal="0" offset="334" sl="484" sc="0" el="484" ec="0" bec="0" bev="0" fileid="3" />
                <SequencePoint vc="0" uspid="285" ordinal="0" offset="337" sl="485" sc="0" el="485" ec="0" bec="0" bev="0" fileid="3" />
                <SequencePoint vc="0" uspid="286" ordinal="0" offset="341" sl="486" sc="0" el="486" ec="0" bec="0" bev="0" fileid="3" />
                <SequencePoint vc="0" uspid="287" ordinal="0" offset="344" sl="491" sc="0" el="491" ec="0" bec="0" bev="0" fileid="3" />
                <SequencePoint vc="0" uspid="288" ordinal="0" offset="369" sl="492" sc="0" el="492" ec="0" bec="0" bev="0" fileid="3" />
                <SequencePoint vc="0" uspid="289" ordinal="0" offset="394" sl="494" sc="0" el="494" ec="0" bec="0" bev="0" fileid="3" />
                <SequencePoint vc="0" uspid="290" ordinal="0" offset="410" sl="497" sc="0" el="497" ec="0" bec="0" bev="0" fileid="3" />
                <SequencePoint vc="0" uspid="291" ordinal="0" offset="425" sl="499" sc="0" el="499" ec="0" bec="0" bev="0" fileid="3" />
                <SequencePoint vc="0" uspid="292" ordinal="0" offset="431" sl="501" sc="0" el="501" ec="0" bec="0" bev="0" fileid="3" />
                <SequencePoint vc="0" uspid="293" ordinal="0" offset="441" sl="503" sc="0" el="503" ec="0" bec="0" bev="0" fileid="3" />
                <SequencePoint vc="0" uspid="294" ordinal="0" offset="445" sl="506" sc="0" el="506" ec="0" bec="0" bev="0" fileid="3" />
                <SequencePoint vc="0" uspid="295" ordinal="0" offset="458" sl="509" sc="0" el="509" ec="0" bec="0" bev="0" fileid="3" />
                <SequencePoint vc="0" uspid="296" ordinal="0" offset="473" sl="511" sc="0" el="511" ec="0" bec="0" bev="0" fileid="3" />
                <SequencePoint vc="0" uspid="297" ordinal="0" offset="491" sl="514" sc="0" el="514" ec="0" bec="0" bev="0" fileid="3" />
                <SequencePoint vc="0" uspid="298" ordinal="0" offset="513" sl="518" sc="0" el="518" ec="0" bec="0" bev="0" fileid="3" />
                <SequencePoint vc="0" uspid="299" ordinal="0" offset="523" sl="521" sc="0" el="521" ec="0" bec="0" bev="0" fileid="3" />
              </SequencePoints>
              <BranchPoints />
            </Method>
            <Method visited="false" cyclomaticComplexity="0" nPathComplexity="0" sequenceCoverage="0.0" branchCoverage="0" crapScore="0" isConstructor="false" isStatic="false" isGetter="false" isSetter="false">
              <Summary numSequencePoints="9" visitedSequencePoints="0" numBranchPoints="0" visitedBranchPoints="0" sequenceCoverage="0.0" branchCoverage="0" maxCyclomaticComplexity="0" minCyclomaticComplexity="0" maxCrapScore="0" minCrapScore="0" visitedClasses="0" numClasses="0" visitedMethods="0" numMethods="1" />
              <MetadataToken>100663341</MetadataToken>
              <Name>System.Boolean ProjectsList::IsPositionOccupied(UnityEngine.Vector3, System.String)</Name>
              <FileRef uid="3" />
              <SequencePoints>
                <SequencePoint vc="0" uspid="300" ordinal="0" offset="0" sl="526" sc="0" el="526" ec="0" bec="0" bev="0" fileid="3" />
                <SequencePoint vc="0" uspid="301" ordinal="0" offset="14" sl="526" sc="0" el="526" ec="0" bec="0" bev="0" fileid="3" />
                <SequencePoint vc="0" uspid="302" ordinal="0" offset="16" sl="528" sc="0" el="528" ec="0" bec="0" bev="0" fileid="3" />
                <SequencePoint vc="0" uspid="303" ordinal="0" offset="36" sl="528" sc="0" el="528" ec="0" bec="0" bev="0" fileid="3" />
                <SequencePoint vc="0" uspid="304" ordinal="0" offset="44" sl="530" sc="0" el="530" ec="0" bec="0" bev="0" fileid="3" />
                <SequencePoint vc="0" uspid="305" ordinal="0" offset="59" sl="532" sc="0" el="532" ec="0" bec="0" bev="0" fileid="3" />
                <SequencePoint vc="0" uspid="306" ordinal="0" offset="63" sl="528" sc="0" el="528" ec="0" bec="0" bev="0" fileid="3" />
                <SequencePoint vc="0" uspid="307" ordinal="0" offset="88" sl="536" sc="0" el="536" ec="0" bec="0" bev="0" fileid="3" />
                <SequencePoint vc="0" uspid="308" ordinal="0" offset="90" sl="537" sc="0" el="537" ec="0" bec="0" bev="0" fileid="3" />
              </SequencePoints>
              <BranchPoints />
            </Method>
            <Method visited="false" cyclomaticComplexity="0" nPathComplexity="0" sequenceCoverage="0.0" branchCoverage="0" crapScore="0" isConstructor="false" isStatic="false" isGetter="false" isSetter="false">
              <Summary numSequencePoints="1" visitedSequencePoints="0" numBranchPoints="0" visitedBranchPoints="0" sequenceCoverage="0.0" branchCoverage="0" maxCyclomaticComplexity="0" minCyclomaticComplexity="0" maxCrapScore="0" minCrapScore="0" visitedClasses="0" numClasses="0" visitedMethods="0" numMethods="1" />
              <MetadataToken>100663350</MetadataToken>
              <Name>System.Collections.Generic.List[GameObject] ProjectsList::GetGameObjectsCar()</Name>
              <FileRef uid="3" />
              <SequencePoints>
                <SequencePoint vc="0" uspid="309" ordinal="0" offset="0" sl="682" sc="0" el="682" ec="0" bec="0" bev="0" fileid="3" />
              </SequencePoints>
              <BranchPoints />
            </Method>
            <Method visited="false" cyclomaticComplexity="0" nPathComplexity="0" sequenceCoverage="0.0" branchCoverage="0" crapScore="0" isConstructor="false" isStatic="false" isGetter="false" isSetter="false">
[...]
          <FullName>Tests.APITestPM/&lt;GetTaskByIdAsync_AfterLogin_ReturnsValidData&gt;d__12</FullName>
          <Methods>
            <Method visited="false" cyclomaticComplexity="0" nPathComplexity="0" sequenceCoverage="0.0" branchCoverage="0" crapScore="0" isConstructor="false" isStatic="false" isGetter="false" isSetter="false">
              <Summary numSequencePoints="10" visitedSequencePoints="0" numBranchPoints="0" visitedBranchPoints="0" sequenceCoverage="0.0" branchCoverage="0" maxCyclomaticComplexity="0" minCyclomaticComplexity="0" maxCrapScore="0" minCrapScore="0" visitedClasses="0" numClasses="0" visitedMethods="0" numMethods="1" />
              <MetadataToken>100663372</MetadataToken>
              <Name>System.Boolean Tests.APITestPM/&lt;GetTaskByIdAsync_AfterLogin_ReturnsValidData&gt;d__12::MoveNext()</Name>
              <FileRef uid="39" />
              <SequencePoints>
                <SequencePoint vc="0" uspid="3512" ordinal="0" offset="52" sl="299" sc="0" el="299" ec="0" bec="0" bev="0" fileid="39" />
                <SequencePoint vc="0" uspid="3513" ordinal="0" offset="80" sl="301" sc="0" el="301" ec="0" bec="0" bev="0" fileid="39" />
                <SequencePoint vc="0" uspid="3514" ordinal="0" offset="92" sl="302" sc="0" el="302" ec="0" bec="0" bev="0" fileid="39" />
                <SequencePoint vc="0" uspid="3515" ordinal="0" offset="104" sl="310" sc="0" el="310" ec="0" bec="0" bev="0" fileid="39" />
                <SequencePoint vc="0" uspid="3516" ordinal="0" offset="132" sl="311" sc="0" el="311" ec="0" bec="0" bev="0" fileid="39" />
                <SequencePoint vc="0" uspid="3517" ordinal="0" offset="149" sl="312" sc="0" el="312" ec="0" bec="0" bev="0" fileid="39" />
                <SequencePoint vc="0" uspid="3518" ordinal="0" offset="193" sl="313" sc="0" el="313" ec="0" bec="0" bev="0" fileid="39" />
                <SequencePoint vc="0" uspid="3519" ordinal="0" offset="221" sl="315" sc="0" el="315" ec="0" bec="0" bev="0" fileid="39" />
                <SequencePoint vc="0" uspid="3520" ordinal="0" offset="237" sl="316" sc="0" el="316" ec="0" bec="0" bev="0" fileid="39" />
                <SequencePoint vc="0" uspid="3521" ordinal="0" offset="253" sl="317" sc="0" el="317" ec="0" bec="0" bev="0" fileid="39" />
              </SequencePoints>
              <BranchPoints />
            </Method>
          </Methods>
        </Class>
        <Class>
          <Summary numSequencePoints="23" visitedSequencePoints="0" numBranchPoints="0" visitedBranchPoints="0" sequenceCoverage="0.0" branchCoverage="0.0" maxCyclomaticComplexity="0" minCyclomaticComplexity="0" maxCrapScore="0" minCrapScore="0" visitedClasses="0" numClasses="1" visitedMethods="0" numMethods="1" />
          <FullName>Tests.APITestPM/&lt;GetVirtualMapLocation_WithValidId_ShouldReturnLocation&gt;d__7</FullName>
          <Methods>
            <Method visited="false" cyclomaticComplexity="0" nPathComplexity="0" sequenceCoverage="0.0" branchCoverage="0" crapScore="0" isConstructor="false" isStatic="false" isGetter="false" isSetter="false">
              <Summary numSequencePoints="23" visitedSequencePoints="0" numBranchPoints="0" visitedBranchPoints="0" sequenceCoverage="0.0" branchCoverage="0" maxCyclomaticComplexity="0" minCyclomaticComplexity="0" maxCrapScore="0" minCrapScore="0" visitedClasses="0" numClasses="0" visitedMethods="0" numMethods="1" />
              <MetadataToken>100663378</MetadataToken>
              <Name>System.Boolean Tests.APITestPM/&lt;GetVirtualMapLocation_WithValidId_ShouldReturnLocation&gt;d__7::MoveNext()</Name>
              <FileRef uid="39" />
              <SequencePoints>
                <SequencePoint vc="0" uspid="3522" ordinal="0" offset="52" sl="150" sc="0" el="150" ec="0" bec="0" bev="0" fileid="39" />
                <SequencePoint vc="0" uspid="3523" ordinal="0" offset="58" sl="151" sc="0" el="151" ec="0" bec="0" bev="0" fileid="39" />
                <SequencePoint vc="0" uspid="3524" ordinal="0" offset="64" sl="152" sc="0" el="152" ec="0" bec="0" bev="0" fileid="39" />
                <SequencePoint vc="0" uspid="3525" ordinal="0" offset="75" sl="154" sc="0" el="154" ec="0" bec="0" bev="0" fileid="39" />
                <SequencePoint vc="0" uspid="3526" ordinal="0" offset="87" sl="155" sc="0" el="155" ec="0" bec="0" bev="0" fileid="39" />
                <SequencePoint vc="0" uspid="3527" ordinal="0" offset="99" sl="156" sc="0" el="156" ec="0" bec="0" bev="0" fileid="39" />
                <SequencePoint vc="0" uspid="3528" ordinal="0" offset="111" sl="157" sc="0" el="157" ec="0" bec="0" bev="0" fileid="39" />
                <SequencePoint vc="0" uspid="3529" ordinal="0" offset="127" sl="158" sc="0" el="158" ec="0" bec="0" bev="0" fileid="39" />
                <SequencePoint vc="0" uspid="3530" ordinal="0" offset="143" sl="173" sc="0" el="173" ec="0" bec="0" bev="0" fileid="39" />
                <SequencePoint vc="0" uspid="3531" ordinal="0" offset="171" sl="174" sc="0" el="174" ec="0" bec="0" bev="0" fileid="39" />
                <SequencePoint vc="0" uspid="3532" ordinal="0" offset="199" sl="175" sc="0" el="175" ec="0" bec="0" bev="0" fileid="39" />
                <SequencePoint vc="0" uspid="3533" ordinal="0" offset="213" sl="177" sc="0" el="177" ec="0" bec="0" bev="0" fileid="39" />
                <SequencePoint vc="0" uspid="3534" ordinal="0" offset="257" sl="178" sc="0" el="178" ec="0" bec="0" bev="0" fileid="39" />
                <SequencePoint vc="0" uspid="3535" ordinal="0" offset="285" sl="179" sc="0" el="179" ec="0" bec="0" bev="0" fileid="39" />
                <SequencePoint vc="0" uspid="3536" ordinal="0" offset="313" sl="181" sc="0" el="181" ec="0" bec="0" bev="0" fileid="39" />
                <SequencePoint vc="0" uspid="3537" ordinal="0" offset="339" sl="184" sc="0" el="184" ec="0" bec="0" bev="0" fileid="39" />
                <SequencePoint vc="0" uspid="3538" ordinal="0" offset="355" sl="191" sc="0" el="191" ec="0" bec="0" bev="0" fileid="39" />
                <SequencePoint vc="0" uspid="3539" ordinal="0" offset="383" sl="192" sc="0" el="192" ec="0" bec="0" bev="0" fileid="39" />
                <SequencePoint vc="0" uspid="3540" ordinal="0" offset="401" sl="194" sc="0" el="194" ec="0" bec="0" bev="0" fileid="39" />
                <SequencePoint vc="0" uspid="3541" ordinal="0" offset="445" sl="195" sc="0" el="195" ec="0" bec="0" bev="0" fileid="39" />
                <SequencePoint vc="0" uspid="3542" ordinal="0" offset="473" sl="197" sc="0" el="197" ec="0" bec="0" bev="0" fileid="39" />
                <SequencePoint vc="0" uspid="3543" ordinal="0" offset="499" sl="198" sc="0" el="198" ec="0" bec="0" bev="0" fileid="39" />
                <SequencePoint vc="0" uspid="3544" ordinal="0" offset="515" sl="199" sc="0" el="199" ec="0" bec="0" bev="0" fileid="39" />
              </SequencePoints>
              <BranchPoints />
            </Method>
          </Methods>
        </Class>
        <Class>
          <Summary numSequencePoints="10" visitedSequencePoints="0" numBranchPoints="0" visitedBranchPoints="0" sequenceCoverage="0.0" branchCoverage="0.0" maxCyclomaticComplexity="0" minCyclomaticComplexity="0" maxCrapScore="0" minCrapScore="0" visitedClasses="0" numClasses="1" visitedMethods="0" numMethods="1" />
          <FullName>Tests.APITestPM/&lt;GetVirtualMapLocationsAsync_AfterLogin_ReturnsValidData&gt;d__9</FullName>
          <Methods>
            <Method visited="false" cyclomaticComplexity="0" nPathComplexity="0" sequenceCoverage="0.0" branchCoverage="0" crapScore="0" isConstructor="false" isStatic="false" isGetter="false" isSetter="false">
              <Summary numSequencePoints="10" visitedSequencePoints="0" numBranchPoints="0" visitedBranchPoints="0" sequenceCoverage="0.0" branchCoverage="0" maxCyclomaticComplexity="0" minCyclomaticComplexity="0" maxCrapScore="0" minCrapScore="0" visitedClasses="0" numClasses="0" visitedMethods="0" numMethods="1" />
              <MetadataToken>100663384</MetadataToken>
              <Name>System.Boolean Tests.APITestPM/&lt;GetVirtualMapLocationsAsync_AfterLogin_ReturnsValidData&gt;d__9::MoveNext()</Name>
              <FileRef uid="39" />
              <SequencePoints>
                <SequencePoint vc="0" uspid="3545" ordinal="0" offset="52" sl="228" sc="0" el="228" ec="0" bec="0" bev="0" fileid="39" />
                <SequencePoint vc="0" uspid="3546" ordinal="0" offset="80" sl="230" sc="0" el="230" ec="0" bec="0" bev="0" fileid="39" />
                <SequencePoint vc="0" uspid="3547" ordinal="0" offset="92" sl="231" sc="0" el="231" ec="0" bec="0" bev="0" fileid="39" />
                <SequencePoint vc="0" uspid="3548" ordinal="0" offset="104" sl="239" sc="0" el="239" ec="0" bec="0" bev="0" fileid="39" />
                <SequencePoint vc="0" uspid="3549" ordinal="0" offset="132" sl="240" sc="0" el="240" ec="0" bec="0" bev="0" fileid="39" />
                <SequencePoint vc="0" uspid="3550" ordinal="0" offset="144" sl="241" sc="0" el="241" ec="0" bec="0" bev="0" fileid="39" />
                <SequencePoint vc="0" uspid="3551" ordinal="0" offset="188" sl="242" sc="0" el="242" ec="0" bec="0" bev="0" fileid="39" />
                <SequencePoint vc="0" uspid="3552" ordinal="0" offset="216" sl="244" sc="0" el="244" ec="0" bec="0" bev="0" fileid="39" />
                <SequencePoint vc="0" uspid="3553" ordinal="0" offset="232" sl="245" sc="0" el="245" ec="0" bec="0" bev="0" fileid="39" />
                <SequencePoint vc="0" uspid="3554" ordinal="0" offset="248" sl="246" sc="0" el="246" ec="0" bec="0" bev="0" fileid="39" />
              </SequencePoints>
              <BranchPoints />
            </Method>
          </Methods>
        </Class>
        <Class>
          <Summary numSequencePoints="11" visitedSequencePoints="0" numBranchPoints="0" visitedBranchPoints="0" sequenceCoverage="0.0" branchCoverage="0.0" maxCyclomaticComplexity="0" minCyclomaticComplexity="0" maxCrapScore="0" minCrapScore="0" visitedClasses="0" numClasses="1" visitedMethods="0" numMethods="1" />
          <FullName>Tests.APITestPM/&lt;Login&gt;d__4</FullName>
          <Methods>
            <Method visited="false" cyclomaticComplexity="0" nPathComplexity="0" sequenceCoverage="0.0" branchCoverage="0" crapScore="0" isConstructor="false" isStatic="false" isGetter="false" isSetter="false">
              <Summary numSequencePoints="11" visitedSequencePoints="0" numBranchPoints="0" visitedBranchPoints="0" sequenceCoverage="0.0" branchCoverage="0" maxCyclomaticComplexity="0" minCyclomaticComplexity="0" maxCrapScore="0" minCrapScore="0" visitedClasses="0" numClasses="0" visitedMethods="0" numMethods="1" />
              <MetadataToken>100663390</MetadataToken>
              <Name>System.Boolean Tests.APITestPM/&lt;Login&gt;d__4::MoveNext()</Name>
              <FileRef uid="39" />
              <SequencePoints>
                <SequencePoint vc="0" uspid="3555" ordinal="0" offset="44" sl="33" sc="0" el="33" ec="0" bec="0" bev="0" fileid="39" />
                <SequencePoint vc="0" uspid="3556" ordinal="0" offset="50" sl="34" sc="0" el="34" ec="0" bec="0" bev="0" fileid="39" />
                <SequencePoint vc="0" uspid="3557" ordinal="0" offset="56" sl="35" sc="0" el="35" ec="0" bec="0" bev="0" fileid="39" />
                <SequencePoint vc="0" uspid="3558" ordinal="0" offset="68" sl="46" sc="0" el="46" ec="0" bec="0" bev="0" fileid="39" />
                <SequencePoint vc="0" uspid="3559" ordinal="0" offset="96" sl="47" sc="0" el="47" ec="0" bec="0" bev="0" fileid="39" />
                <SequencePoint vc="0" uspid="3560" ordinal="0" offset="124" sl="48" sc="0" el="48" ec="0" bec="0" bev="0" fileid="39" />
                <SequencePoint vc="0" uspid="3561" ordinal="0" offset="138" sl="49" sc="0" el="49" ec="0" bec="0" bev="0" fileid="39" />
                <SequencePoint vc="0" uspid="3562" ordinal="0" offset="182" sl="50" sc="0" el="50" ec="0" bec="0" bev="0" fileid="39" />
                <SequencePoint vc="0" uspid="3563" ordinal="0" offset="210" sl="51" sc="0" el="51" ec="0" bec="0" bev="0" fileid="39" />
                <SequencePoint vc="0" uspid="3564" ordinal="0" offset="238" sl="52" sc="0" el="52" ec="0" bec="0" bev="0" fileid="39" />
                <SequencePoint vc="0" uspid="3565" ordinal="0" offset="254" sl="53" sc="0" el="53" ec="0" bec="0" bev="0" fileid="39" />
              </SequencePoints>
              <BranchPoints />
            </Method>
          </Methods>
        </Class>
        <Class>
          <Summary numSequencePoints="13" visitedSequencePoints="0" numBranchPoints="0" visitedBranchPoints="0" sequenceCoverage="0.0" branchCoverage="0.0" maxCyclomaticComplexity="0" minCyclomaticComplexity="0" maxCrapScore="0" minCrapScore="0" visitedClasses="0" numClasses="1" visitedMethods="0" numMethods="1" />
          <FullName>Tests.APITestPM/&lt;Login_WithValidCredentials_ShouldSetSecurityToken&gt;d__5</FullName>
          <Methods>
            <Method visited="false" cyclomaticComplexity="0" nPathComplexity="0" sequenceCoverage="0.0" branchCoverage="0" crapScore="0" isConstructor="false" isStatic="false" isGetter="false" isSetter="false">
              <Summary numSequencePoints="13" visitedSequencePoints="0" numBranchPoints="0" visitedBranchPoints="0" sequenceCoverage="0.0" branchCoverage="0" maxCyclomaticComplexity="0" minCyclomaticComplexity="0" maxCrapScore="0" minCrapScore="0" visitedClasses="0" numClasses="0" visitedMethods="0" numMethods="1" />
              <MetadataToken>100663396</MetadataToken>
              <Name>System.Boolean Tests.APITestPM/&lt;Login_WithValidCredentials_ShouldSetSecurityToken&gt;d__5::MoveNext()</Name>
              <FileRef uid="39" />
              <SequencePoints>
                <SequencePoint vc="0" uspid="3566" ordinal="0" offset="44" sl="58" sc="0" el="58" ec="0" bec="0" bev="0" fileid="39" />
                <SequencePoint vc="0" uspid="3567" ordinal="0" offset="50" sl="59" sc="0" el="59" ec="0" bec="0" bev="0" fileid="39" />
                <SequencePoint vc="0" uspid="3568" ordinal="0" offset="56" sl="60" sc="0" el="60" ec="0" bec="0" bev="0" fileid="39" />
                <SequencePoint vc="0" uspid="3569" ordinal="0" offset="68" sl="61" sc="0" el="61" ec="0" bec="0" bev="0" fileid="39" />
                <SequencePoint vc="0" uspid="3570" ordinal="0" offset="80" sl="77" sc="0" el="77" ec="0" bec="0" bev="0" fileid="39" />
                <SequencePoint vc="0" uspid="3571" ordinal="0" offset="108" sl="78" sc="0" el="78" ec="0" bec="0" bev="0" fileid="39" />
                <SequencePoint vc="0" uspid="3572" ordinal="0" offset="136" sl="80" sc="0" el="80" ec="0" bec="0" bev="0" fileid="39" />
                <SequencePoint vc="0" uspid="3573" ordinal="0" offset="150" sl="83" sc="0" el="83" ec="0" bec="0" bev="0" fileid="39" />
                <SequencePoint vc="0" uspid="3574" ordinal="0" offset="194" sl="85" sc="0" el="85" ec="0" bec="0" bev="0" fileid="39" />
                <SequencePoint vc="0" uspid="3575" ordinal="0" offset="222" sl="86" sc="0" el="86" ec="0" bec="0" bev="0" fileid="39" />
                <SequencePoint vc="0" uspid="3576" ordinal="0" offset="250" sl="88" sc="0" el="88" ec="0" bec="0" bev="0" fileid="39" />
                <SequencePoint vc="0" uspid="3577" ordinal="0" offset="266" sl="89" sc="0" el="89" ec="0" bec="0" bev="0" fileid="39" />
                <SequencePoint vc="0" uspid="3578" ordinal="0" offset="282" sl="90" sc="0" el="90" ec="0" bec="0" bev="0" fileid="39" />
              </SequencePoints>
              <BranchPoints />
            </Method>
          </Methods>
        </Class>
        <Class>
          <Summary numSequencePoints="4" visitedSequencePoints="0" numBranchPoints="0" visitedBranchPoints="0" sequenceCoverage="0.0" branchCoverage="0.0" maxCyclomaticComplexity="0" minCyclomaticComplexity="0" maxCrapScore="0" minCrapScore="0" visitedClasses="0" numClasses="1" visitedMethods="0" numMethods="1" />
          <FullName>Tests.APITestPM/&lt;&gt;c__DisplayClass5_0/&lt;&lt;Login_WithValidCredentials_ShouldSetSecurityToken&gt;g__OnFailure|1&gt;d</FullName>
          <Methods>
            <Method visited="false" cyclomaticComplexity="0" nPathComplexity="0" sequenceCoverage="0.0" branchCoverage="0" crapScore="0" isConstructor="false" isStatic="false" isGetter="false" isSetter="false">
              <Summary numSequencePoints="4" visitedSequencePoints="0" numBranchPoints="0" visitedBranchPoints="0" sequenceCoverage="0.0" branchCoverage="0" maxCyclomaticComplexity="0" minCyclomaticComplexity="0" maxCrapScore="0" minCrapScore="0" visitedClasses="0" numClasses="0" visitedMethods="0" numMethods="1" />
              <MetadataToken>100663400</MetadataToken>
              <Name>System.Void Tests.APITestPM/&lt;&gt;c__DisplayClass5_0/&lt;&lt;Login_WithValidCredentials_ShouldSetSecurityToken&gt;g__OnFailure|1&gt;d::MoveNext()</Name>
              <FileRef uid="39" />
              <SequencePoints>
                <SequencePoint vc="0" uspid="3579" ordinal="0" offset="17" sl="72" sc="0" el="72" ec="0" bec="0" bev="0" fileid="39" />
                <SequencePoint vc="0" uspid="3580" ordinal="0" offset="24" sl="73" sc="0" el="73" ec="0" bec="0" bev="0" fileid="39" />
                <SequencePoint vc="0" uspid="3581" ordinal="0" offset="31" sl="74" sc="0" el="74" ec="0" bec="0" bev="0" fileid="39" />
                <SequencePoint vc="0" uspid="3582" ordinal="0" offset="143" sl="75" sc="0" el="75" ec="0" bec="0" bev="0" fileid="39" />
              </SequencePoints>
              <BranchPoints />
            </Method>
          </Methods>
        </Class>
        <Class>
          <Summary numSequencePoints="4" visitedSequencePoints="0" numBranchPoints="0" visitedBranchPoints="0" sequenceCoverage="0.0" branchCoverage="0.0" maxCyclomaticComplexity="0" minCyclomaticComplexity="0" maxCrapScore="0" minCrapScore="0" visitedClasses="0" numClasses="1" visitedMethods="0" numMethods="1" />
          <FullName>Tests.APITestPM/&lt;&gt;c__DisplayClass5_0/&lt;&lt;Login_WithValidCredentials_ShouldSetSecurityToken&gt;g__OnSuccess|0&gt;d</FullName>
          <Methods>
            <Method visited="false" cyclomaticComplexity="0" nPathComplexity="0" sequenceCoverage="0.0" branchCoverage="0" crapScore="0" isConstructor="false" isStatic="false" isGetter="false" isSetter="false">
              <Summary numSequencePoints="4" visitedSequencePoints="0" numBranchPoints="0" visitedBranchPoints="0" sequenceCoverage="0.0" branchCoverage="0" maxCyclomaticComplexity="0" minCyclomaticComplexity="0" maxCrapScore="0" minCrapScore="0" visitedClasses="0" numClasses="0" visitedMethods="0" numMethods="1" />
              <MetadataToken>100663402</MetadataToken>
              <Name>System.Void Tests.APITestPM/&lt;&gt;c__DisplayClass5_0/&lt;&lt;Login_WithValidCredentials_ShouldSetSecurityToken&gt;g__OnSuccess|0&gt;d::MoveNext()</Name>
              <FileRef uid="39" />
              <SequencePoints>
                <SequencePoint vc="0" uspid="3583" ordinal="0" offset="17" sl="65" sc="0" el="65" ec="0" bec="0" bev="0" fileid="39" />
                <SequencePoint vc="0" uspid="3584" ordinal="0" offset="24" sl="66" sc="0" el="66" ec="0" bec="0" bev="0" fileid="39" />
                <SequencePoint vc="0" uspid="3585" ordinal="0" offset="31" sl="67" sc="0" el="67" ec="0" bec="0" bev="0" fileid="39" />
                <SequencePoint vc="0" uspid="3586" ordinal="0" offset="143" sl="68" sc="0" el="68" ec="0" bec="0" bev="0" fileid="39" />
              </SequencePoints>
              <BranchPoints />
            </Method>
          </Methods>
        </Class>
      </Classes>
    </Module>
  </Modules>
</CoverageSession>